Determining if the pthread_create exist failed with the following output:
Change Dir: /home/rhaye/41_MSLD/51_ALF-3.1/template/dWHAMdV_mso/CMakeFiles/CMakeTmp

Run Build Command:"/usr/bin/gmake" "cmTC_71ea0/fast"
/usr/bin/gmake -f CMakeFiles/cmTC_71ea0.dir/build.make CMakeFiles/cmTC_71ea0.dir/build
gmake[1]: Entering directory `/home/rhaye/41_MSLD/51_ALF-3.1/template/dWHAMdV_mso/CMakeFiles/CMakeTmp'
Building C object CMakeFiles/cmTC_71ea0.dir/CheckSymbolExists.c.o
/export/apps/CentOS7/gcc/6.4.0/bin/gcc   -fPIC    -o CMakeFiles/cmTC_71ea0.dir/CheckSymbolExists.c.o   -c /home/rhaye/41_MSLD/51_ALF-3.1/template/dWHAMdV_mso/CMakeFiles/CMakeTmp/CheckSymbolExists.c
Linking C executable cmTC_71ea0
/export/apps/CentOS7/cmake/3.13/bin/cmake -E cmake_link_script CMakeFiles/cmTC_71ea0.dir/link.txt --verbose=1
/export/apps/CentOS7/gcc/6.4.0/bin/gcc -fPIC     -rdynamic CMakeFiles/cmTC_71ea0.dir/CheckSymbolExists.c.o  -o cmTC_71ea0 
CMakeFiles/cmTC_71ea0.dir/CheckSymbolExists.c.o: In function `main':
CheckSymbolExists.c:(.text+0x1b): undefined reference to `pthread_create'
collect2: error: ld returned 1 exit status
gmake[1]: *** [cmTC_71ea0] Error 1
gmake[1]: Leaving directory `/home/rhaye/41_MSLD/51_ALF-3.1/template/dWHAMdV_mso/CMakeFiles/CMakeTmp'
gmake: *** [cmTC_71ea0/fast] Error 2

File /home/rhaye/41_MSLD/51_ALF-3.1/template/dWHAMdV_mso/CMakeFiles/CMakeTmp/CheckSymbolExists.c:
/* */
#include <pthread.h>

int main(int argc, char** argv)
{
  (void)argv;
#ifndef pthread_create
  return ((int*)(&pthread_create))[argc];
#else
  (void)argc;
  return 0;
#endif
}

Determining if the function pthread_create exists in the pthreads failed with the following output:
Change Dir: /home/rhaye/41_MSLD/51_ALF-3.1/template/dWHAMdV_mso/CMakeFiles/CMakeTmp

Run Build Command:"/usr/bin/gmake" "cmTC_666d7/fast"
/usr/bin/gmake -f CMakeFiles/cmTC_666d7.dir/build.make CMakeFiles/cmTC_666d7.dir/build
gmake[1]: Entering directory `/home/rhaye/41_MSLD/51_ALF-3.1/template/dWHAMdV_mso/CMakeFiles/CMakeTmp'
Building C object CMakeFiles/cmTC_666d7.dir/CheckFunctionExists.c.o
/export/apps/CentOS7/gcc/6.4.0/bin/gcc   -fPIC -DCHECK_FUNCTION_EXISTS=pthread_create   -o CMakeFiles/cmTC_666d7.dir/CheckFunctionExists.c.o   -c /export/apps/CentOS7/cmake/3.13/share/cmake-3.13/Modules/CheckFunctionExists.c
Linking C executable cmTC_666d7
/export/apps/CentOS7/cmake/3.13/bin/cmake -E cmake_link_script CMakeFiles/cmTC_666d7.dir/link.txt --verbose=1
/export/apps/CentOS7/gcc/6.4.0/bin/gcc -fPIC -DCHECK_FUNCTION_EXISTS=pthread_create    -rdynamic CMakeFiles/cmTC_666d7.dir/CheckFunctionExists.c.o  -o cmTC_666d7 -lpthreads 
/usr/bin/ld: cannot find -lpthreads
collect2: error: ld returned 1 exit status
gmake[1]: *** [cmTC_666d7] Error 1
gmake[1]: Leaving directory `/home/rhaye/41_MSLD/51_ALF-3.1/template/dWHAMdV_mso/CMakeFiles/CMakeTmp'
gmake: *** [cmTC_666d7/fast] Error 2


