The system is: Linux - 3.10.0-957.21.2.el7.x86_64 - x86_64
Compiling the C compiler identification source file "CMakeCCompilerId.c" succeeded.
Compiler: /export/apps/CentOS7/gcc/6.4.0/bin/gcc 
Build flags: 
Id flags:  

The output was:
0


Compilation of the C compiler identification source "CMakeCCompilerId.c" produced "a.out"

The C compiler identification is GNU, found in "/home/rhaye/55_RNaseH/3_BLaDE/2_ec2wc/run_folded/1_ec2wc/template_dca_20200307/PLM/CMakeFiles/3.13.0-rc1/CompilerIdC/a.out"

Compiling the CXX compiler identification source file "CMakeCXXCompilerId.cpp" succeeded.
Compiler: /export/apps/CentOS7/gcc/6.4.0/bin/g++ 
Build flags: 
Id flags:  

The output was:
0


Compilation of the CXX compiler identification source "CMakeCXXCompilerId.cpp" produced "a.out"

The CXX compiler identification is GNU, found in "/home/rhaye/55_RNaseH/3_BLaDE/2_ec2wc/run_folded/1_ec2wc/template_dca_20200307/PLM/CMakeFiles/3.13.0-rc1/CompilerIdCXX/a.out"

Determining if the C compiler works passed with the following output:
Change Dir: /home/rhaye/55_RNaseH/3_BLaDE/2_ec2wc/run_folded/1_ec2wc/template_dca_20200307/PLM/CMakeFiles/CMakeTmp

Run Build Command:"/usr/bin/gmake" "cmTC_ee0cc/fast"
/usr/bin/gmake -f CMakeFiles/cmTC_ee0cc.dir/build.make CMakeFiles/cmTC_ee0cc.dir/build
gmake[1]: Entering directory `/home/rhaye/55_RNaseH/3_BLaDE/2_ec2wc/run_folded/1_ec2wc/template_dca_20200307/PLM/CMakeFiles/CMakeTmp'
Building C object CMakeFiles/cmTC_ee0cc.dir/testCCompiler.c.o
/export/apps/CentOS7/gcc/6.4.0/bin/gcc    -o CMakeFiles/cmTC_ee0cc.dir/testCCompiler.c.o   -c /home/rhaye/55_RNaseH/3_BLaDE/2_ec2wc/run_folded/1_ec2wc/template_dca_20200307/PLM/CMakeFiles/CMakeTmp/testCCompiler.c
Linking C executable cmTC_ee0cc
/export/apps/CentOS7/cmake/3.13/bin/cmake -E cmake_link_script CMakeFiles/cmTC_ee0cc.dir/link.txt --verbose=1
/export/apps/CentOS7/gcc/6.4.0/bin/gcc      -rdynamic CMakeFiles/cmTC_ee0cc.dir/testCCompiler.c.o  -o cmTC_ee0cc 
gmake[1]: Leaving directory `/home/rhaye/55_RNaseH/3_BLaDE/2_ec2wc/run_folded/1_ec2wc/template_dca_20200307/PLM/CMakeFiles/CMakeTmp'


Detecting C compiler ABI info compiled with the following output:
Change Dir: /home/rhaye/55_RNaseH/3_BLaDE/2_ec2wc/run_folded/1_ec2wc/template_dca_20200307/PLM/CMakeFiles/CMakeTmp

Run Build Command:"/usr/bin/gmake" "cmTC_747be/fast"
/usr/bin/gmake -f CMakeFiles/cmTC_747be.dir/build.make CMakeFiles/cmTC_747be.dir/build
gmake[1]: Entering directory `/home/rhaye/55_RNaseH/3_BLaDE/2_ec2wc/run_folded/1_ec2wc/template_dca_20200307/PLM/CMakeFiles/CMakeTmp'
Building C object CMakeFiles/cmTC_747be.dir/CMakeCCompilerABI.c.o
/export/apps/CentOS7/gcc/6.4.0/bin/gcc    -o CMakeFiles/cmTC_747be.dir/CMakeCCompilerABI.c.o   -c /export/apps/CentOS7/cmake/3.13/share/cmake-3.13/Modules/CMakeCCompilerABI.c
Linking C executable cmTC_747be
/export/apps/CentOS7/cmake/3.13/bin/cmake -E cmake_link_script CMakeFiles/cmTC_747be.dir/link.txt --verbose=1
/export/apps/CentOS7/gcc/6.4.0/bin/gcc     -v -rdynamic CMakeFiles/cmTC_747be.dir/CMakeCCompilerABI.c.o  -o cmTC_747be 
Using built-in specs.
COLLECT_GCC=/export/apps/CentOS7/gcc/6.4.0/bin/gcc
COLLECT_LTO_WRAPPER=/export/apps/CentOS7/gcc/6.4.0/libexec/gcc/x86_64-redhat-linux/6.4.0/lto-wrapper
Target: x86_64-redhat-linux
Configured with: ../gcc_6_4_0_release/configure --prefix=/export/apps/CentOS7/gcc/6.4.0 --enable-languages=c,c++,fortran --enable-bootstrap --enable-shared --enable-threads=posix --with-system-zlib --enable-__cxa_atexit --disable-libunwind-exceptions --enable-gnu-unique-object --enable-linker-build-id --with-linker-hash-style=gnu --enable-plugin --enable-initfini-array -enable-gnu-indirect-function --with-arch_32=x86-64 --build=x86_64-redhat-linux
Thread model: posix
gcc version 6.4.0 (GCC) 
COMPILER_PATH=/export/apps/CentOS7/gcc/6.4.0/libexec/gcc/x86_64-redhat-linux/6.4.0/:/export/apps/CentOS7/gcc/6.4.0/libexec/gcc/x86_64-redhat-linux/6.4.0/:/export/apps/CentOS7/gcc/6.4.0/libexec/gcc/x86_64-redhat-linux/:/export/apps/CentOS7/gcc/6.4.0/lib/gcc/x86_64-redhat-linux/6.4.0/:/export/apps/CentOS7/gcc/6.4.0/lib/gcc/x86_64-redhat-linux/
LIBRARY_PATH=/export/apps/CentOS7/gcc/6.4.0/lib/gcc/x86_64-redhat-linux/6.4.0/:/export/apps/CentOS7/gcc/6.4.0/lib/gcc/x86_64-redhat-linux/6.4.0/../../../../lib64/:/lib/../lib64/:/usr/lib/../lib64/:/export/apps/CentOS7/gcc/6.4.0/lib/gcc/x86_64-redhat-linux/6.4.0/../../../:/lib/:/usr/lib/
COLLECT_GCC_OPTIONS='-v' '-rdynamic' '-o' 'cmTC_747be' '-mtune=generic' '-march=x86-64'
 /export/apps/CentOS7/gcc/6.4.0/libexec/gcc/x86_64-redhat-linux/6.4.0/collect2 -plugin /export/apps/CentOS7/gcc/6.4.0/libexec/gcc/x86_64-redhat-linux/6.4.0/liblto_plugin.so -plugin-opt=/export/apps/CentOS7/gcc/6.4.0/libexec/gcc/x86_64-redhat-linux/6.4.0/lto-wrapper -plugin-opt=-fresolution=/tmp/ccxMMseR.res -plugin-opt=-pass-through=-lgcc -plugin-opt=-pass-through=-lgcc_s -plugin-opt=-pass-through=-lc -plugin-opt=-pass-through=-lgcc -plugin-opt=-pass-through=-lgcc_s --build-id --eh-frame-hdr --hash-style=gnu -m elf_x86_64 -export-dynamic -dynamic-linker /lib64/ld-linux-x86-64.so.2 -o cmTC_747be /lib/../lib64/crt1.o /lib/../lib64/crti.o /export/apps/CentOS7/gcc/6.4.0/lib/gcc/x86_64-redhat-linux/6.4.0/crtbegin.o -L/export/apps/CentOS7/gcc/6.4.0/lib/gcc/x86_64-redhat-linux/6.4.0 -L/export/apps/CentOS7/gcc/6.4.0/lib/gcc/x86_64-redhat-linux/6.4.0/../../../../lib64 -L/lib/../lib64 -L/usr/lib/../lib64 -L/export/apps/CentOS7/gcc/6.4.0/lib/gcc/x86_64-redhat-linux/6.4.0/../../.. CMakeFiles/cmTC_747be.dir/CMakeCCompilerABI.c.o -lgcc --as-needed -lgcc_s --no-as-needed -lc -lgcc --as-needed -lgcc_s --no-as-needed /export/apps/CentOS7/gcc/6.4.0/lib/gcc/x86_64-redhat-linux/6.4.0/crtend.o /lib/../lib64/crtn.o
COLLECT_GCC_OPTIONS='-v' '-rdynamic' '-o' 'cmTC_747be' '-mtune=generic' '-march=x86-64'
gmake[1]: Leaving directory `/home/rhaye/55_RNaseH/3_BLaDE/2_ec2wc/run_folded/1_ec2wc/template_dca_20200307/PLM/CMakeFiles/CMakeTmp'


Parsed C implicit link information from above output:
  link line regex: [^( *|.*[/\])(ld|CMAKE_LINK_STARTFILE-NOTFOUND|([^/\]+-)?ld|collect2)[^/\]*( |$)]
  ignore line: [Change Dir: /home/rhaye/55_RNaseH/3_BLaDE/2_ec2wc/run_folded/1_ec2wc/template_dca_20200307/PLM/CMakeFiles/CMakeTmp]
  ignore line: []
  ignore line: [Run Build Command:"/usr/bin/gmake" "cmTC_747be/fast"]
  ignore line: [/usr/bin/gmake -f CMakeFiles/cmTC_747be.dir/build.make CMakeFiles/cmTC_747be.dir/build]
  ignore line: [gmake[1]: Entering directory `/home/rhaye/55_RNaseH/3_BLaDE/2_ec2wc/run_folded/1_ec2wc/template_dca_20200307/PLM/CMakeFiles/CMakeTmp']
  ignore line: [Building C object CMakeFiles/cmTC_747be.dir/CMakeCCompilerABI.c.o]
  ignore line: [/export/apps/CentOS7/gcc/6.4.0/bin/gcc    -o CMakeFiles/cmTC_747be.dir/CMakeCCompilerABI.c.o   -c /export/apps/CentOS7/cmake/3.13/share/cmake-3.13/Modules/CMakeCCompilerABI.c]
  ignore line: [Linking C executable cmTC_747be]
  ignore line: [/export/apps/CentOS7/cmake/3.13/bin/cmake -E cmake_link_script CMakeFiles/cmTC_747be.dir/link.txt --verbose=1]
  ignore line: [/export/apps/CentOS7/gcc/6.4.0/bin/gcc     -v -rdynamic CMakeFiles/cmTC_747be.dir/CMakeCCompilerABI.c.o  -o cmTC_747be ]
  ignore line: [Using built-in specs.]
  ignore line: [COLLECT_GCC=/export/apps/CentOS7/gcc/6.4.0/bin/gcc]
  ignore line: [COLLECT_LTO_WRAPPER=/export/apps/CentOS7/gcc/6.4.0/libexec/gcc/x86_64-redhat-linux/6.4.0/lto-wrapper]
  ignore line: [Target: x86_64-redhat-linux]
  ignore line: [Configured with: ../gcc_6_4_0_release/configure --prefix=/export/apps/CentOS7/gcc/6.4.0 --enable-languages=c,c++,fortran --enable-bootstrap --enable-shared --enable-threads=posix --with-system-zlib --enable-__cxa_atexit --disable-libunwind-exceptions --enable-gnu-unique-object --enable-linker-build-id --with-linker-hash-style=gnu --enable-plugin --enable-initfini-array -enable-gnu-indirect-function --with-arch_32=x86-64 --build=x86_64-redhat-linux]
  ignore line: [Thread model: posix]
  ignore line: [gcc version 6.4.0 (GCC) ]
  ignore line: [COMPILER_PATH=/export/apps/CentOS7/gcc/6.4.0/libexec/gcc/x86_64-redhat-linux/6.4.0/:/export/apps/CentOS7/gcc/6.4.0/libexec/gcc/x86_64-redhat-linux/6.4.0/:/export/apps/CentOS7/gcc/6.4.0/libexec/gcc/x86_64-redhat-linux/:/export/apps/CentOS7/gcc/6.4.0/lib/gcc/x86_64-redhat-linux/6.4.0/:/export/apps/CentOS7/gcc/6.4.0/lib/gcc/x86_64-redhat-linux/]
  ignore line: [LIBRARY_PATH=/export/apps/CentOS7/gcc/6.4.0/lib/gcc/x86_64-redhat-linux/6.4.0/:/export/apps/CentOS7/gcc/6.4.0/lib/gcc/x86_64-redhat-linux/6.4.0/../../../../lib64/:/lib/../lib64/:/usr/lib/../lib64/:/export/apps/CentOS7/gcc/6.4.0/lib/gcc/x86_64-redhat-linux/6.4.0/../../../:/lib/:/usr/lib/]
  ignore line: [COLLECT_GCC_OPTIONS='-v' '-rdynamic' '-o' 'cmTC_747be' '-mtune=generic' '-march=x86-64']
  link line: [ /export/apps/CentOS7/gcc/6.4.0/libexec/gcc/x86_64-redhat-linux/6.4.0/collect2 -plugin /export/apps/CentOS7/gcc/6.4.0/libexec/gcc/x86_64-redhat-linux/6.4.0/liblto_plugin.so -plugin-opt=/export/apps/CentOS7/gcc/6.4.0/libexec/gcc/x86_64-redhat-linux/6.4.0/lto-wrapper -plugin-opt=-fresolution=/tmp/ccxMMseR.res -plugin-opt=-pass-through=-lgcc -plugin-opt=-pass-through=-lgcc_s -plugin-opt=-pass-through=-lc -plugin-opt=-pass-through=-lgcc -plugin-opt=-pass-through=-lgcc_s --build-id --eh-frame-hdr --hash-style=gnu -m elf_x86_64 -export-dynamic -dynamic-linker /lib64/ld-linux-x86-64.so.2 -o cmTC_747be /lib/../lib64/crt1.o /lib/../lib64/crti.o /export/apps/CentOS7/gcc/6.4.0/lib/gcc/x86_64-redhat-linux/6.4.0/crtbegin.o -L/export/apps/CentOS7/gcc/6.4.0/lib/gcc/x86_64-redhat-linux/6.4.0 -L/export/apps/CentOS7/gcc/6.4.0/lib/gcc/x86_64-redhat-linux/6.4.0/../../../../lib64 -L/lib/../lib64 -L/usr/lib/../lib64 -L/export/apps/CentOS7/gcc/6.4.0/lib/gcc/x86_64-redhat-linux/6.4.0/../../.. CMakeFiles/cmTC_747be.dir/CMakeCCompilerABI.c.o -lgcc --as-needed -lgcc_s --no-as-needed -lc -lgcc --as-needed -lgcc_s --no-as-needed /export/apps/CentOS7/gcc/6.4.0/lib/gcc/x86_64-redhat-linux/6.4.0/crtend.o /lib/../lib64/crtn.o]
    arg [/export/apps/CentOS7/gcc/6.4.0/libexec/gcc/x86_64-redhat-linux/6.4.0/collect2] ==> ignore
    arg [-plugin] ==> ignore
    arg [/export/apps/CentOS7/gcc/6.4.0/libexec/gcc/x86_64-redhat-linux/6.4.0/liblto_plugin.so] ==> ignore
    arg [-plugin-opt=/export/apps/CentOS7/gcc/6.4.0/libexec/gcc/x86_64-redhat-linux/6.4.0/lto-wrapper] ==> ignore
    arg [-plugin-opt=-fresolution=/tmp/ccxMMseR.res] ==> ignore
    arg [-plugin-opt=-pass-through=-lgcc] ==> ignore
    arg [-plugin-opt=-pass-through=-lgcc_s] ==> ignore
    arg [-plugin-opt=-pass-through=-lc] ==> ignore
    arg [-plugin-opt=-pass-through=-lgcc] ==> ignore
    arg [-plugin-opt=-pass-through=-lgcc_s] ==> ignore
    arg [--build-id] ==> ignore
    arg [--eh-frame-hdr] ==> ignore
    arg [--hash-style=gnu] ==> ignore
    arg [-m] ==> ignore
    arg [elf_x86_64] ==> ignore
    arg [-export-dynamic] ==> ignore
    arg [-dynamic-linker] ==> ignore
    arg [/lib64/ld-linux-x86-64.so.2] ==> ignore
    arg [-o] ==> ignore
    arg [cmTC_747be] ==> ignore
    arg [/lib/../lib64/crt1.o] ==> ignore
    arg [/lib/../lib64/crti.o] ==> ignore
    arg [/export/apps/CentOS7/gcc/6.4.0/lib/gcc/x86_64-redhat-linux/6.4.0/crtbegin.o] ==> ignore
    arg [-L/export/apps/CentOS7/gcc/6.4.0/lib/gcc/x86_64-redhat-linux/6.4.0] ==> dir [/export/apps/CentOS7/gcc/6.4.0/lib/gcc/x86_64-redhat-linux/6.4.0]
    arg [-L/export/apps/CentOS7/gcc/6.4.0/lib/gcc/x86_64-redhat-linux/6.4.0/../../../../lib64] ==> dir [/export/apps/CentOS7/gcc/6.4.0/lib/gcc/x86_64-redhat-linux/6.4.0/../../../../lib64]
    arg [-L/lib/../lib64] ==> dir [/lib/../lib64]
    arg [-L/usr/lib/../lib64] ==> dir [/usr/lib/../lib64]
    arg [-L/export/apps/CentOS7/gcc/6.4.0/lib/gcc/x86_64-redhat-linux/6.4.0/../../..] ==> dir [/export/apps/CentOS7/gcc/6.4.0/lib/gcc/x86_64-redhat-linux/6.4.0/../../..]
    arg [CMakeFiles/cmTC_747be.dir/CMakeCCompilerABI.c.o] ==> ignore
    arg [-lgcc] ==> lib [gcc]
    arg [--as-needed] ==> ignore
    arg [-lgcc_s] ==> lib [gcc_s]
    arg [--no-as-needed] ==> ignore
    arg [-lc] ==> lib [c]
    arg [-lgcc] ==> lib [gcc]
    arg [--as-needed] ==> ignore
    arg [-lgcc_s] ==> lib [gcc_s]
    arg [--no-as-needed] ==> ignore
    arg [/export/apps/CentOS7/gcc/6.4.0/lib/gcc/x86_64-redhat-linux/6.4.0/crtend.o] ==> ignore
    arg [/lib/../lib64/crtn.o] ==> ignore
  collapse library dir [/export/apps/CentOS7/gcc/6.4.0/lib/gcc/x86_64-redhat-linux/6.4.0] ==> [/export/apps/CentOS7/gcc/6.4.0/lib/gcc/x86_64-redhat-linux/6.4.0]
  collapse library dir [/export/apps/CentOS7/gcc/6.4.0/lib/gcc/x86_64-redhat-linux/6.4.0/../../../../lib64] ==> [/export/apps/CentOS7/gcc/6.4.0/lib64]
  collapse library dir [/lib/../lib64] ==> [/lib64]
  collapse library dir [/usr/lib/../lib64] ==> [/usr/lib64]
  collapse library dir [/export/apps/CentOS7/gcc/6.4.0/lib/gcc/x86_64-redhat-linux/6.4.0/../../..] ==> [/export/apps/CentOS7/gcc/6.4.0/lib]
  implicit libs: [gcc;gcc_s;c;gcc;gcc_s]
  implicit dirs: [/export/apps/CentOS7/gcc/6.4.0/lib/gcc/x86_64-redhat-linux/6.4.0;/export/apps/CentOS7/gcc/6.4.0/lib64;/lib64;/usr/lib64;/export/apps/CentOS7/gcc/6.4.0/lib]
  implicit fwks: []




Detecting C [-std=c11] compiler features compiled with the following output:
Change Dir: /home/rhaye/55_RNaseH/3_BLaDE/2_ec2wc/run_folded/1_ec2wc/template_dca_20200307/PLM/CMakeFiles/CMakeTmp

Run Build Command:"/usr/bin/gmake" "cmTC_3c618/fast"
/usr/bin/gmake -f CMakeFiles/cmTC_3c618.dir/build.make CMakeFiles/cmTC_3c618.dir/build
gmake[1]: Entering directory `/home/rhaye/55_RNaseH/3_BLaDE/2_ec2wc/run_folded/1_ec2wc/template_dca_20200307/PLM/CMakeFiles/CMakeTmp'
Building C object CMakeFiles/cmTC_3c618.dir/feature_tests.c.o
/export/apps/CentOS7/gcc/6.4.0/bin/gcc   -std=c11 -o CMakeFiles/cmTC_3c618.dir/feature_tests.c.o   -c /home/rhaye/55_RNaseH/3_BLaDE/2_ec2wc/run_folded/1_ec2wc/template_dca_20200307/PLM/CMakeFiles/feature_tests.c
Linking C executable cmTC_3c618
/export/apps/CentOS7/cmake/3.13/bin/cmake -E cmake_link_script CMakeFiles/cmTC_3c618.dir/link.txt --verbose=1
/export/apps/CentOS7/gcc/6.4.0/bin/gcc      -rdynamic CMakeFiles/cmTC_3c618.dir/feature_tests.c.o  -o cmTC_3c618 
gmake[1]: Leaving directory `/home/rhaye/55_RNaseH/3_BLaDE/2_ec2wc/run_folded/1_ec2wc/template_dca_20200307/PLM/CMakeFiles/CMakeTmp'


    Feature record: C_FEATURE:1c_function_prototypes
    Feature record: C_FEATURE:1c_restrict
    Feature record: C_FEATURE:1c_static_assert
    Feature record: C_FEATURE:1c_variadic_macros


Detecting C [-std=c99] compiler features compiled with the following output:
Change Dir: /home/rhaye/55_RNaseH/3_BLaDE/2_ec2wc/run_folded/1_ec2wc/template_dca_20200307/PLM/CMakeFiles/CMakeTmp

Run Build Command:"/usr/bin/gmake" "cmTC_e32cf/fast"
/usr/bin/gmake -f CMakeFiles/cmTC_e32cf.dir/build.make CMakeFiles/cmTC_e32cf.dir/build
gmake[1]: Entering directory `/home/rhaye/55_RNaseH/3_BLaDE/2_ec2wc/run_folded/1_ec2wc/template_dca_20200307/PLM/CMakeFiles/CMakeTmp'
Building C object CMakeFiles/cmTC_e32cf.dir/feature_tests.c.o
/export/apps/CentOS7/gcc/6.4.0/bin/gcc   -std=c99 -o CMakeFiles/cmTC_e32cf.dir/feature_tests.c.o   -c /home/rhaye/55_RNaseH/3_BLaDE/2_ec2wc/run_folded/1_ec2wc/template_dca_20200307/PLM/CMakeFiles/feature_tests.c
Linking C executable cmTC_e32cf
/export/apps/CentOS7/cmake/3.13/bin/cmake -E cmake_link_script CMakeFiles/cmTC_e32cf.dir/link.txt --verbose=1
/export/apps/CentOS7/gcc/6.4.0/bin/gcc      -rdynamic CMakeFiles/cmTC_e32cf.dir/feature_tests.c.o  -o cmTC_e32cf 
gmake[1]: Leaving directory `/home/rhaye/55_RNaseH/3_BLaDE/2_ec2wc/run_folded/1_ec2wc/template_dca_20200307/PLM/CMakeFiles/CMakeTmp'


    Feature record: C_FEATURE:1c_function_prototypes
    Feature record: C_FEATURE:1c_restrict
    Feature record: C_FEATURE:0c_static_assert
    Feature record: C_FEATURE:1c_variadic_macros


Detecting C [-std=c90] compiler features compiled with the following output:
Change Dir: /home/rhaye/55_RNaseH/3_BLaDE/2_ec2wc/run_folded/1_ec2wc/template_dca_20200307/PLM/CMakeFiles/CMakeTmp

Run Build Command:"/usr/bin/gmake" "cmTC_33e63/fast"
/usr/bin/gmake -f CMakeFiles/cmTC_33e63.dir/build.make CMakeFiles/cmTC_33e63.dir/build
gmake[1]: Entering directory `/home/rhaye/55_RNaseH/3_BLaDE/2_ec2wc/run_folded/1_ec2wc/template_dca_20200307/PLM/CMakeFiles/CMakeTmp'
Building C object CMakeFiles/cmTC_33e63.dir/feature_tests.c.o
/export/apps/CentOS7/gcc/6.4.0/bin/gcc   -std=c90 -o CMakeFiles/cmTC_33e63.dir/feature_tests.c.o   -c /home/rhaye/55_RNaseH/3_BLaDE/2_ec2wc/run_folded/1_ec2wc/template_dca_20200307/PLM/CMakeFiles/feature_tests.c
Linking C executable cmTC_33e63
/export/apps/CentOS7/cmake/3.13/bin/cmake -E cmake_link_script CMakeFiles/cmTC_33e63.dir/link.txt --verbose=1
/export/apps/CentOS7/gcc/6.4.0/bin/gcc      -rdynamic CMakeFiles/cmTC_33e63.dir/feature_tests.c.o  -o cmTC_33e63 
gmake[1]: Leaving directory `/home/rhaye/55_RNaseH/3_BLaDE/2_ec2wc/run_folded/1_ec2wc/template_dca_20200307/PLM/CMakeFiles/CMakeTmp'


    Feature record: C_FEATURE:1c_function_prototypes
    Feature record: C_FEATURE:0c_restrict
    Feature record: C_FEATURE:0c_static_assert
    Feature record: C_FEATURE:0c_variadic_macros
Determining if the CXX compiler works passed with the following output:
Change Dir: /home/rhaye/55_RNaseH/3_BLaDE/2_ec2wc/run_folded/1_ec2wc/template_dca_20200307/PLM/CMakeFiles/CMakeTmp

Run Build Command:"/usr/bin/gmake" "cmTC_84045/fast"
/usr/bin/gmake -f CMakeFiles/cmTC_84045.dir/build.make CMakeFiles/cmTC_84045.dir/build
gmake[1]: Entering directory `/home/rhaye/55_RNaseH/3_BLaDE/2_ec2wc/run_folded/1_ec2wc/template_dca_20200307/PLM/CMakeFiles/CMakeTmp'
Building CXX object CMakeFiles/cmTC_84045.dir/testCXXCompiler.cxx.o
/export/apps/CentOS7/gcc/6.4.0/bin/g++     -o CMakeFiles/cmTC_84045.dir/testCXXCompiler.cxx.o -c /home/rhaye/55_RNaseH/3_BLaDE/2_ec2wc/run_folded/1_ec2wc/template_dca_20200307/PLM/CMakeFiles/CMakeTmp/testCXXCompiler.cxx
Linking CXX executable cmTC_84045
/export/apps/CentOS7/cmake/3.13/bin/cmake -E cmake_link_script CMakeFiles/cmTC_84045.dir/link.txt --verbose=1
/export/apps/CentOS7/gcc/6.4.0/bin/g++       -rdynamic CMakeFiles/cmTC_84045.dir/testCXXCompiler.cxx.o  -o cmTC_84045 
gmake[1]: Leaving directory `/home/rhaye/55_RNaseH/3_BLaDE/2_ec2wc/run_folded/1_ec2wc/template_dca_20200307/PLM/CMakeFiles/CMakeTmp'


Detecting CXX compiler ABI info compiled with the following output:
Change Dir: /home/rhaye/55_RNaseH/3_BLaDE/2_ec2wc/run_folded/1_ec2wc/template_dca_20200307/PLM/CMakeFiles/CMakeTmp

Run Build Command:"/usr/bin/gmake" "cmTC_847af/fast"
/usr/bin/gmake -f CMakeFiles/cmTC_847af.dir/build.make CMakeFiles/cmTC_847af.dir/build
gmake[1]: Entering directory `/home/rhaye/55_RNaseH/3_BLaDE/2_ec2wc/run_folded/1_ec2wc/template_dca_20200307/PLM/CMakeFiles/CMakeTmp'
Building CXX object CMakeFiles/cmTC_847af.dir/CMakeCXXCompilerABI.cpp.o
/export/apps/CentOS7/gcc/6.4.0/bin/g++     -o CMakeFiles/cmTC_847af.dir/CMakeCXXCompilerABI.cpp.o -c /export/apps/CentOS7/cmake/3.13/share/cmake-3.13/Modules/CMakeCXXCompilerABI.cpp
Linking CXX executable cmTC_847af
/export/apps/CentOS7/cmake/3.13/bin/cmake -E cmake_link_script CMakeFiles/cmTC_847af.dir/link.txt --verbose=1
/export/apps/CentOS7/gcc/6.4.0/bin/g++      -v -rdynamic CMakeFiles/cmTC_847af.dir/CMakeCXXCompilerABI.cpp.o  -o cmTC_847af 
Using built-in specs.
COLLECT_GCC=/export/apps/CentOS7/gcc/6.4.0/bin/g++
COLLECT_LTO_WRAPPER=/export/apps/CentOS7/gcc/6.4.0/libexec/gcc/x86_64-redhat-linux/6.4.0/lto-wrapper
Target: x86_64-redhat-linux
Configured with: ../gcc_6_4_0_release/configure --prefix=/export/apps/CentOS7/gcc/6.4.0 --enable-languages=c,c++,fortran --enable-bootstrap --enable-shared --enable-threads=posix --with-system-zlib --enable-__cxa_atexit --disable-libunwind-exceptions --enable-gnu-unique-object --enable-linker-build-id --with-linker-hash-style=gnu --enable-plugin --enable-initfini-array -enable-gnu-indirect-function --with-arch_32=x86-64 --build=x86_64-redhat-linux
Thread model: posix
gcc version 6.4.0 (GCC) 
COMPILER_PATH=/export/apps/CentOS7/gcc/6.4.0/libexec/gcc/x86_64-redhat-linux/6.4.0/:/export/apps/CentOS7/gcc/6.4.0/libexec/gcc/x86_64-redhat-linux/6.4.0/:/export/apps/CentOS7/gcc/6.4.0/libexec/gcc/x86_64-redhat-linux/:/export/apps/CentOS7/gcc/6.4.0/lib/gcc/x86_64-redhat-linux/6.4.0/:/export/apps/CentOS7/gcc/6.4.0/lib/gcc/x86_64-redhat-linux/
LIBRARY_PATH=/export/apps/CentOS7/gcc/6.4.0/lib/gcc/x86_64-redhat-linux/6.4.0/:/export/apps/CentOS7/gcc/6.4.0/lib/gcc/x86_64-redhat-linux/6.4.0/../../../../lib64/:/lib/../lib64/:/usr/lib/../lib64/:/export/apps/CentOS7/gcc/6.4.0/lib/gcc/x86_64-redhat-linux/6.4.0/../../../:/lib/:/usr/lib/
COLLECT_GCC_OPTIONS='-v' '-rdynamic' '-o' 'cmTC_847af' '-shared-libgcc' '-mtune=generic' '-march=x86-64'
 /export/apps/CentOS7/gcc/6.4.0/libexec/gcc/x86_64-redhat-linux/6.4.0/collect2 -plugin /export/apps/CentOS7/gcc/6.4.0/libexec/gcc/x86_64-redhat-linux/6.4.0/liblto_plugin.so -plugin-opt=/export/apps/CentOS7/gcc/6.4.0/libexec/gcc/x86_64-redhat-linux/6.4.0/lto-wrapper -plugin-opt=-fresolution=/tmp/cc0Z9Ag3.res -plugin-opt=-pass-through=-lgcc_s -plugin-opt=-pass-through=-lgcc -plugin-opt=-pass-through=-lc -plugin-opt=-pass-through=-lgcc_s -plugin-opt=-pass-through=-lgcc --build-id --eh-frame-hdr --hash-style=gnu -m elf_x86_64 -export-dynamic -dynamic-linker /lib64/ld-linux-x86-64.so.2 -o cmTC_847af /lib/../lib64/crt1.o /lib/../lib64/crti.o /export/apps/CentOS7/gcc/6.4.0/lib/gcc/x86_64-redhat-linux/6.4.0/crtbegin.o -L/export/apps/CentOS7/gcc/6.4.0/lib/gcc/x86_64-redhat-linux/6.4.0 -L/export/apps/CentOS7/gcc/6.4.0/lib/gcc/x86_64-redhat-linux/6.4.0/../../../../lib64 -L/lib/../lib64 -L/usr/lib/../lib64 -L/export/apps/CentOS7/gcc/6.4.0/lib/gcc/x86_64-redhat-linux/6.4.0/../../.. CMakeFiles/cmTC_847af.dir/CMakeCXXCompilerABI.cpp.o -lstdc++ -lm -lgcc_s -lgcc -lc -lgcc_s -lgcc /export/apps/CentOS7/gcc/6.4.0/lib/gcc/x86_64-redhat-linux/6.4.0/crtend.o /lib/../lib64/crtn.o
COLLECT_GCC_OPTIONS='-v' '-rdynamic' '-o' 'cmTC_847af' '-shared-libgcc' '-mtune=generic' '-march=x86-64'
gmake[1]: Leaving directory `/home/rhaye/55_RNaseH/3_BLaDE/2_ec2wc/run_folded/1_ec2wc/template_dca_20200307/PLM/CMakeFiles/CMakeTmp'


Parsed CXX implicit link information from above output:
  link line regex: [^( *|.*[/\])(ld|CMAKE_LINK_STARTFILE-NOTFOUND|([^/\]+-)?ld|collect2)[^/\]*( |$)]
  ignore line: [Change Dir: /home/rhaye/55_RNaseH/3_BLaDE/2_ec2wc/run_folded/1_ec2wc/template_dca_20200307/PLM/CMakeFiles/CMakeTmp]
  ignore line: []
  ignore line: [Run Build Command:"/usr/bin/gmake" "cmTC_847af/fast"]
  ignore line: [/usr/bin/gmake -f CMakeFiles/cmTC_847af.dir/build.make CMakeFiles/cmTC_847af.dir/build]
  ignore line: [gmake[1]: Entering directory `/home/rhaye/55_RNaseH/3_BLaDE/2_ec2wc/run_folded/1_ec2wc/template_dca_20200307/PLM/CMakeFiles/CMakeTmp']
  ignore line: [Building CXX object CMakeFiles/cmTC_847af.dir/CMakeCXXCompilerABI.cpp.o]
  ignore line: [/export/apps/CentOS7/gcc/6.4.0/bin/g++     -o CMakeFiles/cmTC_847af.dir/CMakeCXXCompilerABI.cpp.o -c /export/apps/CentOS7/cmake/3.13/share/cmake-3.13/Modules/CMakeCXXCompilerABI.cpp]
  ignore line: [Linking CXX executable cmTC_847af]
  ignore line: [/export/apps/CentOS7/cmake/3.13/bin/cmake -E cmake_link_script CMakeFiles/cmTC_847af.dir/link.txt --verbose=1]
  ignore line: [/export/apps/CentOS7/gcc/6.4.0/bin/g++      -v -rdynamic CMakeFiles/cmTC_847af.dir/CMakeCXXCompilerABI.cpp.o  -o cmTC_847af ]
  ignore line: [Using built-in specs.]
  ignore line: [COLLECT_GCC=/export/apps/CentOS7/gcc/6.4.0/bin/g++]
  ignore line: [COLLECT_LTO_WRAPPER=/export/apps/CentOS7/gcc/6.4.0/libexec/gcc/x86_64-redhat-linux/6.4.0/lto-wrapper]
  ignore line: [Target: x86_64-redhat-linux]
  ignore line: [Configured with: ../gcc_6_4_0_release/configure --prefix=/export/apps/CentOS7/gcc/6.4.0 --enable-languages=c,c++,fortran --enable-bootstrap --enable-shared --enable-threads=posix --with-system-zlib --enable-__cxa_atexit --disable-libunwind-exceptions --enable-gnu-unique-object --enable-linker-build-id --with-linker-hash-style=gnu --enable-plugin --enable-initfini-array -enable-gnu-indirect-function --with-arch_32=x86-64 --build=x86_64-redhat-linux]
  ignore line: [Thread model: posix]
  ignore line: [gcc version 6.4.0 (GCC) ]
  ignore line: [COMPILER_PATH=/export/apps/CentOS7/gcc/6.4.0/libexec/gcc/x86_64-redhat-linux/6.4.0/:/export/apps/CentOS7/gcc/6.4.0/libexec/gcc/x86_64-redhat-linux/6.4.0/:/export/apps/CentOS7/gcc/6.4.0/libexec/gcc/x86_64-redhat-linux/:/export/apps/CentOS7/gcc/6.4.0/lib/gcc/x86_64-redhat-linux/6.4.0/:/export/apps/CentOS7/gcc/6.4.0/lib/gcc/x86_64-redhat-linux/]
  ignore line: [LIBRARY_PATH=/export/apps/CentOS7/gcc/6.4.0/lib/gcc/x86_64-redhat-linux/6.4.0/:/export/apps/CentOS7/gcc/6.4.0/lib/gcc/x86_64-redhat-linux/6.4.0/../../../../lib64/:/lib/../lib64/:/usr/lib/../lib64/:/export/apps/CentOS7/gcc/6.4.0/lib/gcc/x86_64-redhat-linux/6.4.0/../../../:/lib/:/usr/lib/]
  ignore line: [COLLECT_GCC_OPTIONS='-v' '-rdynamic' '-o' 'cmTC_847af' '-shared-libgcc' '-mtune=generic' '-march=x86-64']
  link line: [ /export/apps/CentOS7/gcc/6.4.0/libexec/gcc/x86_64-redhat-linux/6.4.0/collect2 -plugin /export/apps/CentOS7/gcc/6.4.0/libexec/gcc/x86_64-redhat-linux/6.4.0/liblto_plugin.so -plugin-opt=/export/apps/CentOS7/gcc/6.4.0/libexec/gcc/x86_64-redhat-linux/6.4.0/lto-wrapper -plugin-opt=-fresolution=/tmp/cc0Z9Ag3.res -plugin-opt=-pass-through=-lgcc_s -plugin-opt=-pass-through=-lgcc -plugin-opt=-pass-through=-lc -plugin-opt=-pass-through=-lgcc_s -plugin-opt=-pass-through=-lgcc --build-id --eh-frame-hdr --hash-style=gnu -m elf_x86_64 -export-dynamic -dynamic-linker /lib64/ld-linux-x86-64.so.2 -o cmTC_847af /lib/../lib64/crt1.o /lib/../lib64/crti.o /export/apps/CentOS7/gcc/6.4.0/lib/gcc/x86_64-redhat-linux/6.4.0/crtbegin.o -L/export/apps/CentOS7/gcc/6.4.0/lib/gcc/x86_64-redhat-linux/6.4.0 -L/export/apps/CentOS7/gcc/6.4.0/lib/gcc/x86_64-redhat-linux/6.4.0/../../../../lib64 -L/lib/../lib64 -L/usr/lib/../lib64 -L/export/apps/CentOS7/gcc/6.4.0/lib/gcc/x86_64-redhat-linux/6.4.0/../../.. CMakeFiles/cmTC_847af.dir/CMakeCXXCompilerABI.cpp.o -lstdc++ -lm -lgcc_s -lgcc -lc -lgcc_s -lgcc /export/apps/CentOS7/gcc/6.4.0/lib/gcc/x86_64-redhat-linux/6.4.0/crtend.o /lib/../lib64/crtn.o]
    arg [/export/apps/CentOS7/gcc/6.4.0/libexec/gcc/x86_64-redhat-linux/6.4.0/collect2] ==> ignore
    arg [-plugin] ==> ignore
    arg [/export/apps/CentOS7/gcc/6.4.0/libexec/gcc/x86_64-redhat-linux/6.4.0/liblto_plugin.so] ==> ignore
    arg [-plugin-opt=/export/apps/CentOS7/gcc/6.4.0/libexec/gcc/x86_64-redhat-linux/6.4.0/lto-wrapper] ==> ignore
    arg [-plugin-opt=-fresolution=/tmp/cc0Z9Ag3.res] ==> ignore
    arg [-plugin-opt=-pass-through=-lgcc_s] ==> ignore
    arg [-plugin-opt=-pass-through=-lgcc] ==> ignore
    arg [-plugin-opt=-pass-through=-lc] ==> ignore
    arg [-plugin-opt=-pass-through=-lgcc_s] ==> ignore
    arg [-plugin-opt=-pass-through=-lgcc] ==> ignore
    arg [--build-id] ==> ignore
    arg [--eh-frame-hdr] ==> ignore
    arg [--hash-style=gnu] ==> ignore
    arg [-m] ==> ignore
    arg [elf_x86_64] ==> ignore
    arg [-export-dynamic] ==> ignore
    arg [-dynamic-linker] ==> ignore
    arg [/lib64/ld-linux-x86-64.so.2] ==> ignore
    arg [-o] ==> ignore
    arg [cmTC_847af] ==> ignore
    arg [/lib/../lib64/crt1.o] ==> ignore
    arg [/lib/../lib64/crti.o] ==> ignore
    arg [/export/apps/CentOS7/gcc/6.4.0/lib/gcc/x86_64-redhat-linux/6.4.0/crtbegin.o] ==> ignore
    arg [-L/export/apps/CentOS7/gcc/6.4.0/lib/gcc/x86_64-redhat-linux/6.4.0] ==> dir [/export/apps/CentOS7/gcc/6.4.0/lib/gcc/x86_64-redhat-linux/6.4.0]
    arg [-L/export/apps/CentOS7/gcc/6.4.0/lib/gcc/x86_64-redhat-linux/6.4.0/../../../../lib64] ==> dir [/export/apps/CentOS7/gcc/6.4.0/lib/gcc/x86_64-redhat-linux/6.4.0/../../../../lib64]
    arg [-L/lib/../lib64] ==> dir [/lib/../lib64]
    arg [-L/usr/lib/../lib64] ==> dir [/usr/lib/../lib64]
    arg [-L/export/apps/CentOS7/gcc/6.4.0/lib/gcc/x86_64-redhat-linux/6.4.0/../../..] ==> dir [/export/apps/CentOS7/gcc/6.4.0/lib/gcc/x86_64-redhat-linux/6.4.0/../../..]
    arg [CMakeFiles/cmTC_847af.dir/CMakeCXXCompilerABI.cpp.o] ==> ignore
    arg [-lstdc++] ==> lib [stdc++]
    arg [-lm] ==> lib [m]
    arg [-lgcc_s] ==> lib [gcc_s]
    arg [-lgcc] ==> lib [gcc]
    arg [-lc] ==> lib [c]
    arg [-lgcc_s] ==> lib [gcc_s]
    arg [-lgcc] ==> lib [gcc]
    arg [/export/apps/CentOS7/gcc/6.4.0/lib/gcc/x86_64-redhat-linux/6.4.0/crtend.o] ==> ignore
    arg [/lib/../lib64/crtn.o] ==> ignore
  collapse library dir [/export/apps/CentOS7/gcc/6.4.0/lib/gcc/x86_64-redhat-linux/6.4.0] ==> [/export/apps/CentOS7/gcc/6.4.0/lib/gcc/x86_64-redhat-linux/6.4.0]
  collapse library dir [/export/apps/CentOS7/gcc/6.4.0/lib/gcc/x86_64-redhat-linux/6.4.0/../../../../lib64] ==> [/export/apps/CentOS7/gcc/6.4.0/lib64]
  collapse library dir [/lib/../lib64] ==> [/lib64]
  collapse library dir [/usr/lib/../lib64] ==> [/usr/lib64]
  collapse library dir [/export/apps/CentOS7/gcc/6.4.0/lib/gcc/x86_64-redhat-linux/6.4.0/../../..] ==> [/export/apps/CentOS7/gcc/6.4.0/lib]
  implicit libs: [stdc++;m;gcc_s;gcc;c;gcc_s;gcc]
  implicit dirs: [/export/apps/CentOS7/gcc/6.4.0/lib/gcc/x86_64-redhat-linux/6.4.0;/export/apps/CentOS7/gcc/6.4.0/lib64;/lib64;/usr/lib64;/export/apps/CentOS7/gcc/6.4.0/lib]
  implicit fwks: []




Detecting CXX [-std=c++1z] compiler features compiled with the following output:
Change Dir: /home/rhaye/55_RNaseH/3_BLaDE/2_ec2wc/run_folded/1_ec2wc/template_dca_20200307/PLM/CMakeFiles/CMakeTmp

Run Build Command:"/usr/bin/gmake" "cmTC_cf0e3/fast"
/usr/bin/gmake -f CMakeFiles/cmTC_cf0e3.dir/build.make CMakeFiles/cmTC_cf0e3.dir/build
gmake[1]: Entering directory `/home/rhaye/55_RNaseH/3_BLaDE/2_ec2wc/run_folded/1_ec2wc/template_dca_20200307/PLM/CMakeFiles/CMakeTmp'
Building CXX object CMakeFiles/cmTC_cf0e3.dir/feature_tests.cxx.o
/export/apps/CentOS7/gcc/6.4.0/bin/g++    -std=c++1z -o CMakeFiles/cmTC_cf0e3.dir/feature_tests.cxx.o -c /home/rhaye/55_RNaseH/3_BLaDE/2_ec2wc/run_folded/1_ec2wc/template_dca_20200307/PLM/CMakeFiles/feature_tests.cxx
Linking CXX executable cmTC_cf0e3
/export/apps/CentOS7/cmake/3.13/bin/cmake -E cmake_link_script CMakeFiles/cmTC_cf0e3.dir/link.txt --verbose=1
/export/apps/CentOS7/gcc/6.4.0/bin/g++       -rdynamic CMakeFiles/cmTC_cf0e3.dir/feature_tests.cxx.o  -o cmTC_cf0e3 
gmake[1]: Leaving directory `/home/rhaye/55_RNaseH/3_BLaDE/2_ec2wc/run_folded/1_ec2wc/template_dca_20200307/PLM/CMakeFiles/CMakeTmp'


    Feature record: CXX_FEATURE:1cxx_aggregate_default_initializers
    Feature record: CXX_FEATURE:1cxx_alias_templates
    Feature record: CXX_FEATURE:1cxx_alignas
    Feature record: CXX_FEATURE:1cxx_alignof
    Feature record: CXX_FEATURE:1cxx_attributes
    Feature record: CXX_FEATURE:1cxx_attribute_deprecated
    Feature record: CXX_FEATURE:1cxx_auto_type
    Feature record: CXX_FEATURE:1cxx_binary_literals
    Feature record: CXX_FEATURE:1cxx_constexpr
    Feature record: CXX_FEATURE:1cxx_contextual_conversions
    Feature record: CXX_FEATURE:1cxx_decltype
    Feature record: CXX_FEATURE:1cxx_decltype_auto
    Feature record: CXX_FEATURE:1cxx_decltype_incomplete_return_types
    Feature record: CXX_FEATURE:1cxx_default_function_template_args
    Feature record: CXX_FEATURE:1cxx_defaulted_functions
    Feature record: CXX_FEATURE:1cxx_defaulted_move_initializers
    Feature record: CXX_FEATURE:1cxx_delegating_constructors
    Feature record: CXX_FEATURE:1cxx_deleted_functions
    Feature record: CXX_FEATURE:1cxx_digit_separators
    Feature record: CXX_FEATURE:1cxx_enum_forward_declarations
    Feature record: CXX_FEATURE:1cxx_explicit_conversions
    Feature record: CXX_FEATURE:1cxx_extended_friend_declarations
    Feature record: CXX_FEATURE:1cxx_extern_templates
    Feature record: CXX_FEATURE:1cxx_final
    Feature record: CXX_FEATURE:1cxx_func_identifier
    Feature record: CXX_FEATURE:1cxx_generalized_initializers
    Feature record: CXX_FEATURE:1cxx_generic_lambdas
    Feature record: CXX_FEATURE:1cxx_inheriting_constructors
    Feature record: CXX_FEATURE:1cxx_inline_namespaces
    Feature record: CXX_FEATURE:1cxx_lambdas
    Feature record: CXX_FEATURE:1cxx_lambda_init_captures
    Feature record: CXX_FEATURE:1cxx_local_type_template_args
    Feature record: CXX_FEATURE:1cxx_long_long_type
    Feature record: CXX_FEATURE:1cxx_noexcept
    Feature record: CXX_FEATURE:1cxx_nonstatic_member_init
    Feature record: CXX_FEATURE:1cxx_nullptr
    Feature record: CXX_FEATURE:1cxx_override
    Feature record: CXX_FEATURE:1cxx_range_for
    Feature record: CXX_FEATURE:1cxx_raw_string_literals
    Feature record: CXX_FEATURE:1cxx_reference_qualified_functions
    Feature record: CXX_FEATURE:1cxx_relaxed_constexpr
    Feature record: CXX_FEATURE:1cxx_return_type_deduction
    Feature record: CXX_FEATURE:1cxx_right_angle_brackets
    Feature record: CXX_FEATURE:1cxx_rvalue_references
    Feature record: CXX_FEATURE:1cxx_sizeof_member
    Feature record: CXX_FEATURE:1cxx_static_assert
    Feature record: CXX_FEATURE:1cxx_strong_enums
    Feature record: CXX_FEATURE:1cxx_template_template_parameters
    Feature record: CXX_FEATURE:1cxx_thread_local
    Feature record: CXX_FEATURE:1cxx_trailing_return_types
    Feature record: CXX_FEATURE:1cxx_unicode_literals
    Feature record: CXX_FEATURE:1cxx_uniform_initialization
    Feature record: CXX_FEATURE:1cxx_unrestricted_unions
    Feature record: CXX_FEATURE:1cxx_user_literals
    Feature record: CXX_FEATURE:1cxx_variable_templates
    Feature record: CXX_FEATURE:1cxx_variadic_macros
    Feature record: CXX_FEATURE:1cxx_variadic_templates


Detecting CXX [-std=c++14] compiler features compiled with the following output:
Change Dir: /home/rhaye/55_RNaseH/3_BLaDE/2_ec2wc/run_folded/1_ec2wc/template_dca_20200307/PLM/CMakeFiles/CMakeTmp

Run Build Command:"/usr/bin/gmake" "cmTC_2afa6/fast"
/usr/bin/gmake -f CMakeFiles/cmTC_2afa6.dir/build.make CMakeFiles/cmTC_2afa6.dir/build
gmake[1]: Entering directory `/home/rhaye/55_RNaseH/3_BLaDE/2_ec2wc/run_folded/1_ec2wc/template_dca_20200307/PLM/CMakeFiles/CMakeTmp'
Building CXX object CMakeFiles/cmTC_2afa6.dir/feature_tests.cxx.o
/export/apps/CentOS7/gcc/6.4.0/bin/g++    -std=c++14 -o CMakeFiles/cmTC_2afa6.dir/feature_tests.cxx.o -c /home/rhaye/55_RNaseH/3_BLaDE/2_ec2wc/run_folded/1_ec2wc/template_dca_20200307/PLM/CMakeFiles/feature_tests.cxx
Linking CXX executable cmTC_2afa6
/export/apps/CentOS7/cmake/3.13/bin/cmake -E cmake_link_script CMakeFiles/cmTC_2afa6.dir/link.txt --verbose=1
/export/apps/CentOS7/gcc/6.4.0/bin/g++       -rdynamic CMakeFiles/cmTC_2afa6.dir/feature_tests.cxx.o  -o cmTC_2afa6 
gmake[1]: Leaving directory `/home/rhaye/55_RNaseH/3_BLaDE/2_ec2wc/run_folded/1_ec2wc/template_dca_20200307/PLM/CMakeFiles/CMakeTmp'


    Feature record: CXX_FEATURE:1cxx_aggregate_default_initializers
    Feature record: CXX_FEATURE:1cxx_alias_templates
    Feature record: CXX_FEATURE:1cxx_alignas
    Feature record: CXX_FEATURE:1cxx_alignof
    Feature record: CXX_FEATURE:1cxx_attributes
    Feature record: CXX_FEATURE:1cxx_attribute_deprecated
    Feature record: CXX_FEATURE:1cxx_auto_type
    Feature record: CXX_FEATURE:1cxx_binary_literals
    Feature record: CXX_FEATURE:1cxx_constexpr
    Feature record: CXX_FEATURE:1cxx_contextual_conversions
    Feature record: CXX_FEATURE:1cxx_decltype
    Feature record: CXX_FEATURE:1cxx_decltype_auto
    Feature record: CXX_FEATURE:1cxx_decltype_incomplete_return_types
    Feature record: CXX_FEATURE:1cxx_default_function_template_args
    Feature record: CXX_FEATURE:1cxx_defaulted_functions
    Feature record: CXX_FEATURE:1cxx_defaulted_move_initializers
    Feature record: CXX_FEATURE:1cxx_delegating_constructors
    Feature record: CXX_FEATURE:1cxx_deleted_functions
    Feature record: CXX_FEATURE:1cxx_digit_separators
    Feature record: CXX_FEATURE:1cxx_enum_forward_declarations
    Feature record: CXX_FEATURE:1cxx_explicit_conversions
    Feature record: CXX_FEATURE:1cxx_extended_friend_declarations
    Feature record: CXX_FEATURE:1cxx_extern_templates
    Feature record: CXX_FEATURE:1cxx_final
    Feature record: CXX_FEATURE:1cxx_func_identifier
    Feature record: CXX_FEATURE:1cxx_generalized_initializers
    Feature record: CXX_FEATURE:1cxx_generic_lambdas
    Feature record: CXX_FEATURE:1cxx_inheriting_constructors
    Feature record: CXX_FEATURE:1cxx_inline_namespaces
    Feature record: CXX_FEATURE:1cxx_lambdas
    Feature record: CXX_FEATURE:1cxx_lambda_init_captures
    Feature record: CXX_FEATURE:1cxx_local_type_template_args
    Feature record: CXX_FEATURE:1cxx_long_long_type
    Feature record: CXX_FEATURE:1cxx_noexcept
    Feature record: CXX_FEATURE:1cxx_nonstatic_member_init
    Feature record: CXX_FEATURE:1cxx_nullptr
    Feature record: CXX_FEATURE:1cxx_override
    Feature record: CXX_FEATURE:1cxx_range_for
    Feature record: CXX_FEATURE:1cxx_raw_string_literals
    Feature record: CXX_FEATURE:1cxx_reference_qualified_functions
    Feature record: CXX_FEATURE:1cxx_relaxed_constexpr
    Feature record: CXX_FEATURE:1cxx_return_type_deduction
    Feature record: CXX_FEATURE:1cxx_right_angle_brackets
    Feature record: CXX_FEATURE:1cxx_rvalue_references
    Feature record: CXX_FEATURE:1cxx_sizeof_member
    Feature record: CXX_FEATURE:1cxx_static_assert
    Feature record: CXX_FEATURE:1cxx_strong_enums
    Feature record: CXX_FEATURE:1cxx_template_template_parameters
    Feature record: CXX_FEATURE:1cxx_thread_local
    Feature record: CXX_FEATURE:1cxx_trailing_return_types
    Feature record: CXX_FEATURE:1cxx_unicode_literals
    Feature record: CXX_FEATURE:1cxx_uniform_initialization
    Feature record: CXX_FEATURE:1cxx_unrestricted_unions
    Feature record: CXX_FEATURE:1cxx_user_literals
    Feature record: CXX_FEATURE:1cxx_variable_templates
    Feature record: CXX_FEATURE:1cxx_variadic_macros
    Feature record: CXX_FEATURE:1cxx_variadic_templates


Detecting CXX [-std=c++11] compiler features compiled with the following output:
Change Dir: /home/rhaye/55_RNaseH/3_BLaDE/2_ec2wc/run_folded/1_ec2wc/template_dca_20200307/PLM/CMakeFiles/CMakeTmp

Run Build Command:"/usr/bin/gmake" "cmTC_2376d/fast"
/usr/bin/gmake -f CMakeFiles/cmTC_2376d.dir/build.make CMakeFiles/cmTC_2376d.dir/build
gmake[1]: Entering directory `/home/rhaye/55_RNaseH/3_BLaDE/2_ec2wc/run_folded/1_ec2wc/template_dca_20200307/PLM/CMakeFiles/CMakeTmp'
Building CXX object CMakeFiles/cmTC_2376d.dir/feature_tests.cxx.o
/export/apps/CentOS7/gcc/6.4.0/bin/g++    -std=c++11 -o CMakeFiles/cmTC_2376d.dir/feature_tests.cxx.o -c /home/rhaye/55_RNaseH/3_BLaDE/2_ec2wc/run_folded/1_ec2wc/template_dca_20200307/PLM/CMakeFiles/feature_tests.cxx
Linking CXX executable cmTC_2376d
/export/apps/CentOS7/cmake/3.13/bin/cmake -E cmake_link_script CMakeFiles/cmTC_2376d.dir/link.txt --verbose=1
/export/apps/CentOS7/gcc/6.4.0/bin/g++       -rdynamic CMakeFiles/cmTC_2376d.dir/feature_tests.cxx.o  -o cmTC_2376d 
gmake[1]: Leaving directory `/home/rhaye/55_RNaseH/3_BLaDE/2_ec2wc/run_folded/1_ec2wc/template_dca_20200307/PLM/CMakeFiles/CMakeTmp'


    Feature record: CXX_FEATURE:0cxx_aggregate_default_initializers
    Feature record: CXX_FEATURE:1cxx_alias_templates
    Feature record: CXX_FEATURE:1cxx_alignas
    Feature record: CXX_FEATURE:1cxx_alignof
    Feature record: CXX_FEATURE:1cxx_attributes
    Feature record: CXX_FEATURE:0cxx_attribute_deprecated
    Feature record: CXX_FEATURE:1cxx_auto_type
    Feature record: CXX_FEATURE:0cxx_binary_literals
    Feature record: CXX_FEATURE:1cxx_constexpr
    Feature record: CXX_FEATURE:0cxx_contextual_conversions
    Feature record: CXX_FEATURE:1cxx_decltype
    Feature record: CXX_FEATURE:0cxx_decltype_auto
    Feature record: CXX_FEATURE:1cxx_decltype_incomplete_return_types
    Feature record: CXX_FEATURE:1cxx_default_function_template_args
    Feature record: CXX_FEATURE:1cxx_defaulted_functions
    Feature record: CXX_FEATURE:1cxx_defaulted_move_initializers
    Feature record: CXX_FEATURE:1cxx_delegating_constructors
    Feature record: CXX_FEATURE:1cxx_deleted_functions
    Feature record: CXX_FEATURE:0cxx_digit_separators
    Feature record: CXX_FEATURE:1cxx_enum_forward_declarations
    Feature record: CXX_FEATURE:1cxx_explicit_conversions
    Feature record: CXX_FEATURE:1cxx_extended_friend_declarations
    Feature record: CXX_FEATURE:1cxx_extern_templates
    Feature record: CXX_FEATURE:1cxx_final
    Feature record: CXX_FEATURE:1cxx_func_identifier
    Feature record: CXX_FEATURE:1cxx_generalized_initializers
    Feature record: CXX_FEATURE:0cxx_generic_lambdas
    Feature record: CXX_FEATURE:1cxx_inheriting_constructors
    Feature record: CXX_FEATURE:1cxx_inline_namespaces
    Feature record: CXX_FEATURE:1cxx_lambdas
    Feature record: CXX_FEATURE:0cxx_lambda_init_captures
    Feature record: CXX_FEATURE:1cxx_local_type_template_args
    Feature record: CXX_FEATURE:1cxx_long_long_type
    Feature record: CXX_FEATURE:1cxx_noexcept
    Feature record: CXX_FEATURE:1cxx_nonstatic_member_init
    Feature record: CXX_FEATURE:1cxx_nullptr
    Feature record: CXX_FEATURE:1cxx_override
    Feature record: CXX_FEATURE:1cxx_range_for
    Feature record: CXX_FEATURE:1cxx_raw_string_literals
    Feature record: CXX_FEATURE:1cxx_reference_qualified_functions
    Feature record: CXX_FEATURE:0cxx_relaxed_constexpr
    Feature record: CXX_FEATURE:0cxx_return_type_deduction
    Feature record: CXX_FEATURE:1cxx_right_angle_brackets
    Feature record: CXX_FEATURE:1cxx_rvalue_references
    Feature record: CXX_FEATURE:1cxx_sizeof_member
    Feature record: CXX_FEATURE:1cxx_static_assert
    Feature record: CXX_FEATURE:1cxx_strong_enums
    Feature record: CXX_FEATURE:1cxx_template_template_parameters
    Feature record: CXX_FEATURE:1cxx_thread_local
    Feature record: CXX_FEATURE:1cxx_trailing_return_types
    Feature record: CXX_FEATURE:1cxx_unicode_literals
    Feature record: CXX_FEATURE:1cxx_uniform_initialization
    Feature record: CXX_FEATURE:1cxx_unrestricted_unions
    Feature record: CXX_FEATURE:1cxx_user_literals
    Feature record: CXX_FEATURE:0cxx_variable_templates
    Feature record: CXX_FEATURE:1cxx_variadic_macros
    Feature record: CXX_FEATURE:1cxx_variadic_templates


Detecting CXX [-std=c++98] compiler features compiled with the following output:
Change Dir: /home/rhaye/55_RNaseH/3_BLaDE/2_ec2wc/run_folded/1_ec2wc/template_dca_20200307/PLM/CMakeFiles/CMakeTmp

Run Build Command:"/usr/bin/gmake" "cmTC_18c24/fast"
/usr/bin/gmake -f CMakeFiles/cmTC_18c24.dir/build.make CMakeFiles/cmTC_18c24.dir/build
gmake[1]: Entering directory `/home/rhaye/55_RNaseH/3_BLaDE/2_ec2wc/run_folded/1_ec2wc/template_dca_20200307/PLM/CMakeFiles/CMakeTmp'
Building CXX object CMakeFiles/cmTC_18c24.dir/feature_tests.cxx.o
/export/apps/CentOS7/gcc/6.4.0/bin/g++    -std=c++98 -o CMakeFiles/cmTC_18c24.dir/feature_tests.cxx.o -c /home/rhaye/55_RNaseH/3_BLaDE/2_ec2wc/run_folded/1_ec2wc/template_dca_20200307/PLM/CMakeFiles/feature_tests.cxx
Linking CXX executable cmTC_18c24
/export/apps/CentOS7/cmake/3.13/bin/cmake -E cmake_link_script CMakeFiles/cmTC_18c24.dir/link.txt --verbose=1
/export/apps/CentOS7/gcc/6.4.0/bin/g++       -rdynamic CMakeFiles/cmTC_18c24.dir/feature_tests.cxx.o  -o cmTC_18c24 
gmake[1]: Leaving directory `/home/rhaye/55_RNaseH/3_BLaDE/2_ec2wc/run_folded/1_ec2wc/template_dca_20200307/PLM/CMakeFiles/CMakeTmp'


    Feature record: CXX_FEATURE:0cxx_aggregate_default_initializers
    Feature record: CXX_FEATURE:0cxx_alias_templates
    Feature record: CXX_FEATURE:0cxx_alignas
    Feature record: CXX_FEATURE:0cxx_alignof
    Feature record: CXX_FEATURE:0cxx_attributes
    Feature record: CXX_FEATURE:0cxx_attribute_deprecated
    Feature record: CXX_FEATURE:0cxx_auto_type
    Feature record: CXX_FEATURE:0cxx_binary_literals
    Feature record: CXX_FEATURE:0cxx_constexpr
    Feature record: CXX_FEATURE:0cxx_contextual_conversions
    Feature record: CXX_FEATURE:0cxx_decltype
    Feature record: CXX_FEATURE:0cxx_decltype_auto
    Feature record: CXX_FEATURE:0cxx_decltype_incomplete_return_types
    Feature record: CXX_FEATURE:0cxx_default_function_template_args
    Feature record: CXX_FEATURE:0cxx_defaulted_functions
    Feature record: CXX_FEATURE:0cxx_defaulted_move_initializers
    Feature record: CXX_FEATURE:0cxx_delegating_constructors
    Feature record: CXX_FEATURE:0cxx_deleted_functions
    Feature record: CXX_FEATURE:0cxx_digit_separators
    Feature record: CXX_FEATURE:0cxx_enum_forward_declarations
    Feature record: CXX_FEATURE:0cxx_explicit_conversions
    Feature record: CXX_FEATURE:0cxx_extended_friend_declarations
    Feature record: CXX_FEATURE:0cxx_extern_templates
    Feature record: CXX_FEATURE:0cxx_final
    Feature record: CXX_FEATURE:0cxx_func_identifier
    Feature record: CXX_FEATURE:0cxx_generalized_initializers
    Feature record: CXX_FEATURE:0cxx_generic_lambdas
    Feature record: CXX_FEATURE:0cxx_inheriting_constructors
    Feature record: CXX_FEATURE:0cxx_inline_namespaces
    Feature record: CXX_FEATURE:0cxx_lambdas
    Feature record: CXX_FEATURE:0cxx_lambda_init_captures
    Feature record: CXX_FEATURE:0cxx_local_type_template_args
    Feature record: CXX_FEATURE:0cxx_long_long_type
    Feature record: CXX_FEATURE:0cxx_noexcept
    Feature record: CXX_FEATURE:0cxx_nonstatic_member_init
    Feature record: CXX_FEATURE:0cxx_nullptr
    Feature record: CXX_FEATURE:0cxx_override
    Feature record: CXX_FEATURE:0cxx_range_for
    Feature record: CXX_FEATURE:0cxx_raw_string_literals
    Feature record: CXX_FEATURE:0cxx_reference_qualified_functions
    Feature record: CXX_FEATURE:0cxx_relaxed_constexpr
    Feature record: CXX_FEATURE:0cxx_return_type_deduction
    Feature record: CXX_FEATURE:0cxx_right_angle_brackets
    Feature record: CXX_FEATURE:0cxx_rvalue_references
    Feature record: CXX_FEATURE:0cxx_sizeof_member
    Feature record: CXX_FEATURE:0cxx_static_assert
    Feature record: CXX_FEATURE:0cxx_strong_enums
    Feature record: CXX_FEATURE:1cxx_template_template_parameters
    Feature record: CXX_FEATURE:0cxx_thread_local
    Feature record: CXX_FEATURE:0cxx_trailing_return_types
    Feature record: CXX_FEATURE:0cxx_unicode_literals
    Feature record: CXX_FEATURE:0cxx_uniform_initialization
    Feature record: CXX_FEATURE:0cxx_unrestricted_unions
    Feature record: CXX_FEATURE:0cxx_user_literals
    Feature record: CXX_FEATURE:0cxx_variable_templates
    Feature record: CXX_FEATURE:0cxx_variadic_macros
    Feature record: CXX_FEATURE:0cxx_variadic_templates
Determining if the include file pthread.h exists passed with the following output:
Change Dir: /home/rhaye/55_RNaseH/3_BLaDE/2_ec2wc/run_folded/1_ec2wc/template_dca_20200307/PLM/CMakeFiles/CMakeTmp

Run Build Command:"/usr/bin/gmake" "cmTC_4c0d5/fast"
/usr/bin/gmake -f CMakeFiles/cmTC_4c0d5.dir/build.make CMakeFiles/cmTC_4c0d5.dir/build
gmake[1]: Entering directory `/home/rhaye/55_RNaseH/3_BLaDE/2_ec2wc/run_folded/1_ec2wc/template_dca_20200307/PLM/CMakeFiles/CMakeTmp'
Building C object CMakeFiles/cmTC_4c0d5.dir/CheckIncludeFile.c.o
/export/apps/CentOS7/gcc/6.4.0/bin/gcc   -fPIC    -o CMakeFiles/cmTC_4c0d5.dir/CheckIncludeFile.c.o   -c /home/rhaye/55_RNaseH/3_BLaDE/2_ec2wc/run_folded/1_ec2wc/template_dca_20200307/PLM/CMakeFiles/CMakeTmp/CheckIncludeFile.c
Linking C executable cmTC_4c0d5
/export/apps/CentOS7/cmake/3.13/bin/cmake -E cmake_link_script CMakeFiles/cmTC_4c0d5.dir/link.txt --verbose=1
/export/apps/CentOS7/gcc/6.4.0/bin/gcc -fPIC     -rdynamic CMakeFiles/cmTC_4c0d5.dir/CheckIncludeFile.c.o  -o cmTC_4c0d5 
gmake[1]: Leaving directory `/home/rhaye/55_RNaseH/3_BLaDE/2_ec2wc/run_folded/1_ec2wc/template_dca_20200307/PLM/CMakeFiles/CMakeTmp'


Determining if the function pthread_create exists in the pthread passed with the following output:
Change Dir: /home/rhaye/55_RNaseH/3_BLaDE/2_ec2wc/run_folded/1_ec2wc/template_dca_20200307/PLM/CMakeFiles/CMakeTmp

Run Build Command:"/usr/bin/gmake" "cmTC_a0b2d/fast"
/usr/bin/gmake -f CMakeFiles/cmTC_a0b2d.dir/build.make CMakeFiles/cmTC_a0b2d.dir/build
gmake[1]: Entering directory `/home/rhaye/55_RNaseH/3_BLaDE/2_ec2wc/run_folded/1_ec2wc/template_dca_20200307/PLM/CMakeFiles/CMakeTmp'
Building C object CMakeFiles/cmTC_a0b2d.dir/CheckFunctionExists.c.o
/export/apps/CentOS7/gcc/6.4.0/bin/gcc   -fPIC -DCHECK_FUNCTION_EXISTS=pthread_create   -o CMakeFiles/cmTC_a0b2d.dir/CheckFunctionExists.c.o   -c /export/apps/CentOS7/cmake/3.13/share/cmake-3.13/Modules/CheckFunctionExists.c
Linking C executable cmTC_a0b2d
/export/apps/CentOS7/cmake/3.13/bin/cmake -E cmake_link_script CMakeFiles/cmTC_a0b2d.dir/link.txt --verbose=1
/export/apps/CentOS7/gcc/6.4.0/bin/gcc -fPIC -DCHECK_FUNCTION_EXISTS=pthread_create    -rdynamic CMakeFiles/cmTC_a0b2d.dir/CheckFunctionExists.c.o  -o cmTC_a0b2d -lpthread 
gmake[1]: Leaving directory `/home/rhaye/55_RNaseH/3_BLaDE/2_ec2wc/run_folded/1_ec2wc/template_dca_20200307/PLM/CMakeFiles/CMakeTmp'


Detecting C OpenMP compiler ABI info compiled with the following output:
Change Dir: /home/rhaye/55_RNaseH/3_BLaDE/2_ec2wc/run_folded/1_ec2wc/template_dca_20200307/PLM/CMakeFiles/CMakeTmp

Run Build Command:"/usr/bin/gmake" "cmTC_65cd3/fast"
/usr/bin/gmake -f CMakeFiles/cmTC_65cd3.dir/build.make CMakeFiles/cmTC_65cd3.dir/build
gmake[1]: Entering directory `/home/rhaye/55_RNaseH/3_BLaDE/2_ec2wc/run_folded/1_ec2wc/template_dca_20200307/PLM/CMakeFiles/CMakeTmp'
Building C object CMakeFiles/cmTC_65cd3.dir/OpenMPTryFlag.c.o
/export/apps/CentOS7/gcc/6.4.0/bin/gcc   -fopenmp -v   -o CMakeFiles/cmTC_65cd3.dir/OpenMPTryFlag.c.o   -c /home/rhaye/55_RNaseH/3_BLaDE/2_ec2wc/run_folded/1_ec2wc/template_dca_20200307/PLM/CMakeFiles/FindOpenMP/OpenMPTryFlag.c
Using built-in specs.
COLLECT_GCC=/export/apps/CentOS7/gcc/6.4.0/bin/gcc
Target: x86_64-redhat-linux
Configured with: ../gcc_6_4_0_release/configure --prefix=/export/apps/CentOS7/gcc/6.4.0 --enable-languages=c,c++,fortran --enable-bootstrap --enable-shared --enable-threads=posix --with-system-zlib --enable-__cxa_atexit --disable-libunwind-exceptions --enable-gnu-unique-object --enable-linker-build-id --with-linker-hash-style=gnu --enable-plugin --enable-initfini-array -enable-gnu-indirect-function --with-arch_32=x86-64 --build=x86_64-redhat-linux
Thread model: posix
gcc version 6.4.0 (GCC) 
COLLECT_GCC_OPTIONS='-fopenmp' '-v' '-o' 'CMakeFiles/cmTC_65cd3.dir/OpenMPTryFlag.c.o' '-c' '-mtune=generic' '-march=x86-64' '-pthread'
 /export/apps/CentOS7/gcc/6.4.0/libexec/gcc/x86_64-redhat-linux/6.4.0/cc1 -quiet -v -D_REENTRANT /home/rhaye/55_RNaseH/3_BLaDE/2_ec2wc/run_folded/1_ec2wc/template_dca_20200307/PLM/CMakeFiles/FindOpenMP/OpenMPTryFlag.c -quiet -dumpbase OpenMPTryFlag.c -mtune=generic -march=x86-64 -auxbase-strip CMakeFiles/cmTC_65cd3.dir/OpenMPTryFlag.c.o -version -fopenmp -o /tmp/ccofzZQL.s
GNU C11 (GCC) version 6.4.0 (x86_64-redhat-linux)
	compiled by GNU C version 6.4.0, GMP version 4.3.2, MPFR version 2.4.2, MPC version 0.8.1, isl version 0.15
GGC heuristics: --param ggc-min-expand=100 --param ggc-min-heapsize=131072
ignoring nonexistent directory "/export/apps/CentOS7/gcc/6.4.0/lib/gcc/x86_64-redhat-linux/6.4.0/../../../../x86_64-redhat-linux/include"
#include "..." search starts here:
#include <...> search starts here:
 /export/apps/CentOS7/gcc/6.4.0/lib/gcc/x86_64-redhat-linux/6.4.0/include
 /usr/local/include
 /export/apps/CentOS7/gcc/6.4.0/include
 /export/apps/CentOS7/gcc/6.4.0/lib/gcc/x86_64-redhat-linux/6.4.0/include-fixed
 /usr/include
End of search list.
GNU C11 (GCC) version 6.4.0 (x86_64-redhat-linux)
	compiled by GNU C version 6.4.0, GMP version 4.3.2, MPFR version 2.4.2, MPC version 0.8.1, isl version 0.15
GGC heuristics: --param ggc-min-expand=100 --param ggc-min-heapsize=131072
Compiler executable checksum: 1f016e4317317a4d0ac3d5c4b81072e4
COLLECT_GCC_OPTIONS='-fopenmp' '-v' '-o' 'CMakeFiles/cmTC_65cd3.dir/OpenMPTryFlag.c.o' '-c' '-mtune=generic' '-march=x86-64' '-pthread'
 as -v --64 -o CMakeFiles/cmTC_65cd3.dir/OpenMPTryFlag.c.o /tmp/ccofzZQL.s
GNU assembler version 2.27 (x86_64-redhat-linux) using BFD version version 2.27-41.base.el7_7.2
COMPILER_PATH=/export/apps/CentOS7/gcc/6.4.0/libexec/gcc/x86_64-redhat-linux/6.4.0/:/export/apps/CentOS7/gcc/6.4.0/libexec/gcc/x86_64-redhat-linux/6.4.0/:/export/apps/CentOS7/gcc/6.4.0/libexec/gcc/x86_64-redhat-linux/:/export/apps/CentOS7/gcc/6.4.0/lib/gcc/x86_64-redhat-linux/6.4.0/:/export/apps/CentOS7/gcc/6.4.0/lib/gcc/x86_64-redhat-linux/
LIBRARY_PATH=/export/apps/CentOS7/gcc/6.4.0/lib/gcc/x86_64-redhat-linux/6.4.0/:/export/apps/CentOS7/gcc/6.4.0/lib/gcc/x86_64-redhat-linux/6.4.0/../../../../lib64/:/lib/../lib64/:/usr/lib/../lib64/:/export/apps/CentOS7/gcc/6.4.0/lib/gcc/x86_64-redhat-linux/6.4.0/../../../:/lib/:/usr/lib/
COLLECT_GCC_OPTIONS='-fopenmp' '-v' '-o' 'CMakeFiles/cmTC_65cd3.dir/OpenMPTryFlag.c.o' '-c' '-mtune=generic' '-march=x86-64' '-pthread'
Linking C executable cmTC_65cd3
/export/apps/CentOS7/cmake/3.13/bin/cmake -E cmake_link_script CMakeFiles/cmTC_65cd3.dir/link.txt --verbose=1
/export/apps/CentOS7/gcc/6.4.0/bin/gcc  -fopenmp -v    -rdynamic CMakeFiles/cmTC_65cd3.dir/OpenMPTryFlag.c.o  -o cmTC_65cd3 -v 
Using built-in specs.
COLLECT_GCC=/export/apps/CentOS7/gcc/6.4.0/bin/gcc
COLLECT_LTO_WRAPPER=/export/apps/CentOS7/gcc/6.4.0/libexec/gcc/x86_64-redhat-linux/6.4.0/lto-wrapper
Target: x86_64-redhat-linux
Configured with: ../gcc_6_4_0_release/configure --prefix=/export/apps/CentOS7/gcc/6.4.0 --enable-languages=c,c++,fortran --enable-bootstrap --enable-shared --enable-threads=posix --with-system-zlib --enable-__cxa_atexit --disable-libunwind-exceptions --enable-gnu-unique-object --enable-linker-build-id --with-linker-hash-style=gnu --enable-plugin --enable-initfini-array -enable-gnu-indirect-function --with-arch_32=x86-64 --build=x86_64-redhat-linux
Thread model: posix
gcc version 6.4.0 (GCC) 
COMPILER_PATH=/export/apps/CentOS7/gcc/6.4.0/libexec/gcc/x86_64-redhat-linux/6.4.0/:/export/apps/CentOS7/gcc/6.4.0/libexec/gcc/x86_64-redhat-linux/6.4.0/:/export/apps/CentOS7/gcc/6.4.0/libexec/gcc/x86_64-redhat-linux/:/export/apps/CentOS7/gcc/6.4.0/lib/gcc/x86_64-redhat-linux/6.4.0/:/export/apps/CentOS7/gcc/6.4.0/lib/gcc/x86_64-redhat-linux/
LIBRARY_PATH=/export/apps/CentOS7/gcc/6.4.0/lib/gcc/x86_64-redhat-linux/6.4.0/:/export/apps/CentOS7/gcc/6.4.0/lib/gcc/x86_64-redhat-linux/6.4.0/../../../../lib64/:/lib/../lib64/:/usr/lib/../lib64/:/export/apps/CentOS7/gcc/6.4.0/lib/gcc/x86_64-redhat-linux/6.4.0/../../../:/lib/:/usr/lib/
Reading specs from /export/apps/CentOS7/gcc/6.4.0/lib/gcc/x86_64-redhat-linux/6.4.0/../../../../lib64/libgomp.spec
COLLECT_GCC_OPTIONS='-fopenmp' '-v' '-rdynamic' '-o' 'cmTC_65cd3' '-v' '-mtune=generic' '-march=x86-64' '-pthread'
 /export/apps/CentOS7/gcc/6.4.0/libexec/gcc/x86_64-redhat-linux/6.4.0/collect2 -plugin /export/apps/CentOS7/gcc/6.4.0/libexec/gcc/x86_64-redhat-linux/6.4.0/liblto_plugin.so -plugin-opt=/export/apps/CentOS7/gcc/6.4.0/libexec/gcc/x86_64-redhat-linux/6.4.0/lto-wrapper -plugin-opt=-fresolution=/tmp/ccUVAzMR.res -plugin-opt=-pass-through=-lgcc -plugin-opt=-pass-through=-lgcc_s -plugin-opt=-pass-through=-lpthread -plugin-opt=-pass-through=-lc -plugin-opt=-pass-through=-lgcc -plugin-opt=-pass-through=-lgcc_s --build-id --eh-frame-hdr --hash-style=gnu -m elf_x86_64 -export-dynamic -dynamic-linker /lib64/ld-linux-x86-64.so.2 -o cmTC_65cd3 /lib/../lib64/crt1.o /lib/../lib64/crti.o /export/apps/CentOS7/gcc/6.4.0/lib/gcc/x86_64-redhat-linux/6.4.0/crtbegin.o -L/export/apps/CentOS7/gcc/6.4.0/lib/gcc/x86_64-redhat-linux/6.4.0 -L/export/apps/CentOS7/gcc/6.4.0/lib/gcc/x86_64-redhat-linux/6.4.0/../../../../lib64 -L/lib/../lib64 -L/usr/lib/../lib64 -L/export/apps/CentOS7/gcc/6.4.0/lib/gcc/x86_64-redhat-linux/6.4.0/../../.. CMakeFiles/cmTC_65cd3.dir/OpenMPTryFlag.c.o -lgomp -lgcc --as-needed -lgcc_s --no-as-needed -lpthread -lc -lgcc --as-needed -lgcc_s --no-as-needed /export/apps/CentOS7/gcc/6.4.0/lib/gcc/x86_64-redhat-linux/6.4.0/crtend.o /lib/../lib64/crtn.o
COLLECT_GCC_OPTIONS='-fopenmp' '-v' '-rdynamic' '-o' 'cmTC_65cd3' '-v' '-mtune=generic' '-march=x86-64' '-pthread'
gmake[1]: Leaving directory `/home/rhaye/55_RNaseH/3_BLaDE/2_ec2wc/run_folded/1_ec2wc/template_dca_20200307/PLM/CMakeFiles/CMakeTmp'


Parsed C OpenMP implicit link information from above output:
  link line regex: [^( *|.*[/\])(ld|CMAKE_LINK_STARTFILE-NOTFOUND|([^/\]+-)?ld|collect2)[^/\]*( |$)]
  ignore line: [Change Dir: /home/rhaye/55_RNaseH/3_BLaDE/2_ec2wc/run_folded/1_ec2wc/template_dca_20200307/PLM/CMakeFiles/CMakeTmp]
  ignore line: []
  ignore line: [Run Build Command:"/usr/bin/gmake" "cmTC_65cd3/fast"]
  ignore line: [/usr/bin/gmake -f CMakeFiles/cmTC_65cd3.dir/build.make CMakeFiles/cmTC_65cd3.dir/build]
  ignore line: [gmake[1]: Entering directory `/home/rhaye/55_RNaseH/3_BLaDE/2_ec2wc/run_folded/1_ec2wc/template_dca_20200307/PLM/CMakeFiles/CMakeTmp']
  ignore line: [Building C object CMakeFiles/cmTC_65cd3.dir/OpenMPTryFlag.c.o]
  ignore line: [/export/apps/CentOS7/gcc/6.4.0/bin/gcc   -fopenmp -v   -o CMakeFiles/cmTC_65cd3.dir/OpenMPTryFlag.c.o   -c /home/rhaye/55_RNaseH/3_BLaDE/2_ec2wc/run_folded/1_ec2wc/template_dca_20200307/PLM/CMakeFiles/FindOpenMP/OpenMPTryFlag.c]
  ignore line: [Using built-in specs.]
  ignore line: [COLLECT_GCC=/export/apps/CentOS7/gcc/6.4.0/bin/gcc]
  ignore line: [Target: x86_64-redhat-linux]
  ignore line: [Configured with: ../gcc_6_4_0_release/configure --prefix=/export/apps/CentOS7/gcc/6.4.0 --enable-languages=c,c++,fortran --enable-bootstrap --enable-shared --enable-threads=posix --with-system-zlib --enable-__cxa_atexit --disable-libunwind-exceptions --enable-gnu-unique-object --enable-linker-build-id --with-linker-hash-style=gnu --enable-plugin --enable-initfini-array -enable-gnu-indirect-function --with-arch_32=x86-64 --build=x86_64-redhat-linux]
  ignore line: [Thread model: posix]
  ignore line: [gcc version 6.4.0 (GCC) ]
  ignore line: [COLLECT_GCC_OPTIONS='-fopenmp' '-v' '-o' 'CMakeFiles/cmTC_65cd3.dir/OpenMPTryFlag.c.o' '-c' '-mtune=generic' '-march=x86-64' '-pthread']
  ignore line: [ /export/apps/CentOS7/gcc/6.4.0/libexec/gcc/x86_64-redhat-linux/6.4.0/cc1 -quiet -v -D_REENTRANT /home/rhaye/55_RNaseH/3_BLaDE/2_ec2wc/run_folded/1_ec2wc/template_dca_20200307/PLM/CMakeFiles/FindOpenMP/OpenMPTryFlag.c -quiet -dumpbase OpenMPTryFlag.c -mtune=generic -march=x86-64 -auxbase-strip CMakeFiles/cmTC_65cd3.dir/OpenMPTryFlag.c.o -version -fopenmp -o /tmp/ccofzZQL.s]
  ignore line: [GNU C11 (GCC) version 6.4.0 (x86_64-redhat-linux)]
  ignore line: [	compiled by GNU C version 6.4.0, GMP version 4.3.2, MPFR version 2.4.2, MPC version 0.8.1, isl version 0.15]
  ignore line: [GGC heuristics: --param ggc-min-expand=100 --param ggc-min-heapsize=131072]
  ignore line: [ignoring nonexistent directory "/export/apps/CentOS7/gcc/6.4.0/lib/gcc/x86_64-redhat-linux/6.4.0/../../../../x86_64-redhat-linux/include"]
  ignore line: [#include "..." search starts here:]
  ignore line: [#include <...> search starts here:]
  ignore line: [ /export/apps/CentOS7/gcc/6.4.0/lib/gcc/x86_64-redhat-linux/6.4.0/include]
  ignore line: [ /usr/local/include]
  ignore line: [ /export/apps/CentOS7/gcc/6.4.0/include]
  ignore line: [ /export/apps/CentOS7/gcc/6.4.0/lib/gcc/x86_64-redhat-linux/6.4.0/include-fixed]
  ignore line: [ /usr/include]
  ignore line: [End of search list.]
  ignore line: [GNU C11 (GCC) version 6.4.0 (x86_64-redhat-linux)]
  ignore line: [	compiled by GNU C version 6.4.0, GMP version 4.3.2, MPFR version 2.4.2, MPC version 0.8.1, isl version 0.15]
  ignore line: [GGC heuristics: --param ggc-min-expand=100 --param ggc-min-heapsize=131072]
  ignore line: [Compiler executable checksum: 1f016e4317317a4d0ac3d5c4b81072e4]
  ignore line: [COLLECT_GCC_OPTIONS='-fopenmp' '-v' '-o' 'CMakeFiles/cmTC_65cd3.dir/OpenMPTryFlag.c.o' '-c' '-mtune=generic' '-march=x86-64' '-pthread']
  ignore line: [ as -v --64 -o CMakeFiles/cmTC_65cd3.dir/OpenMPTryFlag.c.o /tmp/ccofzZQL.s]
  ignore line: [GNU assembler version 2.27 (x86_64-redhat-linux) using BFD version version 2.27-41.base.el7_7.2]
  ignore line: [COMPILER_PATH=/export/apps/CentOS7/gcc/6.4.0/libexec/gcc/x86_64-redhat-linux/6.4.0/:/export/apps/CentOS7/gcc/6.4.0/libexec/gcc/x86_64-redhat-linux/6.4.0/:/export/apps/CentOS7/gcc/6.4.0/libexec/gcc/x86_64-redhat-linux/:/export/apps/CentOS7/gcc/6.4.0/lib/gcc/x86_64-redhat-linux/6.4.0/:/export/apps/CentOS7/gcc/6.4.0/lib/gcc/x86_64-redhat-linux/]
  ignore line: [LIBRARY_PATH=/export/apps/CentOS7/gcc/6.4.0/lib/gcc/x86_64-redhat-linux/6.4.0/:/export/apps/CentOS7/gcc/6.4.0/lib/gcc/x86_64-redhat-linux/6.4.0/../../../../lib64/:/lib/../lib64/:/usr/lib/../lib64/:/export/apps/CentOS7/gcc/6.4.0/lib/gcc/x86_64-redhat-linux/6.4.0/../../../:/lib/:/usr/lib/]
  ignore line: [COLLECT_GCC_OPTIONS='-fopenmp' '-v' '-o' 'CMakeFiles/cmTC_65cd3.dir/OpenMPTryFlag.c.o' '-c' '-mtune=generic' '-march=x86-64' '-pthread']
  ignore line: [Linking C executable cmTC_65cd3]
  ignore line: [/export/apps/CentOS7/cmake/3.13/bin/cmake -E cmake_link_script CMakeFiles/cmTC_65cd3.dir/link.txt --verbose=1]
  ignore line: [/export/apps/CentOS7/gcc/6.4.0/bin/gcc  -fopenmp -v    -rdynamic CMakeFiles/cmTC_65cd3.dir/OpenMPTryFlag.c.o  -o cmTC_65cd3 -v ]
  ignore line: [Using built-in specs.]
  ignore line: [COLLECT_GCC=/export/apps/CentOS7/gcc/6.4.0/bin/gcc]
  ignore line: [COLLECT_LTO_WRAPPER=/export/apps/CentOS7/gcc/6.4.0/libexec/gcc/x86_64-redhat-linux/6.4.0/lto-wrapper]
  ignore line: [Target: x86_64-redhat-linux]
  ignore line: [Configured with: ../gcc_6_4_0_release/configure --prefix=/export/apps/CentOS7/gcc/6.4.0 --enable-languages=c,c++,fortran --enable-bootstrap --enable-shared --enable-threads=posix --with-system-zlib --enable-__cxa_atexit --disable-libunwind-exceptions --enable-gnu-unique-object --enable-linker-build-id --with-linker-hash-style=gnu --enable-plugin --enable-initfini-array -enable-gnu-indirect-function --with-arch_32=x86-64 --build=x86_64-redhat-linux]
  ignore line: [Thread model: posix]
  ignore line: [gcc version 6.4.0 (GCC) ]
  ignore line: [COMPILER_PATH=/export/apps/CentOS7/gcc/6.4.0/libexec/gcc/x86_64-redhat-linux/6.4.0/:/export/apps/CentOS7/gcc/6.4.0/libexec/gcc/x86_64-redhat-linux/6.4.0/:/export/apps/CentOS7/gcc/6.4.0/libexec/gcc/x86_64-redhat-linux/:/export/apps/CentOS7/gcc/6.4.0/lib/gcc/x86_64-redhat-linux/6.4.0/:/export/apps/CentOS7/gcc/6.4.0/lib/gcc/x86_64-redhat-linux/]
  ignore line: [LIBRARY_PATH=/export/apps/CentOS7/gcc/6.4.0/lib/gcc/x86_64-redhat-linux/6.4.0/:/export/apps/CentOS7/gcc/6.4.0/lib/gcc/x86_64-redhat-linux/6.4.0/../../../../lib64/:/lib/../lib64/:/usr/lib/../lib64/:/export/apps/CentOS7/gcc/6.4.0/lib/gcc/x86_64-redhat-linux/6.4.0/../../../:/lib/:/usr/lib/]
  ignore line: [Reading specs from /export/apps/CentOS7/gcc/6.4.0/lib/gcc/x86_64-redhat-linux/6.4.0/../../../../lib64/libgomp.spec]
  ignore line: [COLLECT_GCC_OPTIONS='-fopenmp' '-v' '-rdynamic' '-o' 'cmTC_65cd3' '-v' '-mtune=generic' '-march=x86-64' '-pthread']
  link line: [ /export/apps/CentOS7/gcc/6.4.0/libexec/gcc/x86_64-redhat-linux/6.4.0/collect2 -plugin /export/apps/CentOS7/gcc/6.4.0/libexec/gcc/x86_64-redhat-linux/6.4.0/liblto_plugin.so -plugin-opt=/export/apps/CentOS7/gcc/6.4.0/libexec/gcc/x86_64-redhat-linux/6.4.0/lto-wrapper -plugin-opt=-fresolution=/tmp/ccUVAzMR.res -plugin-opt=-pass-through=-lgcc -plugin-opt=-pass-through=-lgcc_s -plugin-opt=-pass-through=-lpthread -plugin-opt=-pass-through=-lc -plugin-opt=-pass-through=-lgcc -plugin-opt=-pass-through=-lgcc_s --build-id --eh-frame-hdr --hash-style=gnu -m elf_x86_64 -export-dynamic -dynamic-linker /lib64/ld-linux-x86-64.so.2 -o cmTC_65cd3 /lib/../lib64/crt1.o /lib/../lib64/crti.o /export/apps/CentOS7/gcc/6.4.0/lib/gcc/x86_64-redhat-linux/6.4.0/crtbegin.o -L/export/apps/CentOS7/gcc/6.4.0/lib/gcc/x86_64-redhat-linux/6.4.0 -L/export/apps/CentOS7/gcc/6.4.0/lib/gcc/x86_64-redhat-linux/6.4.0/../../../../lib64 -L/lib/../lib64 -L/usr/lib/../lib64 -L/export/apps/CentOS7/gcc/6.4.0/lib/gcc/x86_64-redhat-linux/6.4.0/../../.. CMakeFiles/cmTC_65cd3.dir/OpenMPTryFlag.c.o -lgomp -lgcc --as-needed -lgcc_s --no-as-needed -lpthread -lc -lgcc --as-needed -lgcc_s --no-as-needed /export/apps/CentOS7/gcc/6.4.0/lib/gcc/x86_64-redhat-linux/6.4.0/crtend.o /lib/../lib64/crtn.o]
    arg [/export/apps/CentOS7/gcc/6.4.0/libexec/gcc/x86_64-redhat-linux/6.4.0/collect2] ==> ignore
    arg [-plugin] ==> ignore
    arg [/export/apps/CentOS7/gcc/6.4.0/libexec/gcc/x86_64-redhat-linux/6.4.0/liblto_plugin.so] ==> ignore
    arg [-plugin-opt=/export/apps/CentOS7/gcc/6.4.0/libexec/gcc/x86_64-redhat-linux/6.4.0/lto-wrapper] ==> ignore
    arg [-plugin-opt=-fresolution=/tmp/ccUVAzMR.res] ==> ignore
    arg [-plugin-opt=-pass-through=-lgcc] ==> ignore
    arg [-plugin-opt=-pass-through=-lgcc_s] ==> ignore
    arg [-plugin-opt=-pass-through=-lpthread] ==> ignore
    arg [-plugin-opt=-pass-through=-lc] ==> ignore
    arg [-plugin-opt=-pass-through=-lgcc] ==> ignore
    arg [-plugin-opt=-pass-through=-lgcc_s] ==> ignore
    arg [--build-id] ==> ignore
    arg [--eh-frame-hdr] ==> ignore
    arg [--hash-style=gnu] ==> ignore
    arg [-m] ==> ignore
    arg [elf_x86_64] ==> ignore
    arg [-export-dynamic] ==> ignore
    arg [-dynamic-linker] ==> ignore
    arg [/lib64/ld-linux-x86-64.so.2] ==> ignore
    arg [-o] ==> ignore
    arg [cmTC_65cd3] ==> ignore
    arg [/lib/../lib64/crt1.o] ==> ignore
    arg [/lib/../lib64/crti.o] ==> ignore
    arg [/export/apps/CentOS7/gcc/6.4.0/lib/gcc/x86_64-redhat-linux/6.4.0/crtbegin.o] ==> ignore
    arg [-L/export/apps/CentOS7/gcc/6.4.0/lib/gcc/x86_64-redhat-linux/6.4.0] ==> dir [/export/apps/CentOS7/gcc/6.4.0/lib/gcc/x86_64-redhat-linux/6.4.0]
    arg [-L/export/apps/CentOS7/gcc/6.4.0/lib/gcc/x86_64-redhat-linux/6.4.0/../../../../lib64] ==> dir [/export/apps/CentOS7/gcc/6.4.0/lib/gcc/x86_64-redhat-linux/6.4.0/../../../../lib64]
    arg [-L/lib/../lib64] ==> dir [/lib/../lib64]
    arg [-L/usr/lib/../lib64] ==> dir [/usr/lib/../lib64]
    arg [-L/export/apps/CentOS7/gcc/6.4.0/lib/gcc/x86_64-redhat-linux/6.4.0/../../..] ==> dir [/export/apps/CentOS7/gcc/6.4.0/lib/gcc/x86_64-redhat-linux/6.4.0/../../..]
    arg [CMakeFiles/cmTC_65cd3.dir/OpenMPTryFlag.c.o] ==> ignore
    arg [-lgomp] ==> lib [gomp]
    arg [-lgcc] ==> lib [gcc]
    arg [--as-needed] ==> ignore
    arg [-lgcc_s] ==> lib [gcc_s]
    arg [--no-as-needed] ==> ignore
    arg [-lpthread] ==> lib [pthread]
    arg [-lc] ==> lib [c]
    arg [-lgcc] ==> lib [gcc]
    arg [--as-needed] ==> ignore
    arg [-lgcc_s] ==> lib [gcc_s]
    arg [--no-as-needed] ==> ignore
    arg [/export/apps/CentOS7/gcc/6.4.0/lib/gcc/x86_64-redhat-linux/6.4.0/crtend.o] ==> ignore
    arg [/lib/../lib64/crtn.o] ==> ignore
  collapse library dir [/export/apps/CentOS7/gcc/6.4.0/lib/gcc/x86_64-redhat-linux/6.4.0] ==> [/export/apps/CentOS7/gcc/6.4.0/lib/gcc/x86_64-redhat-linux/6.4.0]
  collapse library dir [/export/apps/CentOS7/gcc/6.4.0/lib/gcc/x86_64-redhat-linux/6.4.0/../../../../lib64] ==> [/export/apps/CentOS7/gcc/6.4.0/lib64]
  collapse library dir [/lib/../lib64] ==> [/lib64]
  collapse library dir [/usr/lib/../lib64] ==> [/usr/lib64]
  collapse library dir [/export/apps/CentOS7/gcc/6.4.0/lib/gcc/x86_64-redhat-linux/6.4.0/../../..] ==> [/export/apps/CentOS7/gcc/6.4.0/lib]
  implicit libs: [gomp;gcc;gcc_s;pthread;c;gcc;gcc_s]
  implicit dirs: [/export/apps/CentOS7/gcc/6.4.0/lib/gcc/x86_64-redhat-linux/6.4.0;/export/apps/CentOS7/gcc/6.4.0/lib64;/lib64;/usr/lib64;/export/apps/CentOS7/gcc/6.4.0/lib]
  implicit fwks: []


Detecting CXX OpenMP compiler ABI info compiled with the following output:
Change Dir: /home/rhaye/55_RNaseH/3_BLaDE/2_ec2wc/run_folded/1_ec2wc/template_dca_20200307/PLM/CMakeFiles/CMakeTmp

Run Build Command:"/usr/bin/gmake" "cmTC_eeb0d/fast"
/usr/bin/gmake -f CMakeFiles/cmTC_eeb0d.dir/build.make CMakeFiles/cmTC_eeb0d.dir/build
gmake[1]: Entering directory `/home/rhaye/55_RNaseH/3_BLaDE/2_ec2wc/run_folded/1_ec2wc/template_dca_20200307/PLM/CMakeFiles/CMakeTmp'
Building CXX object CMakeFiles/cmTC_eeb0d.dir/OpenMPTryFlag.cpp.o
/export/apps/CentOS7/gcc/6.4.0/bin/g++    -fopenmp -v   -o CMakeFiles/cmTC_eeb0d.dir/OpenMPTryFlag.cpp.o -c /home/rhaye/55_RNaseH/3_BLaDE/2_ec2wc/run_folded/1_ec2wc/template_dca_20200307/PLM/CMakeFiles/FindOpenMP/OpenMPTryFlag.cpp
Using built-in specs.
COLLECT_GCC=/export/apps/CentOS7/gcc/6.4.0/bin/g++
Target: x86_64-redhat-linux
Configured with: ../gcc_6_4_0_release/configure --prefix=/export/apps/CentOS7/gcc/6.4.0 --enable-languages=c,c++,fortran --enable-bootstrap --enable-shared --enable-threads=posix --with-system-zlib --enable-__cxa_atexit --disable-libunwind-exceptions --enable-gnu-unique-object --enable-linker-build-id --with-linker-hash-style=gnu --enable-plugin --enable-initfini-array -enable-gnu-indirect-function --with-arch_32=x86-64 --build=x86_64-redhat-linux
Thread model: posix
gcc version 6.4.0 (GCC) 
COLLECT_GCC_OPTIONS='-fopenmp' '-v' '-o' 'CMakeFiles/cmTC_eeb0d.dir/OpenMPTryFlag.cpp.o' '-c' '-shared-libgcc' '-mtune=generic' '-march=x86-64' '-pthread'
 /export/apps/CentOS7/gcc/6.4.0/libexec/gcc/x86_64-redhat-linux/6.4.0/cc1plus -quiet -v -D_GNU_SOURCE -D_REENTRANT /home/rhaye/55_RNaseH/3_BLaDE/2_ec2wc/run_folded/1_ec2wc/template_dca_20200307/PLM/CMakeFiles/FindOpenMP/OpenMPTryFlag.cpp -quiet -dumpbase OpenMPTryFlag.cpp -mtune=generic -march=x86-64 -auxbase-strip CMakeFiles/cmTC_eeb0d.dir/OpenMPTryFlag.cpp.o -version -fopenmp -o /tmp/ccC2Odpb.s
GNU C++14 (GCC) version 6.4.0 (x86_64-redhat-linux)
	compiled by GNU C version 6.4.0, GMP version 4.3.2, MPFR version 2.4.2, MPC version 0.8.1, isl version 0.15
GGC heuristics: --param ggc-min-expand=100 --param ggc-min-heapsize=131072
ignoring nonexistent directory "/export/apps/CentOS7/gcc/6.4.0/lib/gcc/x86_64-redhat-linux/6.4.0/../../../../x86_64-redhat-linux/include"
#include "..." search starts here:
#include <...> search starts here:
 /export/apps/CentOS7/gcc/6.4.0/lib/gcc/x86_64-redhat-linux/6.4.0/../../../../include/c++/6.4.0
 /export/apps/CentOS7/gcc/6.4.0/lib/gcc/x86_64-redhat-linux/6.4.0/../../../../include/c++/6.4.0/x86_64-redhat-linux
 /export/apps/CentOS7/gcc/6.4.0/lib/gcc/x86_64-redhat-linux/6.4.0/../../../../include/c++/6.4.0/backward
 /export/apps/CentOS7/gcc/6.4.0/lib/gcc/x86_64-redhat-linux/6.4.0/include
 /usr/local/include
 /export/apps/CentOS7/gcc/6.4.0/include
 /export/apps/CentOS7/gcc/6.4.0/lib/gcc/x86_64-redhat-linux/6.4.0/include-fixed
 /usr/include
End of search list.
GNU C++14 (GCC) version 6.4.0 (x86_64-redhat-linux)
	compiled by GNU C version 6.4.0, GMP version 4.3.2, MPFR version 2.4.2, MPC version 0.8.1, isl version 0.15
GGC heuristics: --param ggc-min-expand=100 --param ggc-min-heapsize=131072
Compiler executable checksum: a2ccae9da154b187013d0b4fc5961640
COLLECT_GCC_OPTIONS='-fopenmp' '-v' '-o' 'CMakeFiles/cmTC_eeb0d.dir/OpenMPTryFlag.cpp.o' '-c' '-shared-libgcc' '-mtune=generic' '-march=x86-64' '-pthread'
 as -v --64 -o CMakeFiles/cmTC_eeb0d.dir/OpenMPTryFlag.cpp.o /tmp/ccC2Odpb.s
GNU assembler version 2.27 (x86_64-redhat-linux) using BFD version version 2.27-41.base.el7_7.2
COMPILER_PATH=/export/apps/CentOS7/gcc/6.4.0/libexec/gcc/x86_64-redhat-linux/6.4.0/:/export/apps/CentOS7/gcc/6.4.0/libexec/gcc/x86_64-redhat-linux/6.4.0/:/export/apps/CentOS7/gcc/6.4.0/libexec/gcc/x86_64-redhat-linux/:/export/apps/CentOS7/gcc/6.4.0/lib/gcc/x86_64-redhat-linux/6.4.0/:/export/apps/CentOS7/gcc/6.4.0/lib/gcc/x86_64-redhat-linux/
LIBRARY_PATH=/export/apps/CentOS7/gcc/6.4.0/lib/gcc/x86_64-redhat-linux/6.4.0/:/export/apps/CentOS7/gcc/6.4.0/lib/gcc/x86_64-redhat-linux/6.4.0/../../../../lib64/:/lib/../lib64/:/usr/lib/../lib64/:/export/apps/CentOS7/gcc/6.4.0/lib/gcc/x86_64-redhat-linux/6.4.0/../../../:/lib/:/usr/lib/
COLLECT_GCC_OPTIONS='-fopenmp' '-v' '-o' 'CMakeFiles/cmTC_eeb0d.dir/OpenMPTryFlag.cpp.o' '-c' '-shared-libgcc' '-mtune=generic' '-march=x86-64' '-pthread'
Linking CXX executable cmTC_eeb0d
/export/apps/CentOS7/cmake/3.13/bin/cmake -E cmake_link_script CMakeFiles/cmTC_eeb0d.dir/link.txt --verbose=1
/export/apps/CentOS7/gcc/6.4.0/bin/g++   -fopenmp -v    -rdynamic CMakeFiles/cmTC_eeb0d.dir/OpenMPTryFlag.cpp.o  -o cmTC_eeb0d -v 
Using built-in specs.
COLLECT_GCC=/export/apps/CentOS7/gcc/6.4.0/bin/g++
COLLECT_LTO_WRAPPER=/export/apps/CentOS7/gcc/6.4.0/libexec/gcc/x86_64-redhat-linux/6.4.0/lto-wrapper
Target: x86_64-redhat-linux
Configured with: ../gcc_6_4_0_release/configure --prefix=/export/apps/CentOS7/gcc/6.4.0 --enable-languages=c,c++,fortran --enable-bootstrap --enable-shared --enable-threads=posix --with-system-zlib --enable-__cxa_atexit --disable-libunwind-exceptions --enable-gnu-unique-object --enable-linker-build-id --with-linker-hash-style=gnu --enable-plugin --enable-initfini-array -enable-gnu-indirect-function --with-arch_32=x86-64 --build=x86_64-redhat-linux
Thread model: posix
gcc version 6.4.0 (GCC) 
COMPILER_PATH=/export/apps/CentOS7/gcc/6.4.0/libexec/gcc/x86_64-redhat-linux/6.4.0/:/export/apps/CentOS7/gcc/6.4.0/libexec/gcc/x86_64-redhat-linux/6.4.0/:/export/apps/CentOS7/gcc/6.4.0/libexec/gcc/x86_64-redhat-linux/:/export/apps/CentOS7/gcc/6.4.0/lib/gcc/x86_64-redhat-linux/6.4.0/:/export/apps/CentOS7/gcc/6.4.0/lib/gcc/x86_64-redhat-linux/
LIBRARY_PATH=/export/apps/CentOS7/gcc/6.4.0/lib/gcc/x86_64-redhat-linux/6.4.0/:/export/apps/CentOS7/gcc/6.4.0/lib/gcc/x86_64-redhat-linux/6.4.0/../../../../lib64/:/lib/../lib64/:/usr/lib/../lib64/:/export/apps/CentOS7/gcc/6.4.0/lib/gcc/x86_64-redhat-linux/6.4.0/../../../:/lib/:/usr/lib/
Reading specs from /export/apps/CentOS7/gcc/6.4.0/lib/gcc/x86_64-redhat-linux/6.4.0/../../../../lib64/libgomp.spec
COLLECT_GCC_OPTIONS='-fopenmp' '-v' '-rdynamic' '-o' 'cmTC_eeb0d' '-v' '-shared-libgcc' '-mtune=generic' '-march=x86-64' '-pthread'
 /export/apps/CentOS7/gcc/6.4.0/libexec/gcc/x86_64-redhat-linux/6.4.0/collect2 -plugin /export/apps/CentOS7/gcc/6.4.0/libexec/gcc/x86_64-redhat-linux/6.4.0/liblto_plugin.so -plugin-opt=/export/apps/CentOS7/gcc/6.4.0/libexec/gcc/x86_64-redhat-linux/6.4.0/lto-wrapper -plugin-opt=-fresolution=/tmp/cc3tusLg.res -plugin-opt=-pass-through=-lgcc_s -plugin-opt=-pass-through=-lgcc -plugin-opt=-pass-through=-lpthread -plugin-opt=-pass-through=-lc -plugin-opt=-pass-through=-lgcc_s -plugin-opt=-pass-through=-lgcc --build-id --eh-frame-hdr --hash-style=gnu -m elf_x86_64 -export-dynamic -dynamic-linker /lib64/ld-linux-x86-64.so.2 -o cmTC_eeb0d /lib/../lib64/crt1.o /lib/../lib64/crti.o /export/apps/CentOS7/gcc/6.4.0/lib/gcc/x86_64-redhat-linux/6.4.0/crtbegin.o -L/export/apps/CentOS7/gcc/6.4.0/lib/gcc/x86_64-redhat-linux/6.4.0 -L/export/apps/CentOS7/gcc/6.4.0/lib/gcc/x86_64-redhat-linux/6.4.0/../../../../lib64 -L/lib/../lib64 -L/usr/lib/../lib64 -L/export/apps/CentOS7/gcc/6.4.0/lib/gcc/x86_64-redhat-linux/6.4.0/../../.. CMakeFiles/cmTC_eeb0d.dir/OpenMPTryFlag.cpp.o -lstdc++ -lm -lgomp -lgcc_s -lgcc -lpthread -lc -lgcc_s -lgcc /export/apps/CentOS7/gcc/6.4.0/lib/gcc/x86_64-redhat-linux/6.4.0/crtend.o /lib/../lib64/crtn.o
COLLECT_GCC_OPTIONS='-fopenmp' '-v' '-rdynamic' '-o' 'cmTC_eeb0d' '-v' '-shared-libgcc' '-mtune=generic' '-march=x86-64' '-pthread'
gmake[1]: Leaving directory `/home/rhaye/55_RNaseH/3_BLaDE/2_ec2wc/run_folded/1_ec2wc/template_dca_20200307/PLM/CMakeFiles/CMakeTmp'


Parsed CXX OpenMP implicit link information from above output:
  link line regex: [^( *|.*[/\])(ld|CMAKE_LINK_STARTFILE-NOTFOUND|([^/\]+-)?ld|collect2)[^/\]*( |$)]
  ignore line: [Change Dir: /home/rhaye/55_RNaseH/3_BLaDE/2_ec2wc/run_folded/1_ec2wc/template_dca_20200307/PLM/CMakeFiles/CMakeTmp]
  ignore line: []
  ignore line: [Run Build Command:"/usr/bin/gmake" "cmTC_eeb0d/fast"]
  ignore line: [/usr/bin/gmake -f CMakeFiles/cmTC_eeb0d.dir/build.make CMakeFiles/cmTC_eeb0d.dir/build]
  ignore line: [gmake[1]: Entering directory `/home/rhaye/55_RNaseH/3_BLaDE/2_ec2wc/run_folded/1_ec2wc/template_dca_20200307/PLM/CMakeFiles/CMakeTmp']
  ignore line: [Building CXX object CMakeFiles/cmTC_eeb0d.dir/OpenMPTryFlag.cpp.o]
  ignore line: [/export/apps/CentOS7/gcc/6.4.0/bin/g++    -fopenmp -v   -o CMakeFiles/cmTC_eeb0d.dir/OpenMPTryFlag.cpp.o -c /home/rhaye/55_RNaseH/3_BLaDE/2_ec2wc/run_folded/1_ec2wc/template_dca_20200307/PLM/CMakeFiles/FindOpenMP/OpenMPTryFlag.cpp]
  ignore line: [Using built-in specs.]
  ignore line: [COLLECT_GCC=/export/apps/CentOS7/gcc/6.4.0/bin/g++]
  ignore line: [Target: x86_64-redhat-linux]
  ignore line: [Configured with: ../gcc_6_4_0_release/configure --prefix=/export/apps/CentOS7/gcc/6.4.0 --enable-languages=c,c++,fortran --enable-bootstrap --enable-shared --enable-threads=posix --with-system-zlib --enable-__cxa_atexit --disable-libunwind-exceptions --enable-gnu-unique-object --enable-linker-build-id --with-linker-hash-style=gnu --enable-plugin --enable-initfini-array -enable-gnu-indirect-function --with-arch_32=x86-64 --build=x86_64-redhat-linux]
  ignore line: [Thread model: posix]
  ignore line: [gcc version 6.4.0 (GCC) ]
  ignore line: [COLLECT_GCC_OPTIONS='-fopenmp' '-v' '-o' 'CMakeFiles/cmTC_eeb0d.dir/OpenMPTryFlag.cpp.o' '-c' '-shared-libgcc' '-mtune=generic' '-march=x86-64' '-pthread']
  ignore line: [ /export/apps/CentOS7/gcc/6.4.0/libexec/gcc/x86_64-redhat-linux/6.4.0/cc1plus -quiet -v -D_GNU_SOURCE -D_REENTRANT /home/rhaye/55_RNaseH/3_BLaDE/2_ec2wc/run_folded/1_ec2wc/template_dca_20200307/PLM/CMakeFiles/FindOpenMP/OpenMPTryFlag.cpp -quiet -dumpbase OpenMPTryFlag.cpp -mtune=generic -march=x86-64 -auxbase-strip CMakeFiles/cmTC_eeb0d.dir/OpenMPTryFlag.cpp.o -version -fopenmp -o /tmp/ccC2Odpb.s]
  ignore line: [GNU C++14 (GCC) version 6.4.0 (x86_64-redhat-linux)]
  ignore line: [	compiled by GNU C version 6.4.0, GMP version 4.3.2, MPFR version 2.4.2, MPC version 0.8.1, isl version 0.15]
  ignore line: [GGC heuristics: --param ggc-min-expand=100 --param ggc-min-heapsize=131072]
  ignore line: [ignoring nonexistent directory "/export/apps/CentOS7/gcc/6.4.0/lib/gcc/x86_64-redhat-linux/6.4.0/../../../../x86_64-redhat-linux/include"]
  ignore line: [#include "..." search starts here:]
  ignore line: [#include <...> search starts here:]
  ignore line: [ /export/apps/CentOS7/gcc/6.4.0/lib/gcc/x86_64-redhat-linux/6.4.0/../../../../include/c++/6.4.0]
  ignore line: [ /export/apps/CentOS7/gcc/6.4.0/lib/gcc/x86_64-redhat-linux/6.4.0/../../../../include/c++/6.4.0/x86_64-redhat-linux]
  ignore line: [ /export/apps/CentOS7/gcc/6.4.0/lib/gcc/x86_64-redhat-linux/6.4.0/../../../../include/c++/6.4.0/backward]
  ignore line: [ /export/apps/CentOS7/gcc/6.4.0/lib/gcc/x86_64-redhat-linux/6.4.0/include]
  ignore line: [ /usr/local/include]
  ignore line: [ /export/apps/CentOS7/gcc/6.4.0/include]
  ignore line: [ /export/apps/CentOS7/gcc/6.4.0/lib/gcc/x86_64-redhat-linux/6.4.0/include-fixed]
  ignore line: [ /usr/include]
  ignore line: [End of search list.]
  ignore line: [GNU C++14 (GCC) version 6.4.0 (x86_64-redhat-linux)]
  ignore line: [	compiled by GNU C version 6.4.0, GMP version 4.3.2, MPFR version 2.4.2, MPC version 0.8.1, isl version 0.15]
  ignore line: [GGC heuristics: --param ggc-min-expand=100 --param ggc-min-heapsize=131072]
  ignore line: [Compiler executable checksum: a2ccae9da154b187013d0b4fc5961640]
  ignore line: [COLLECT_GCC_OPTIONS='-fopenmp' '-v' '-o' 'CMakeFiles/cmTC_eeb0d.dir/OpenMPTryFlag.cpp.o' '-c' '-shared-libgcc' '-mtune=generic' '-march=x86-64' '-pthread']
  ignore line: [ as -v --64 -o CMakeFiles/cmTC_eeb0d.dir/OpenMPTryFlag.cpp.o /tmp/ccC2Odpb.s]
  ignore line: [GNU assembler version 2.27 (x86_64-redhat-linux) using BFD version version 2.27-41.base.el7_7.2]
  ignore line: [COMPILER_PATH=/export/apps/CentOS7/gcc/6.4.0/libexec/gcc/x86_64-redhat-linux/6.4.0/:/export/apps/CentOS7/gcc/6.4.0/libexec/gcc/x86_64-redhat-linux/6.4.0/:/export/apps/CentOS7/gcc/6.4.0/libexec/gcc/x86_64-redhat-linux/:/export/apps/CentOS7/gcc/6.4.0/lib/gcc/x86_64-redhat-linux/6.4.0/:/export/apps/CentOS7/gcc/6.4.0/lib/gcc/x86_64-redhat-linux/]
  ignore line: [LIBRARY_PATH=/export/apps/CentOS7/gcc/6.4.0/lib/gcc/x86_64-redhat-linux/6.4.0/:/export/apps/CentOS7/gcc/6.4.0/lib/gcc/x86_64-redhat-linux/6.4.0/../../../../lib64/:/lib/../lib64/:/usr/lib/../lib64/:/export/apps/CentOS7/gcc/6.4.0/lib/gcc/x86_64-redhat-linux/6.4.0/../../../:/lib/:/usr/lib/]
  ignore line: [COLLECT_GCC_OPTIONS='-fopenmp' '-v' '-o' 'CMakeFiles/cmTC_eeb0d.dir/OpenMPTryFlag.cpp.o' '-c' '-shared-libgcc' '-mtune=generic' '-march=x86-64' '-pthread']
  ignore line: [Linking CXX executable cmTC_eeb0d]
  ignore line: [/export/apps/CentOS7/cmake/3.13/bin/cmake -E cmake_link_script CMakeFiles/cmTC_eeb0d.dir/link.txt --verbose=1]
  ignore line: [/export/apps/CentOS7/gcc/6.4.0/bin/g++   -fopenmp -v    -rdynamic CMakeFiles/cmTC_eeb0d.dir/OpenMPTryFlag.cpp.o  -o cmTC_eeb0d -v ]
  ignore line: [Using built-in specs.]
  ignore line: [COLLECT_GCC=/export/apps/CentOS7/gcc/6.4.0/bin/g++]
  ignore line: [COLLECT_LTO_WRAPPER=/export/apps/CentOS7/gcc/6.4.0/libexec/gcc/x86_64-redhat-linux/6.4.0/lto-wrapper]
  ignore line: [Target: x86_64-redhat-linux]
  ignore line: [Configured with: ../gcc_6_4_0_release/configure --prefix=/export/apps/CentOS7/gcc/6.4.0 --enable-languages=c,c++,fortran --enable-bootstrap --enable-shared --enable-threads=posix --with-system-zlib --enable-__cxa_atexit --disable-libunwind-exceptions --enable-gnu-unique-object --enable-linker-build-id --with-linker-hash-style=gnu --enable-plugin --enable-initfini-array -enable-gnu-indirect-function --with-arch_32=x86-64 --build=x86_64-redhat-linux]
  ignore line: [Thread model: posix]
  ignore line: [gcc version 6.4.0 (GCC) ]
  ignore line: [COMPILER_PATH=/export/apps/CentOS7/gcc/6.4.0/libexec/gcc/x86_64-redhat-linux/6.4.0/:/export/apps/CentOS7/gcc/6.4.0/libexec/gcc/x86_64-redhat-linux/6.4.0/:/export/apps/CentOS7/gcc/6.4.0/libexec/gcc/x86_64-redhat-linux/:/export/apps/CentOS7/gcc/6.4.0/lib/gcc/x86_64-redhat-linux/6.4.0/:/export/apps/CentOS7/gcc/6.4.0/lib/gcc/x86_64-redhat-linux/]
  ignore line: [LIBRARY_PATH=/export/apps/CentOS7/gcc/6.4.0/lib/gcc/x86_64-redhat-linux/6.4.0/:/export/apps/CentOS7/gcc/6.4.0/lib/gcc/x86_64-redhat-linux/6.4.0/../../../../lib64/:/lib/../lib64/:/usr/lib/../lib64/:/export/apps/CentOS7/gcc/6.4.0/lib/gcc/x86_64-redhat-linux/6.4.0/../../../:/lib/:/usr/lib/]
  ignore line: [Reading specs from /export/apps/CentOS7/gcc/6.4.0/lib/gcc/x86_64-redhat-linux/6.4.0/../../../../lib64/libgomp.spec]
  ignore line: [COLLECT_GCC_OPTIONS='-fopenmp' '-v' '-rdynamic' '-o' 'cmTC_eeb0d' '-v' '-shared-libgcc' '-mtune=generic' '-march=x86-64' '-pthread']
  link line: [ /export/apps/CentOS7/gcc/6.4.0/libexec/gcc/x86_64-redhat-linux/6.4.0/collect2 -plugin /export/apps/CentOS7/gcc/6.4.0/libexec/gcc/x86_64-redhat-linux/6.4.0/liblto_plugin.so -plugin-opt=/export/apps/CentOS7/gcc/6.4.0/libexec/gcc/x86_64-redhat-linux/6.4.0/lto-wrapper -plugin-opt=-fresolution=/tmp/cc3tusLg.res -plugin-opt=-pass-through=-lgcc_s -plugin-opt=-pass-through=-lgcc -plugin-opt=-pass-through=-lpthread -plugin-opt=-pass-through=-lc -plugin-opt=-pass-through=-lgcc_s -plugin-opt=-pass-through=-lgcc --build-id --eh-frame-hdr --hash-style=gnu -m elf_x86_64 -export-dynamic -dynamic-linker /lib64/ld-linux-x86-64.so.2 -o cmTC_eeb0d /lib/../lib64/crt1.o /lib/../lib64/crti.o /export/apps/CentOS7/gcc/6.4.0/lib/gcc/x86_64-redhat-linux/6.4.0/crtbegin.o -L/export/apps/CentOS7/gcc/6.4.0/lib/gcc/x86_64-redhat-linux/6.4.0 -L/export/apps/CentOS7/gcc/6.4.0/lib/gcc/x86_64-redhat-linux/6.4.0/../../../../lib64 -L/lib/../lib64 -L/usr/lib/../lib64 -L/export/apps/CentOS7/gcc/6.4.0/lib/gcc/x86_64-redhat-linux/6.4.0/../../.. CMakeFiles/cmTC_eeb0d.dir/OpenMPTryFlag.cpp.o -lstdc++ -lm -lgomp -lgcc_s -lgcc -lpthread -lc -lgcc_s -lgcc /export/apps/CentOS7/gcc/6.4.0/lib/gcc/x86_64-redhat-linux/6.4.0/crtend.o /lib/../lib64/crtn.o]
    arg [/export/apps/CentOS7/gcc/6.4.0/libexec/gcc/x86_64-redhat-linux/6.4.0/collect2] ==> ignore
    arg [-plugin] ==> ignore
    arg [/export/apps/CentOS7/gcc/6.4.0/libexec/gcc/x86_64-redhat-linux/6.4.0/liblto_plugin.so] ==> ignore
    arg [-plugin-opt=/export/apps/CentOS7/gcc/6.4.0/libexec/gcc/x86_64-redhat-linux/6.4.0/lto-wrapper] ==> ignore
    arg [-plugin-opt=-fresolution=/tmp/cc3tusLg.res] ==> ignore
    arg [-plugin-opt=-pass-through=-lgcc_s] ==> ignore
    arg [-plugin-opt=-pass-through=-lgcc] ==> ignore
    arg [-plugin-opt=-pass-through=-lpthread] ==> ignore
    arg [-plugin-opt=-pass-through=-lc] ==> ignore
    arg [-plugin-opt=-pass-through=-lgcc_s] ==> ignore
    arg [-plugin-opt=-pass-through=-lgcc] ==> ignore
    arg [--build-id] ==> ignore
    arg [--eh-frame-hdr] ==> ignore
    arg [--hash-style=gnu] ==> ignore
    arg [-m] ==> ignore
    arg [elf_x86_64] ==> ignore
    arg [-export-dynamic] ==> ignore
    arg [-dynamic-linker] ==> ignore
    arg [/lib64/ld-linux-x86-64.so.2] ==> ignore
    arg [-o] ==> ignore
    arg [cmTC_eeb0d] ==> ignore
    arg [/lib/../lib64/crt1.o] ==> ignore
    arg [/lib/../lib64/crti.o] ==> ignore
    arg [/export/apps/CentOS7/gcc/6.4.0/lib/gcc/x86_64-redhat-linux/6.4.0/crtbegin.o] ==> ignore
    arg [-L/export/apps/CentOS7/gcc/6.4.0/lib/gcc/x86_64-redhat-linux/6.4.0] ==> dir [/export/apps/CentOS7/gcc/6.4.0/lib/gcc/x86_64-redhat-linux/6.4.0]
    arg [-L/export/apps/CentOS7/gcc/6.4.0/lib/gcc/x86_64-redhat-linux/6.4.0/../../../../lib64] ==> dir [/export/apps/CentOS7/gcc/6.4.0/lib/gcc/x86_64-redhat-linux/6.4.0/../../../../lib64]
    arg [-L/lib/../lib64] ==> dir [/lib/../lib64]
    arg [-L/usr/lib/../lib64] ==> dir [/usr/lib/../lib64]
    arg [-L/export/apps/CentOS7/gcc/6.4.0/lib/gcc/x86_64-redhat-linux/6.4.0/../../..] ==> dir [/export/apps/CentOS7/gcc/6.4.0/lib/gcc/x86_64-redhat-linux/6.4.0/../../..]
    arg [CMakeFiles/cmTC_eeb0d.dir/OpenMPTryFlag.cpp.o] ==> ignore
    arg [-lstdc++] ==> lib [stdc++]
    arg [-lm] ==> lib [m]
    arg [-lgomp] ==> lib [gomp]
    arg [-lgcc_s] ==> lib [gcc_s]
    arg [-lgcc] ==> lib [gcc]
    arg [-lpthread] ==> lib [pthread]
    arg [-lc] ==> lib [c]
    arg [-lgcc_s] ==> lib [gcc_s]
    arg [-lgcc] ==> lib [gcc]
    arg [/export/apps/CentOS7/gcc/6.4.0/lib/gcc/x86_64-redhat-linux/6.4.0/crtend.o] ==> ignore
    arg [/lib/../lib64/crtn.o] ==> ignore
  collapse library dir [/export/apps/CentOS7/gcc/6.4.0/lib/gcc/x86_64-redhat-linux/6.4.0] ==> [/export/apps/CentOS7/gcc/6.4.0/lib/gcc/x86_64-redhat-linux/6.4.0]
  collapse library dir [/export/apps/CentOS7/gcc/6.4.0/lib/gcc/x86_64-redhat-linux/6.4.0/../../../../lib64] ==> [/export/apps/CentOS7/gcc/6.4.0/lib64]
  collapse library dir [/lib/../lib64] ==> [/lib64]
  collapse library dir [/usr/lib/../lib64] ==> [/usr/lib64]
  collapse library dir [/export/apps/CentOS7/gcc/6.4.0/lib/gcc/x86_64-redhat-linux/6.4.0/../../..] ==> [/export/apps/CentOS7/gcc/6.4.0/lib]
  implicit libs: [stdc++;m;gomp;gcc_s;gcc;pthread;c;gcc_s;gcc]
  implicit dirs: [/export/apps/CentOS7/gcc/6.4.0/lib/gcc/x86_64-redhat-linux/6.4.0;/export/apps/CentOS7/gcc/6.4.0/lib64;/lib64;/usr/lib64;/export/apps/CentOS7/gcc/6.4.0/lib]
  implicit fwks: []


