Determining if the pthread_create exist failed with the following output:
Change Dir: /home/rhaye/55_RNaseH/3_BLaDE/2_ec2wc/run_folded/1_ec2wc/template_dca_20200307/PLM/CMakeFiles/CMakeTmp

Run Build Command:"/usr/bin/gmake" "cmTC_6e28e/fast"
/usr/bin/gmake -f CMakeFiles/cmTC_6e28e.dir/build.make CMakeFiles/cmTC_6e28e.dir/build
gmake[1]: Entering directory `/home/rhaye/55_RNaseH/3_BLaDE/2_ec2wc/run_folded/1_ec2wc/template_dca_20200307/PLM/CMakeFiles/CMakeTmp'
Building C object CMakeFiles/cmTC_6e28e.dir/CheckSymbolExists.c.o
/export/apps/CentOS7/gcc/6.4.0/bin/gcc   -fPIC    -o CMakeFiles/cmTC_6e28e.dir/CheckSymbolExists.c.o   -c /home/rhaye/55_RNaseH/3_BLaDE/2_ec2wc/run_folded/1_ec2wc/template_dca_20200307/PLM/CMakeFiles/CMakeTmp/CheckSymbolExists.c
Linking C executable cmTC_6e28e
/export/apps/CentOS7/cmake/3.13/bin/cmake -E cmake_link_script CMakeFiles/cmTC_6e28e.dir/link.txt --verbose=1
/export/apps/CentOS7/gcc/6.4.0/bin/gcc -fPIC     -rdynamic CMakeFiles/cmTC_6e28e.dir/CheckSymbolExists.c.o  -o cmTC_6e28e 
CMakeFiles/cmTC_6e28e.dir/CheckSymbolExists.c.o: In function `main':
CheckSymbolExists.c:(.text+0x1b): undefined reference to `pthread_create'
collect2: error: ld returned 1 exit status
gmake[1]: *** [cmTC_6e28e] Error 1
gmake[1]: Leaving directory `/home/rhaye/55_RNaseH/3_BLaDE/2_ec2wc/run_folded/1_ec2wc/template_dca_20200307/PLM/CMakeFiles/CMakeTmp'
gmake: *** [cmTC_6e28e/fast] Error 2

File /home/rhaye/55_RNaseH/3_BLaDE/2_ec2wc/run_folded/1_ec2wc/template_dca_20200307/PLM/CMakeFiles/CMakeTmp/CheckSymbolExists.c:
/* */
#include <pthread.h>

int main(int argc, char** argv)
{
  (void)argv;
#ifndef pthread_create
  return ((int*)(&pthread_create))[argc];
#else
  (void)argc;
  return 0;
#endif
}

Determining if the function pthread_create exists in the pthreads failed with the following output:
Change Dir: /home/rhaye/55_RNaseH/3_BLaDE/2_ec2wc/run_folded/1_ec2wc/template_dca_20200307/PLM/CMakeFiles/CMakeTmp

Run Build Command:"/usr/bin/gmake" "cmTC_deeab/fast"
/usr/bin/gmake -f CMakeFiles/cmTC_deeab.dir/build.make CMakeFiles/cmTC_deeab.dir/build
gmake[1]: Entering directory `/home/rhaye/55_RNaseH/3_BLaDE/2_ec2wc/run_folded/1_ec2wc/template_dca_20200307/PLM/CMakeFiles/CMakeTmp'
Building C object CMakeFiles/cmTC_deeab.dir/CheckFunctionExists.c.o
/export/apps/CentOS7/gcc/6.4.0/bin/gcc   -fPIC -DCHECK_FUNCTION_EXISTS=pthread_create   -o CMakeFiles/cmTC_deeab.dir/CheckFunctionExists.c.o   -c /export/apps/CentOS7/cmake/3.13/share/cmake-3.13/Modules/CheckFunctionExists.c
Linking C executable cmTC_deeab
/export/apps/CentOS7/cmake/3.13/bin/cmake -E cmake_link_script CMakeFiles/cmTC_deeab.dir/link.txt --verbose=1
/export/apps/CentOS7/gcc/6.4.0/bin/gcc -fPIC -DCHECK_FUNCTION_EXISTS=pthread_create    -rdynamic CMakeFiles/cmTC_deeab.dir/CheckFunctionExists.c.o  -o cmTC_deeab -lpthreads 
/usr/bin/ld: cannot find -lpthreads
collect2: error: ld returned 1 exit status
gmake[1]: *** [cmTC_deeab] Error 1
gmake[1]: Leaving directory `/home/rhaye/55_RNaseH/3_BLaDE/2_ec2wc/run_folded/1_ec2wc/template_dca_20200307/PLM/CMakeFiles/CMakeTmp'
gmake: *** [cmTC_deeab/fast] Error 2


