The system is: Linux - 3.10.0-957.21.2.el7.x86_64 - x86_64
Compiling the C compiler identification source file "CMakeCCompilerId.c" succeeded.
Compiler: /export/apps/CentOS7/gcc/6.4.0/bin/gcc 
Build flags: 
Id flags:  

The output was:
0


Compilation of the C compiler identification source "CMakeCCompilerId.c" produced "a.out"

The C compiler identification is GNU, found in "/home/rhaye/63_MSLD_Couplings/1_T4L/1_3site/run_CouplingALF2/folded/template/dWHAMdV_mso/CMakeFiles/3.13.0-rc1/CompilerIdC/a.out"

Compiling the CXX compiler identification source file "CMakeCXXCompilerId.cpp" succeeded.
Compiler: /export/apps/CentOS7/gcc/6.4.0/bin/g++ 
Build flags: 
Id flags:  

The output was:
0


Compilation of the CXX compiler identification source "CMakeCXXCompilerId.cpp" produced "a.out"

The CXX compiler identification is GNU, found in "/home/rhaye/63_MSLD_Couplings/1_T4L/1_3site/run_CouplingALF2/folded/template/dWHAMdV_mso/CMakeFiles/3.13.0-rc1/CompilerIdCXX/a.out"

Determining if the C compiler works passed with the following output:
Change Dir: /home/rhaye/63_MSLD_Couplings/1_T4L/1_3site/run_CouplingALF2/folded/template/dWHAMdV_mso/CMakeFiles/CMakeTmp

Run Build Command:"/usr/bin/gmake" "cmTC_93169/fast"
/usr/bin/gmake -f CMakeFiles/cmTC_93169.dir/build.make CMakeFiles/cmTC_93169.dir/build
gmake[1]: Entering directory `/home/rhaye/63_MSLD_Couplings/1_T4L/1_3site/run_CouplingALF2/folded/template/dWHAMdV_mso/CMakeFiles/CMakeTmp'
Building C object CMakeFiles/cmTC_93169.dir/testCCompiler.c.o
/export/apps/CentOS7/gcc/6.4.0/bin/gcc    -o CMakeFiles/cmTC_93169.dir/testCCompiler.c.o   -c /home/rhaye/63_MSLD_Couplings/1_T4L/1_3site/run_CouplingALF2/folded/template/dWHAMdV_mso/CMakeFiles/CMakeTmp/testCCompiler.c
Linking C executable cmTC_93169
/export/apps/CentOS7/cmake/3.13/bin/cmake -E cmake_link_script CMakeFiles/cmTC_93169.dir/link.txt --verbose=1
/export/apps/CentOS7/gcc/6.4.0/bin/gcc      -rdynamic CMakeFiles/cmTC_93169.dir/testCCompiler.c.o  -o cmTC_93169 
gmake[1]: Leaving directory `/home/rhaye/63_MSLD_Couplings/1_T4L/1_3site/run_CouplingALF2/folded/template/dWHAMdV_mso/CMakeFiles/CMakeTmp'


Detecting C compiler ABI info compiled with the following output:
Change Dir: /home/rhaye/63_MSLD_Couplings/1_T4L/1_3site/run_CouplingALF2/folded/template/dWHAMdV_mso/CMakeFiles/CMakeTmp

Run Build Command:"/usr/bin/gmake" "cmTC_9c7a8/fast"
/usr/bin/gmake -f CMakeFiles/cmTC_9c7a8.dir/build.make CMakeFiles/cmTC_9c7a8.dir/build
gmake[1]: Entering directory `/home/rhaye/63_MSLD_Couplings/1_T4L/1_3site/run_CouplingALF2/folded/template/dWHAMdV_mso/CMakeFiles/CMakeTmp'
Building C object CMakeFiles/cmTC_9c7a8.dir/CMakeCCompilerABI.c.o
/export/apps/CentOS7/gcc/6.4.0/bin/gcc    -o CMakeFiles/cmTC_9c7a8.dir/CMakeCCompilerABI.c.o   -c /export/apps/CentOS7/cmake/3.13/share/cmake-3.13/Modules/CMakeCCompilerABI.c
Linking C executable cmTC_9c7a8
/export/apps/CentOS7/cmake/3.13/bin/cmake -E cmake_link_script CMakeFiles/cmTC_9c7a8.dir/link.txt --verbose=1
/export/apps/CentOS7/gcc/6.4.0/bin/gcc     -v -rdynamic CMakeFiles/cmTC_9c7a8.dir/CMakeCCompilerABI.c.o  -o cmTC_9c7a8 
Using built-in specs.
COLLECT_GCC=/export/apps/CentOS7/gcc/6.4.0/bin/gcc
COLLECT_LTO_WRAPPER=/export/apps/CentOS7/gcc/6.4.0/libexec/gcc/x86_64-redhat-linux/6.4.0/lto-wrapper
Target: x86_64-redhat-linux
Configured with: ../gcc_6_4_0_release/configure --prefix=/export/apps/CentOS7/gcc/6.4.0 --enable-languages=c,c++,fortran --enable-bootstrap --enable-shared --enable-threads=posix --with-system-zlib --enable-__cxa_atexit --disable-libunwind-exceptions --enable-gnu-unique-object --enable-linker-build-id --with-linker-hash-style=gnu --enable-plugin --enable-initfini-array -enable-gnu-indirect-function --with-arch_32=x86-64 --build=x86_64-redhat-linux
Thread model: posix
gcc version 6.4.0 (GCC) 
COMPILER_PATH=/export/apps/CentOS7/gcc/6.4.0/libexec/gcc/x86_64-redhat-linux/6.4.0/:/export/apps/CentOS7/gcc/6.4.0/libexec/gcc/x86_64-redhat-linux/6.4.0/:/export/apps/CentOS7/gcc/6.4.0/libexec/gcc/x86_64-redhat-linux/:/export/apps/CentOS7/gcc/6.4.0/lib/gcc/x86_64-redhat-linux/6.4.0/:/export/apps/CentOS7/gcc/6.4.0/lib/gcc/x86_64-redhat-linux/
LIBRARY_PATH=/export/apps/CentOS7/gcc/6.4.0/lib/gcc/x86_64-redhat-linux/6.4.0/:/export/apps/CentOS7/gcc/6.4.0/lib/gcc/x86_64-redhat-linux/6.4.0/../../../../lib64/:/lib/../lib64/:/usr/lib/../lib64/:/export/apps/CentOS7/gcc/6.4.0/lib/gcc/x86_64-redhat-linux/6.4.0/../../../:/lib/:/usr/lib/
COLLECT_GCC_OPTIONS='-v' '-rdynamic' '-o' 'cmTC_9c7a8' '-mtune=generic' '-march=x86-64'
 /export/apps/CentOS7/gcc/6.4.0/libexec/gcc/x86_64-redhat-linux/6.4.0/collect2 -plugin /export/apps/CentOS7/gcc/6.4.0/libexec/gcc/x86_64-redhat-linux/6.4.0/liblto_plugin.so -plugin-opt=/export/apps/CentOS7/gcc/6.4.0/libexec/gcc/x86_64-redhat-linux/6.4.0/lto-wrapper -plugin-opt=-fresolution=/tmp/ccVXWorF.res -plugin-opt=-pass-through=-lgcc -plugin-opt=-pass-through=-lgcc_s -plugin-opt=-pass-through=-lc -plugin-opt=-pass-through=-lgcc -plugin-opt=-pass-through=-lgcc_s --build-id --eh-frame-hdr --hash-style=gnu -m elf_x86_64 -export-dynamic -dynamic-linker /lib64/ld-linux-x86-64.so.2 -o cmTC_9c7a8 /lib/../lib64/crt1.o /lib/../lib64/crti.o /export/apps/CentOS7/gcc/6.4.0/lib/gcc/x86_64-redhat-linux/6.4.0/crtbegin.o -L/export/apps/CentOS7/gcc/6.4.0/lib/gcc/x86_64-redhat-linux/6.4.0 -L/export/apps/CentOS7/gcc/6.4.0/lib/gcc/x86_64-redhat-linux/6.4.0/../../../../lib64 -L/lib/../lib64 -L/usr/lib/../lib64 -L/export/apps/CentOS7/gcc/6.4.0/lib/gcc/x86_64-redhat-linux/6.4.0/../../.. CMakeFiles/cmTC_9c7a8.dir/CMakeCCompilerABI.c.o -lgcc --as-needed -lgcc_s --no-as-needed -lc -lgcc --as-needed -lgcc_s --no-as-needed /export/apps/CentOS7/gcc/6.4.0/lib/gcc/x86_64-redhat-linux/6.4.0/crtend.o /lib/../lib64/crtn.o
COLLECT_GCC_OPTIONS='-v' '-rdynamic' '-o' 'cmTC_9c7a8' '-mtune=generic' '-march=x86-64'
gmake[1]: Leaving directory `/home/rhaye/63_MSLD_Couplings/1_T4L/1_3site/run_CouplingALF2/folded/template/dWHAMdV_mso/CMakeFiles/CMakeTmp'


Parsed C implicit link information from above output:
  link line regex: [^( *|.*[/\])(ld|CMAKE_LINK_STARTFILE-NOTFOUND|([^/\]+-)?ld|collect2)[^/\]*( |$)]
  ignore line: [Change Dir: /home/rhaye/63_MSLD_Couplings/1_T4L/1_3site/run_CouplingALF2/folded/template/dWHAMdV_mso/CMakeFiles/CMakeTmp]
  ignore line: []
  ignore line: [Run Build Command:"/usr/bin/gmake" "cmTC_9c7a8/fast"]
  ignore line: [/usr/bin/gmake -f CMakeFiles/cmTC_9c7a8.dir/build.make CMakeFiles/cmTC_9c7a8.dir/build]
  ignore line: [gmake[1]: Entering directory `/home/rhaye/63_MSLD_Couplings/1_T4L/1_3site/run_CouplingALF2/folded/template/dWHAMdV_mso/CMakeFiles/CMakeTmp']
  ignore line: [Building C object CMakeFiles/cmTC_9c7a8.dir/CMakeCCompilerABI.c.o]
  ignore line: [/export/apps/CentOS7/gcc/6.4.0/bin/gcc    -o CMakeFiles/cmTC_9c7a8.dir/CMakeCCompilerABI.c.o   -c /export/apps/CentOS7/cmake/3.13/share/cmake-3.13/Modules/CMakeCCompilerABI.c]
  ignore line: [Linking C executable cmTC_9c7a8]
  ignore line: [/export/apps/CentOS7/cmake/3.13/bin/cmake -E cmake_link_script CMakeFiles/cmTC_9c7a8.dir/link.txt --verbose=1]
  ignore line: [/export/apps/CentOS7/gcc/6.4.0/bin/gcc     -v -rdynamic CMakeFiles/cmTC_9c7a8.dir/CMakeCCompilerABI.c.o  -o cmTC_9c7a8 ]
  ignore line: [Using built-in specs.]
  ignore line: [COLLECT_GCC=/export/apps/CentOS7/gcc/6.4.0/bin/gcc]
  ignore line: [COLLECT_LTO_WRAPPER=/export/apps/CentOS7/gcc/6.4.0/libexec/gcc/x86_64-redhat-linux/6.4.0/lto-wrapper]
  ignore line: [Target: x86_64-redhat-linux]
  ignore line: [Configured with: ../gcc_6_4_0_release/configure --prefix=/export/apps/CentOS7/gcc/6.4.0 --enable-languages=c,c++,fortran --enable-bootstrap --enable-shared --enable-threads=posix --with-system-zlib --enable-__cxa_atexit --disable-libunwind-exceptions --enable-gnu-unique-object --enable-linker-build-id --with-linker-hash-style=gnu --enable-plugin --enable-initfini-array -enable-gnu-indirect-function --with-arch_32=x86-64 --build=x86_64-redhat-linux]
  ignore line: [Thread model: posix]
  ignore line: [gcc version 6.4.0 (GCC) ]
  ignore line: [COMPILER_PATH=/export/apps/CentOS7/gcc/6.4.0/libexec/gcc/x86_64-redhat-linux/6.4.0/:/export/apps/CentOS7/gcc/6.4.0/libexec/gcc/x86_64-redhat-linux/6.4.0/:/export/apps/CentOS7/gcc/6.4.0/libexec/gcc/x86_64-redhat-linux/:/export/apps/CentOS7/gcc/6.4.0/lib/gcc/x86_64-redhat-linux/6.4.0/:/export/apps/CentOS7/gcc/6.4.0/lib/gcc/x86_64-redhat-linux/]
  ignore line: [LIBRARY_PATH=/export/apps/CentOS7/gcc/6.4.0/lib/gcc/x86_64-redhat-linux/6.4.0/:/export/apps/CentOS7/gcc/6.4.0/lib/gcc/x86_64-redhat-linux/6.4.0/../../../../lib64/:/lib/../lib64/:/usr/lib/../lib64/:/export/apps/CentOS7/gcc/6.4.0/lib/gcc/x86_64-redhat-linux/6.4.0/../../../:/lib/:/usr/lib/]
  ignore line: [COLLECT_GCC_OPTIONS='-v' '-rdynamic' '-o' 'cmTC_9c7a8' '-mtune=generic' '-march=x86-64']
  link line: [ /export/apps/CentOS7/gcc/6.4.0/libexec/gcc/x86_64-redhat-linux/6.4.0/collect2 -plugin /export/apps/CentOS7/gcc/6.4.0/libexec/gcc/x86_64-redhat-linux/6.4.0/liblto_plugin.so -plugin-opt=/export/apps/CentOS7/gcc/6.4.0/libexec/gcc/x86_64-redhat-linux/6.4.0/lto-wrapper -plugin-opt=-fresolution=/tmp/ccVXWorF.res -plugin-opt=-pass-through=-lgcc -plugin-opt=-pass-through=-lgcc_s -plugin-opt=-pass-through=-lc -plugin-opt=-pass-through=-lgcc -plugin-opt=-pass-through=-lgcc_s --build-id --eh-frame-hdr --hash-style=gnu -m elf_x86_64 -export-dynamic -dynamic-linker /lib64/ld-linux-x86-64.so.2 -o cmTC_9c7a8 /lib/../lib64/crt1.o /lib/../lib64/crti.o /export/apps/CentOS7/gcc/6.4.0/lib/gcc/x86_64-redhat-linux/6.4.0/crtbegin.o -L/export/apps/CentOS7/gcc/6.4.0/lib/gcc/x86_64-redhat-linux/6.4.0 -L/export/apps/CentOS7/gcc/6.4.0/lib/gcc/x86_64-redhat-linux/6.4.0/../../../../lib64 -L/lib/../lib64 -L/usr/lib/../lib64 -L/export/apps/CentOS7/gcc/6.4.0/lib/gcc/x86_64-redhat-linux/6.4.0/../../.. CMakeFiles/cmTC_9c7a8.dir/CMakeCCompilerABI.c.o -lgcc --as-needed -lgcc_s --no-as-needed -lc -lgcc --as-needed -lgcc_s --no-as-needed /export/apps/CentOS7/gcc/6.4.0/lib/gcc/x86_64-redhat-linux/6.4.0/crtend.o /lib/../lib64/crtn.o]
    arg [/export/apps/CentOS7/gcc/6.4.0/libexec/gcc/x86_64-redhat-linux/6.4.0/collect2] ==> ignore
    arg [-plugin] ==> ignore
    arg [/export/apps/CentOS7/gcc/6.4.0/libexec/gcc/x86_64-redhat-linux/6.4.0/liblto_plugin.so] ==> ignore
    arg [-plugin-opt=/export/apps/CentOS7/gcc/6.4.0/libexec/gcc/x86_64-redhat-linux/6.4.0/lto-wrapper] ==> ignore
    arg [-plugin-opt=-fresolution=/tmp/ccVXWorF.res] ==> ignore
    arg [-plugin-opt=-pass-through=-lgcc] ==> ignore
    arg [-plugin-opt=-pass-through=-lgcc_s] ==> ignore
    arg [-plugin-opt=-pass-through=-lc] ==> ignore
    arg [-plugin-opt=-pass-through=-lgcc] ==> ignore
    arg [-plugin-opt=-pass-through=-lgcc_s] ==> ignore
    arg [--build-id] ==> ignore
    arg [--eh-frame-hdr] ==> ignore
    arg [--hash-style=gnu] ==> ignore
    arg [-m] ==> ignore
    arg [elf_x86_64] ==> ignore
    arg [-export-dynamic] ==> ignore
    arg [-dynamic-linker] ==> ignore
    arg [/lib64/ld-linux-x86-64.so.2] ==> ignore
    arg [-o] ==> ignore
    arg [cmTC_9c7a8] ==> ignore
    arg [/lib/../lib64/crt1.o] ==> ignore
    arg [/lib/../lib64/crti.o] ==> ignore
    arg [/export/apps/CentOS7/gcc/6.4.0/lib/gcc/x86_64-redhat-linux/6.4.0/crtbegin.o] ==> ignore
    arg [-L/export/apps/CentOS7/gcc/6.4.0/lib/gcc/x86_64-redhat-linux/6.4.0] ==> dir [/export/apps/CentOS7/gcc/6.4.0/lib/gcc/x86_64-redhat-linux/6.4.0]
    arg [-L/export/apps/CentOS7/gcc/6.4.0/lib/gcc/x86_64-redhat-linux/6.4.0/../../../../lib64] ==> dir [/export/apps/CentOS7/gcc/6.4.0/lib/gcc/x86_64-redhat-linux/6.4.0/../../../../lib64]
    arg [-L/lib/../lib64] ==> dir [/lib/../lib64]
    arg [-L/usr/lib/../lib64] ==> dir [/usr/lib/../lib64]
    arg [-L/export/apps/CentOS7/gcc/6.4.0/lib/gcc/x86_64-redhat-linux/6.4.0/../../..] ==> dir [/export/apps/CentOS7/gcc/6.4.0/lib/gcc/x86_64-redhat-linux/6.4.0/../../..]
    arg [CMakeFiles/cmTC_9c7a8.dir/CMakeCCompilerABI.c.o] ==> ignore
    arg [-lgcc] ==> lib [gcc]
    arg [--as-needed] ==> ignore
    arg [-lgcc_s] ==> lib [gcc_s]
    arg [--no-as-needed] ==> ignore
    arg [-lc] ==> lib [c]
    arg [-lgcc] ==> lib [gcc]
    arg [--as-needed] ==> ignore
    arg [-lgcc_s] ==> lib [gcc_s]
    arg [--no-as-needed] ==> ignore
    arg [/export/apps/CentOS7/gcc/6.4.0/lib/gcc/x86_64-redhat-linux/6.4.0/crtend.o] ==> ignore
    arg [/lib/../lib64/crtn.o] ==> ignore
  collapse library dir [/export/apps/CentOS7/gcc/6.4.0/lib/gcc/x86_64-redhat-linux/6.4.0] ==> [/export/apps/CentOS7/gcc/6.4.0/lib/gcc/x86_64-redhat-linux/6.4.0]
  collapse library dir [/export/apps/CentOS7/gcc/6.4.0/lib/gcc/x86_64-redhat-linux/6.4.0/../../../../lib64] ==> [/export/apps/CentOS7/gcc/6.4.0/lib64]
  collapse library dir [/lib/../lib64] ==> [/lib64]
  collapse library dir [/usr/lib/../lib64] ==> [/usr/lib64]
  collapse library dir [/export/apps/CentOS7/gcc/6.4.0/lib/gcc/x86_64-redhat-linux/6.4.0/../../..] ==> [/export/apps/CentOS7/gcc/6.4.0/lib]
  implicit libs: [gcc;gcc_s;c;gcc;gcc_s]
  implicit dirs: [/export/apps/CentOS7/gcc/6.4.0/lib/gcc/x86_64-redhat-linux/6.4.0;/export/apps/CentOS7/gcc/6.4.0/lib64;/lib64;/usr/lib64;/export/apps/CentOS7/gcc/6.4.0/lib]
  implicit fwks: []




Detecting C [-std=c11] compiler features compiled with the following output:
Change Dir: /home/rhaye/63_MSLD_Couplings/1_T4L/1_3site/run_CouplingALF2/folded/template/dWHAMdV_mso/CMakeFiles/CMakeTmp

Run Build Command:"/usr/bin/gmake" "cmTC_eaf56/fast"
/usr/bin/gmake -f CMakeFiles/cmTC_eaf56.dir/build.make CMakeFiles/cmTC_eaf56.dir/build
gmake[1]: Entering directory `/home/rhaye/63_MSLD_Couplings/1_T4L/1_3site/run_CouplingALF2/folded/template/dWHAMdV_mso/CMakeFiles/CMakeTmp'
Building C object CMakeFiles/cmTC_eaf56.dir/feature_tests.c.o
/export/apps/CentOS7/gcc/6.4.0/bin/gcc   -std=c11 -o CMakeFiles/cmTC_eaf56.dir/feature_tests.c.o   -c /home/rhaye/63_MSLD_Couplings/1_T4L/1_3site/run_CouplingALF2/folded/template/dWHAMdV_mso/CMakeFiles/feature_tests.c
Linking C executable cmTC_eaf56
/export/apps/CentOS7/cmake/3.13/bin/cmake -E cmake_link_script CMakeFiles/cmTC_eaf56.dir/link.txt --verbose=1
/export/apps/CentOS7/gcc/6.4.0/bin/gcc      -rdynamic CMakeFiles/cmTC_eaf56.dir/feature_tests.c.o  -o cmTC_eaf56 
gmake[1]: Leaving directory `/home/rhaye/63_MSLD_Couplings/1_T4L/1_3site/run_CouplingALF2/folded/template/dWHAMdV_mso/CMakeFiles/CMakeTmp'


    Feature record: C_FEATURE:1c_function_prototypes
    Feature record: C_FEATURE:1c_restrict
    Feature record: C_FEATURE:1c_static_assert
    Feature record: C_FEATURE:1c_variadic_macros


Detecting C [-std=c99] compiler features compiled with the following output:
Change Dir: /home/rhaye/63_MSLD_Couplings/1_T4L/1_3site/run_CouplingALF2/folded/template/dWHAMdV_mso/CMakeFiles/CMakeTmp

Run Build Command:"/usr/bin/gmake" "cmTC_13e40/fast"
/usr/bin/gmake -f CMakeFiles/cmTC_13e40.dir/build.make CMakeFiles/cmTC_13e40.dir/build
gmake[1]: Entering directory `/home/rhaye/63_MSLD_Couplings/1_T4L/1_3site/run_CouplingALF2/folded/template/dWHAMdV_mso/CMakeFiles/CMakeTmp'
Building C object CMakeFiles/cmTC_13e40.dir/feature_tests.c.o
/export/apps/CentOS7/gcc/6.4.0/bin/gcc   -std=c99 -o CMakeFiles/cmTC_13e40.dir/feature_tests.c.o   -c /home/rhaye/63_MSLD_Couplings/1_T4L/1_3site/run_CouplingALF2/folded/template/dWHAMdV_mso/CMakeFiles/feature_tests.c
Linking C executable cmTC_13e40
/export/apps/CentOS7/cmake/3.13/bin/cmake -E cmake_link_script CMakeFiles/cmTC_13e40.dir/link.txt --verbose=1
/export/apps/CentOS7/gcc/6.4.0/bin/gcc      -rdynamic CMakeFiles/cmTC_13e40.dir/feature_tests.c.o  -o cmTC_13e40 
gmake[1]: Leaving directory `/home/rhaye/63_MSLD_Couplings/1_T4L/1_3site/run_CouplingALF2/folded/template/dWHAMdV_mso/CMakeFiles/CMakeTmp'


    Feature record: C_FEATURE:1c_function_prototypes
    Feature record: C_FEATURE:1c_restrict
    Feature record: C_FEATURE:0c_static_assert
    Feature record: C_FEATURE:1c_variadic_macros


Detecting C [-std=c90] compiler features compiled with the following output:
Change Dir: /home/rhaye/63_MSLD_Couplings/1_T4L/1_3site/run_CouplingALF2/folded/template/dWHAMdV_mso/CMakeFiles/CMakeTmp

Run Build Command:"/usr/bin/gmake" "cmTC_94cfd/fast"
/usr/bin/gmake -f CMakeFiles/cmTC_94cfd.dir/build.make CMakeFiles/cmTC_94cfd.dir/build
gmake[1]: Entering directory `/home/rhaye/63_MSLD_Couplings/1_T4L/1_3site/run_CouplingALF2/folded/template/dWHAMdV_mso/CMakeFiles/CMakeTmp'
Building C object CMakeFiles/cmTC_94cfd.dir/feature_tests.c.o
/export/apps/CentOS7/gcc/6.4.0/bin/gcc   -std=c90 -o CMakeFiles/cmTC_94cfd.dir/feature_tests.c.o   -c /home/rhaye/63_MSLD_Couplings/1_T4L/1_3site/run_CouplingALF2/folded/template/dWHAMdV_mso/CMakeFiles/feature_tests.c
Linking C executable cmTC_94cfd
/export/apps/CentOS7/cmake/3.13/bin/cmake -E cmake_link_script CMakeFiles/cmTC_94cfd.dir/link.txt --verbose=1
/export/apps/CentOS7/gcc/6.4.0/bin/gcc      -rdynamic CMakeFiles/cmTC_94cfd.dir/feature_tests.c.o  -o cmTC_94cfd 
gmake[1]: Leaving directory `/home/rhaye/63_MSLD_Couplings/1_T4L/1_3site/run_CouplingALF2/folded/template/dWHAMdV_mso/CMakeFiles/CMakeTmp'


    Feature record: C_FEATURE:1c_function_prototypes
    Feature record: C_FEATURE:0c_restrict
    Feature record: C_FEATURE:0c_static_assert
    Feature record: C_FEATURE:0c_variadic_macros
Determining if the CXX compiler works passed with the following output:
Change Dir: /home/rhaye/63_MSLD_Couplings/1_T4L/1_3site/run_CouplingALF2/folded/template/dWHAMdV_mso/CMakeFiles/CMakeTmp

Run Build Command:"/usr/bin/gmake" "cmTC_82796/fast"
/usr/bin/gmake -f CMakeFiles/cmTC_82796.dir/build.make CMakeFiles/cmTC_82796.dir/build
gmake[1]: Entering directory `/home/rhaye/63_MSLD_Couplings/1_T4L/1_3site/run_CouplingALF2/folded/template/dWHAMdV_mso/CMakeFiles/CMakeTmp'
Building CXX object CMakeFiles/cmTC_82796.dir/testCXXCompiler.cxx.o
/export/apps/CentOS7/gcc/6.4.0/bin/g++     -o CMakeFiles/cmTC_82796.dir/testCXXCompiler.cxx.o -c /home/rhaye/63_MSLD_Couplings/1_T4L/1_3site/run_CouplingALF2/folded/template/dWHAMdV_mso/CMakeFiles/CMakeTmp/testCXXCompiler.cxx
Linking CXX executable cmTC_82796
/export/apps/CentOS7/cmake/3.13/bin/cmake -E cmake_link_script CMakeFiles/cmTC_82796.dir/link.txt --verbose=1
/export/apps/CentOS7/gcc/6.4.0/bin/g++       -rdynamic CMakeFiles/cmTC_82796.dir/testCXXCompiler.cxx.o  -o cmTC_82796 
gmake[1]: Leaving directory `/home/rhaye/63_MSLD_Couplings/1_T4L/1_3site/run_CouplingALF2/folded/template/dWHAMdV_mso/CMakeFiles/CMakeTmp'


Detecting CXX compiler ABI info compiled with the following output:
Change Dir: /home/rhaye/63_MSLD_Couplings/1_T4L/1_3site/run_CouplingALF2/folded/template/dWHAMdV_mso/CMakeFiles/CMakeTmp

Run Build Command:"/usr/bin/gmake" "cmTC_28009/fast"
/usr/bin/gmake -f CMakeFiles/cmTC_28009.dir/build.make CMakeFiles/cmTC_28009.dir/build
gmake[1]: Entering directory `/home/rhaye/63_MSLD_Couplings/1_T4L/1_3site/run_CouplingALF2/folded/template/dWHAMdV_mso/CMakeFiles/CMakeTmp'
Building CXX object CMakeFiles/cmTC_28009.dir/CMakeCXXCompilerABI.cpp.o
/export/apps/CentOS7/gcc/6.4.0/bin/g++     -o CMakeFiles/cmTC_28009.dir/CMakeCXXCompilerABI.cpp.o -c /export/apps/CentOS7/cmake/3.13/share/cmake-3.13/Modules/CMakeCXXCompilerABI.cpp
Linking CXX executable cmTC_28009
/export/apps/CentOS7/cmake/3.13/bin/cmake -E cmake_link_script CMakeFiles/cmTC_28009.dir/link.txt --verbose=1
/export/apps/CentOS7/gcc/6.4.0/bin/g++      -v -rdynamic CMakeFiles/cmTC_28009.dir/CMakeCXXCompilerABI.cpp.o  -o cmTC_28009 
Using built-in specs.
COLLECT_GCC=/export/apps/CentOS7/gcc/6.4.0/bin/g++
COLLECT_LTO_WRAPPER=/export/apps/CentOS7/gcc/6.4.0/libexec/gcc/x86_64-redhat-linux/6.4.0/lto-wrapper
Target: x86_64-redhat-linux
Configured with: ../gcc_6_4_0_release/configure --prefix=/export/apps/CentOS7/gcc/6.4.0 --enable-languages=c,c++,fortran --enable-bootstrap --enable-shared --enable-threads=posix --with-system-zlib --enable-__cxa_atexit --disable-libunwind-exceptions --enable-gnu-unique-object --enable-linker-build-id --with-linker-hash-style=gnu --enable-plugin --enable-initfini-array -enable-gnu-indirect-function --with-arch_32=x86-64 --build=x86_64-redhat-linux
Thread model: posix
gcc version 6.4.0 (GCC) 
COMPILER_PATH=/export/apps/CentOS7/gcc/6.4.0/libexec/gcc/x86_64-redhat-linux/6.4.0/:/export/apps/CentOS7/gcc/6.4.0/libexec/gcc/x86_64-redhat-linux/6.4.0/:/export/apps/CentOS7/gcc/6.4.0/libexec/gcc/x86_64-redhat-linux/:/export/apps/CentOS7/gcc/6.4.0/lib/gcc/x86_64-redhat-linux/6.4.0/:/export/apps/CentOS7/gcc/6.4.0/lib/gcc/x86_64-redhat-linux/
LIBRARY_PATH=/export/apps/CentOS7/gcc/6.4.0/lib/gcc/x86_64-redhat-linux/6.4.0/:/export/apps/CentOS7/gcc/6.4.0/lib/gcc/x86_64-redhat-linux/6.4.0/../../../../lib64/:/lib/../lib64/:/usr/lib/../lib64/:/export/apps/CentOS7/gcc/6.4.0/lib/gcc/x86_64-redhat-linux/6.4.0/../../../:/lib/:/usr/lib/
COLLECT_GCC_OPTIONS='-v' '-rdynamic' '-o' 'cmTC_28009' '-shared-libgcc' '-mtune=generic' '-march=x86-64'
 /export/apps/CentOS7/gcc/6.4.0/libexec/gcc/x86_64-redhat-linux/6.4.0/collect2 -plugin /export/apps/CentOS7/gcc/6.4.0/libexec/gcc/x86_64-redhat-linux/6.4.0/liblto_plugin.so -plugin-opt=/export/apps/CentOS7/gcc/6.4.0/libexec/gcc/x86_64-redhat-linux/6.4.0/lto-wrapper -plugin-opt=-fresolution=/tmp/cc1ZC64c.res -plugin-opt=-pass-through=-lgcc_s -plugin-opt=-pass-through=-lgcc -plugin-opt=-pass-through=-lc -plugin-opt=-pass-through=-lgcc_s -plugin-opt=-pass-through=-lgcc --build-id --eh-frame-hdr --hash-style=gnu -m elf_x86_64 -export-dynamic -dynamic-linker /lib64/ld-linux-x86-64.so.2 -o cmTC_28009 /lib/../lib64/crt1.o /lib/../lib64/crti.o /export/apps/CentOS7/gcc/6.4.0/lib/gcc/x86_64-redhat-linux/6.4.0/crtbegin.o -L/export/apps/CentOS7/gcc/6.4.0/lib/gcc/x86_64-redhat-linux/6.4.0 -L/export/apps/CentOS7/gcc/6.4.0/lib/gcc/x86_64-redhat-linux/6.4.0/../../../../lib64 -L/lib/../lib64 -L/usr/lib/../lib64 -L/export/apps/CentOS7/gcc/6.4.0/lib/gcc/x86_64-redhat-linux/6.4.0/../../.. CMakeFiles/cmTC_28009.dir/CMakeCXXCompilerABI.cpp.o -lstdc++ -lm -lgcc_s -lgcc -lc -lgcc_s -lgcc /export/apps/CentOS7/gcc/6.4.0/lib/gcc/x86_64-redhat-linux/6.4.0/crtend.o /lib/../lib64/crtn.o
COLLECT_GCC_OPTIONS='-v' '-rdynamic' '-o' 'cmTC_28009' '-shared-libgcc' '-mtune=generic' '-march=x86-64'
gmake[1]: Leaving directory `/home/rhaye/63_MSLD_Couplings/1_T4L/1_3site/run_CouplingALF2/folded/template/dWHAMdV_mso/CMakeFiles/CMakeTmp'


Parsed CXX implicit link information from above output:
  link line regex: [^( *|.*[/\])(ld|CMAKE_LINK_STARTFILE-NOTFOUND|([^/\]+-)?ld|collect2)[^/\]*( |$)]
  ignore line: [Change Dir: /home/rhaye/63_MSLD_Couplings/1_T4L/1_3site/run_CouplingALF2/folded/template/dWHAMdV_mso/CMakeFiles/CMakeTmp]
  ignore line: []
  ignore line: [Run Build Command:"/usr/bin/gmake" "cmTC_28009/fast"]
  ignore line: [/usr/bin/gmake -f CMakeFiles/cmTC_28009.dir/build.make CMakeFiles/cmTC_28009.dir/build]
  ignore line: [gmake[1]: Entering directory `/home/rhaye/63_MSLD_Couplings/1_T4L/1_3site/run_CouplingALF2/folded/template/dWHAMdV_mso/CMakeFiles/CMakeTmp']
  ignore line: [Building CXX object CMakeFiles/cmTC_28009.dir/CMakeCXXCompilerABI.cpp.o]
  ignore line: [/export/apps/CentOS7/gcc/6.4.0/bin/g++     -o CMakeFiles/cmTC_28009.dir/CMakeCXXCompilerABI.cpp.o -c /export/apps/CentOS7/cmake/3.13/share/cmake-3.13/Modules/CMakeCXXCompilerABI.cpp]
  ignore line: [Linking CXX executable cmTC_28009]
  ignore line: [/export/apps/CentOS7/cmake/3.13/bin/cmake -E cmake_link_script CMakeFiles/cmTC_28009.dir/link.txt --verbose=1]
  ignore line: [/export/apps/CentOS7/gcc/6.4.0/bin/g++      -v -rdynamic CMakeFiles/cmTC_28009.dir/CMakeCXXCompilerABI.cpp.o  -o cmTC_28009 ]
  ignore line: [Using built-in specs.]
  ignore line: [COLLECT_GCC=/export/apps/CentOS7/gcc/6.4.0/bin/g++]
  ignore line: [COLLECT_LTO_WRAPPER=/export/apps/CentOS7/gcc/6.4.0/libexec/gcc/x86_64-redhat-linux/6.4.0/lto-wrapper]
  ignore line: [Target: x86_64-redhat-linux]
  ignore line: [Configured with: ../gcc_6_4_0_release/configure --prefix=/export/apps/CentOS7/gcc/6.4.0 --enable-languages=c,c++,fortran --enable-bootstrap --enable-shared --enable-threads=posix --with-system-zlib --enable-__cxa_atexit --disable-libunwind-exceptions --enable-gnu-unique-object --enable-linker-build-id --with-linker-hash-style=gnu --enable-plugin --enable-initfini-array -enable-gnu-indirect-function --with-arch_32=x86-64 --build=x86_64-redhat-linux]
  ignore line: [Thread model: posix]
  ignore line: [gcc version 6.4.0 (GCC) ]
  ignore line: [COMPILER_PATH=/export/apps/CentOS7/gcc/6.4.0/libexec/gcc/x86_64-redhat-linux/6.4.0/:/export/apps/CentOS7/gcc/6.4.0/libexec/gcc/x86_64-redhat-linux/6.4.0/:/export/apps/CentOS7/gcc/6.4.0/libexec/gcc/x86_64-redhat-linux/:/export/apps/CentOS7/gcc/6.4.0/lib/gcc/x86_64-redhat-linux/6.4.0/:/export/apps/CentOS7/gcc/6.4.0/lib/gcc/x86_64-redhat-linux/]
  ignore line: [LIBRARY_PATH=/export/apps/CentOS7/gcc/6.4.0/lib/gcc/x86_64-redhat-linux/6.4.0/:/export/apps/CentOS7/gcc/6.4.0/lib/gcc/x86_64-redhat-linux/6.4.0/../../../../lib64/:/lib/../lib64/:/usr/lib/../lib64/:/export/apps/CentOS7/gcc/6.4.0/lib/gcc/x86_64-redhat-linux/6.4.0/../../../:/lib/:/usr/lib/]
  ignore line: [COLLECT_GCC_OPTIONS='-v' '-rdynamic' '-o' 'cmTC_28009' '-shared-libgcc' '-mtune=generic' '-march=x86-64']
  link line: [ /export/apps/CentOS7/gcc/6.4.0/libexec/gcc/x86_64-redhat-linux/6.4.0/collect2 -plugin /export/apps/CentOS7/gcc/6.4.0/libexec/gcc/x86_64-redhat-linux/6.4.0/liblto_plugin.so -plugin-opt=/export/apps/CentOS7/gcc/6.4.0/libexec/gcc/x86_64-redhat-linux/6.4.0/lto-wrapper -plugin-opt=-fresolution=/tmp/cc1ZC64c.res -plugin-opt=-pass-through=-lgcc_s -plugin-opt=-pass-through=-lgcc -plugin-opt=-pass-through=-lc -plugin-opt=-pass-through=-lgcc_s -plugin-opt=-pass-through=-lgcc --build-id --eh-frame-hdr --hash-style=gnu -m elf_x86_64 -export-dynamic -dynamic-linker /lib64/ld-linux-x86-64.so.2 -o cmTC_28009 /lib/../lib64/crt1.o /lib/../lib64/crti.o /export/apps/CentOS7/gcc/6.4.0/lib/gcc/x86_64-redhat-linux/6.4.0/crtbegin.o -L/export/apps/CentOS7/gcc/6.4.0/lib/gcc/x86_64-redhat-linux/6.4.0 -L/export/apps/CentOS7/gcc/6.4.0/lib/gcc/x86_64-redhat-linux/6.4.0/../../../../lib64 -L/lib/../lib64 -L/usr/lib/../lib64 -L/export/apps/CentOS7/gcc/6.4.0/lib/gcc/x86_64-redhat-linux/6.4.0/../../.. CMakeFiles/cmTC_28009.dir/CMakeCXXCompilerABI.cpp.o -lstdc++ -lm -lgcc_s -lgcc -lc -lgcc_s -lgcc /export/apps/CentOS7/gcc/6.4.0/lib/gcc/x86_64-redhat-linux/6.4.0/crtend.o /lib/../lib64/crtn.o]
    arg [/export/apps/CentOS7/gcc/6.4.0/libexec/gcc/x86_64-redhat-linux/6.4.0/collect2] ==> ignore
    arg [-plugin] ==> ignore
    arg [/export/apps/CentOS7/gcc/6.4.0/libexec/gcc/x86_64-redhat-linux/6.4.0/liblto_plugin.so] ==> ignore
    arg [-plugin-opt=/export/apps/CentOS7/gcc/6.4.0/libexec/gcc/x86_64-redhat-linux/6.4.0/lto-wrapper] ==> ignore
    arg [-plugin-opt=-fresolution=/tmp/cc1ZC64c.res] ==> ignore
    arg [-plugin-opt=-pass-through=-lgcc_s] ==> ignore
    arg [-plugin-opt=-pass-through=-lgcc] ==> ignore
    arg [-plugin-opt=-pass-through=-lc] ==> ignore
    arg [-plugin-opt=-pass-through=-lgcc_s] ==> ignore
    arg [-plugin-opt=-pass-through=-lgcc] ==> ignore
    arg [--build-id] ==> ignore
    arg [--eh-frame-hdr] ==> ignore
    arg [--hash-style=gnu] ==> ignore
    arg [-m] ==> ignore
    arg [elf_x86_64] ==> ignore
    arg [-export-dynamic] ==> ignore
    arg [-dynamic-linker] ==> ignore
    arg [/lib64/ld-linux-x86-64.so.2] ==> ignore
    arg [-o] ==> ignore
    arg [cmTC_28009] ==> ignore
    arg [/lib/../lib64/crt1.o] ==> ignore
    arg [/lib/../lib64/crti.o] ==> ignore
    arg [/export/apps/CentOS7/gcc/6.4.0/lib/gcc/x86_64-redhat-linux/6.4.0/crtbegin.o] ==> ignore
    arg [-L/export/apps/CentOS7/gcc/6.4.0/lib/gcc/x86_64-redhat-linux/6.4.0] ==> dir [/export/apps/CentOS7/gcc/6.4.0/lib/gcc/x86_64-redhat-linux/6.4.0]
    arg [-L/export/apps/CentOS7/gcc/6.4.0/lib/gcc/x86_64-redhat-linux/6.4.0/../../../../lib64] ==> dir [/export/apps/CentOS7/gcc/6.4.0/lib/gcc/x86_64-redhat-linux/6.4.0/../../../../lib64]
    arg [-L/lib/../lib64] ==> dir [/lib/../lib64]
    arg [-L/usr/lib/../lib64] ==> dir [/usr/lib/../lib64]
    arg [-L/export/apps/CentOS7/gcc/6.4.0/lib/gcc/x86_64-redhat-linux/6.4.0/../../..] ==> dir [/export/apps/CentOS7/gcc/6.4.0/lib/gcc/x86_64-redhat-linux/6.4.0/../../..]
    arg [CMakeFiles/cmTC_28009.dir/CMakeCXXCompilerABI.cpp.o] ==> ignore
    arg [-lstdc++] ==> lib [stdc++]
    arg [-lm] ==> lib [m]
    arg [-lgcc_s] ==> lib [gcc_s]
    arg [-lgcc] ==> lib [gcc]
    arg [-lc] ==> lib [c]
    arg [-lgcc_s] ==> lib [gcc_s]
    arg [-lgcc] ==> lib [gcc]
    arg [/export/apps/CentOS7/gcc/6.4.0/lib/gcc/x86_64-redhat-linux/6.4.0/crtend.o] ==> ignore
    arg [/lib/../lib64/crtn.o] ==> ignore
  collapse library dir [/export/apps/CentOS7/gcc/6.4.0/lib/gcc/x86_64-redhat-linux/6.4.0] ==> [/export/apps/CentOS7/gcc/6.4.0/lib/gcc/x86_64-redhat-linux/6.4.0]
  collapse library dir [/export/apps/CentOS7/gcc/6.4.0/lib/gcc/x86_64-redhat-linux/6.4.0/../../../../lib64] ==> [/export/apps/CentOS7/gcc/6.4.0/lib64]
  collapse library dir [/lib/../lib64] ==> [/lib64]
  collapse library dir [/usr/lib/../lib64] ==> [/usr/lib64]
  collapse library dir [/export/apps/CentOS7/gcc/6.4.0/lib/gcc/x86_64-redhat-linux/6.4.0/../../..] ==> [/export/apps/CentOS7/gcc/6.4.0/lib]
  implicit libs: [stdc++;m;gcc_s;gcc;c;gcc_s;gcc]
  implicit dirs: [/export/apps/CentOS7/gcc/6.4.0/lib/gcc/x86_64-redhat-linux/6.4.0;/export/apps/CentOS7/gcc/6.4.0/lib64;/lib64;/usr/lib64;/export/apps/CentOS7/gcc/6.4.0/lib]
  implicit fwks: []




Detecting CXX [-std=c++1z] compiler features compiled with the following output:
Change Dir: /home/rhaye/63_MSLD_Couplings/1_T4L/1_3site/run_CouplingALF2/folded/template/dWHAMdV_mso/CMakeFiles/CMakeTmp

Run Build Command:"/usr/bin/gmake" "cmTC_f5da2/fast"
/usr/bin/gmake -f CMakeFiles/cmTC_f5da2.dir/build.make CMakeFiles/cmTC_f5da2.dir/build
gmake[1]: Entering directory `/home/rhaye/63_MSLD_Couplings/1_T4L/1_3site/run_CouplingALF2/folded/template/dWHAMdV_mso/CMakeFiles/CMakeTmp'
Building CXX object CMakeFiles/cmTC_f5da2.dir/feature_tests.cxx.o
/export/apps/CentOS7/gcc/6.4.0/bin/g++    -std=c++1z -o CMakeFiles/cmTC_f5da2.dir/feature_tests.cxx.o -c /home/rhaye/63_MSLD_Couplings/1_T4L/1_3site/run_CouplingALF2/folded/template/dWHAMdV_mso/CMakeFiles/feature_tests.cxx
Linking CXX executable cmTC_f5da2
/export/apps/CentOS7/cmake/3.13/bin/cmake -E cmake_link_script CMakeFiles/cmTC_f5da2.dir/link.txt --verbose=1
/export/apps/CentOS7/gcc/6.4.0/bin/g++       -rdynamic CMakeFiles/cmTC_f5da2.dir/feature_tests.cxx.o  -o cmTC_f5da2 
gmake[1]: Leaving directory `/home/rhaye/63_MSLD_Couplings/1_T4L/1_3site/run_CouplingALF2/folded/template/dWHAMdV_mso/CMakeFiles/CMakeTmp'


    Feature record: CXX_FEATURE:1cxx_aggregate_default_initializers
    Feature record: CXX_FEATURE:1cxx_alias_templates
    Feature record: CXX_FEATURE:1cxx_alignas
    Feature record: CXX_FEATURE:1cxx_alignof
    Feature record: CXX_FEATURE:1cxx_attributes
    Feature record: CXX_FEATURE:1cxx_attribute_deprecated
    Feature record: CXX_FEATURE:1cxx_auto_type
    Feature record: CXX_FEATURE:1cxx_binary_literals
    Feature record: CXX_FEATURE:1cxx_constexpr
    Feature record: CXX_FEATURE:1cxx_contextual_conversions
    Feature record: CXX_FEATURE:1cxx_decltype
    Feature record: CXX_FEATURE:1cxx_decltype_auto
    Feature record: CXX_FEATURE:1cxx_decltype_incomplete_return_types
    Feature record: CXX_FEATURE:1cxx_default_function_template_args
    Feature record: CXX_FEATURE:1cxx_defaulted_functions
    Feature record: CXX_FEATURE:1cxx_defaulted_move_initializers
    Feature record: CXX_FEATURE:1cxx_delegating_constructors
    Feature record: CXX_FEATURE:1cxx_deleted_functions
    Feature record: CXX_FEATURE:1cxx_digit_separators
    Feature record: CXX_FEATURE:1cxx_enum_forward_declarations
    Feature record: CXX_FEATURE:1cxx_explicit_conversions
    Feature record: CXX_FEATURE:1cxx_extended_friend_declarations
    Feature record: CXX_FEATURE:1cxx_extern_templates
    Feature record: CXX_FEATURE:1cxx_final
    Feature record: CXX_FEATURE:1cxx_func_identifier
    Feature record: CXX_FEATURE:1cxx_generalized_initializers
    Feature record: CXX_FEATURE:1cxx_generic_lambdas
    Feature record: CXX_FEATURE:1cxx_inheriting_constructors
    Feature record: CXX_FEATURE:1cxx_inline_namespaces
    Feature record: CXX_FEATURE:1cxx_lambdas
    Feature record: CXX_FEATURE:1cxx_lambda_init_captures
    Feature record: CXX_FEATURE:1cxx_local_type_template_args
    Feature record: CXX_FEATURE:1cxx_long_long_type
    Feature record: CXX_FEATURE:1cxx_noexcept
    Feature record: CXX_FEATURE:1cxx_nonstatic_member_init
    Feature record: CXX_FEATURE:1cxx_nullptr
    Feature record: CXX_FEATURE:1cxx_override
    Feature record: CXX_FEATURE:1cxx_range_for
    Feature record: CXX_FEATURE:1cxx_raw_string_literals
    Feature record: CXX_FEATURE:1cxx_reference_qualified_functions
    Feature record: CXX_FEATURE:1cxx_relaxed_constexpr
    Feature record: CXX_FEATURE:1cxx_return_type_deduction
    Feature record: CXX_FEATURE:1cxx_right_angle_brackets
    Feature record: CXX_FEATURE:1cxx_rvalue_references
    Feature record: CXX_FEATURE:1cxx_sizeof_member
    Feature record: CXX_FEATURE:1cxx_static_assert
    Feature record: CXX_FEATURE:1cxx_strong_enums
    Feature record: CXX_FEATURE:1cxx_template_template_parameters
    Feature record: CXX_FEATURE:1cxx_thread_local
    Feature record: CXX_FEATURE:1cxx_trailing_return_types
    Feature record: CXX_FEATURE:1cxx_unicode_literals
    Feature record: CXX_FEATURE:1cxx_uniform_initialization
    Feature record: CXX_FEATURE:1cxx_unrestricted_unions
    Feature record: CXX_FEATURE:1cxx_user_literals
    Feature record: CXX_FEATURE:1cxx_variable_templates
    Feature record: CXX_FEATURE:1cxx_variadic_macros
    Feature record: CXX_FEATURE:1cxx_variadic_templates


Detecting CXX [-std=c++14] compiler features compiled with the following output:
Change Dir: /home/rhaye/63_MSLD_Couplings/1_T4L/1_3site/run_CouplingALF2/folded/template/dWHAMdV_mso/CMakeFiles/CMakeTmp

Run Build Command:"/usr/bin/gmake" "cmTC_284b2/fast"
/usr/bin/gmake -f CMakeFiles/cmTC_284b2.dir/build.make CMakeFiles/cmTC_284b2.dir/build
gmake[1]: Entering directory `/home/rhaye/63_MSLD_Couplings/1_T4L/1_3site/run_CouplingALF2/folded/template/dWHAMdV_mso/CMakeFiles/CMakeTmp'
Building CXX object CMakeFiles/cmTC_284b2.dir/feature_tests.cxx.o
/export/apps/CentOS7/gcc/6.4.0/bin/g++    -std=c++14 -o CMakeFiles/cmTC_284b2.dir/feature_tests.cxx.o -c /home/rhaye/63_MSLD_Couplings/1_T4L/1_3site/run_CouplingALF2/folded/template/dWHAMdV_mso/CMakeFiles/feature_tests.cxx
Linking CXX executable cmTC_284b2
/export/apps/CentOS7/cmake/3.13/bin/cmake -E cmake_link_script CMakeFiles/cmTC_284b2.dir/link.txt --verbose=1
/export/apps/CentOS7/gcc/6.4.0/bin/g++       -rdynamic CMakeFiles/cmTC_284b2.dir/feature_tests.cxx.o  -o cmTC_284b2 
gmake[1]: Leaving directory `/home/rhaye/63_MSLD_Couplings/1_T4L/1_3site/run_CouplingALF2/folded/template/dWHAMdV_mso/CMakeFiles/CMakeTmp'


    Feature record: CXX_FEATURE:1cxx_aggregate_default_initializers
    Feature record: CXX_FEATURE:1cxx_alias_templates
    Feature record: CXX_FEATURE:1cxx_alignas
    Feature record: CXX_FEATURE:1cxx_alignof
    Feature record: CXX_FEATURE:1cxx_attributes
    Feature record: CXX_FEATURE:1cxx_attribute_deprecated
    Feature record: CXX_FEATURE:1cxx_auto_type
    Feature record: CXX_FEATURE:1cxx_binary_literals
    Feature record: CXX_FEATURE:1cxx_constexpr
    Feature record: CXX_FEATURE:1cxx_contextual_conversions
    Feature record: CXX_FEATURE:1cxx_decltype
    Feature record: CXX_FEATURE:1cxx_decltype_auto
    Feature record: CXX_FEATURE:1cxx_decltype_incomplete_return_types
    Feature record: CXX_FEATURE:1cxx_default_function_template_args
    Feature record: CXX_FEATURE:1cxx_defaulted_functions
    Feature record: CXX_FEATURE:1cxx_defaulted_move_initializers
    Feature record: CXX_FEATURE:1cxx_delegating_constructors
    Feature record: CXX_FEATURE:1cxx_deleted_functions
    Feature record: CXX_FEATURE:1cxx_digit_separators
    Feature record: CXX_FEATURE:1cxx_enum_forward_declarations
    Feature record: CXX_FEATURE:1cxx_explicit_conversions
    Feature record: CXX_FEATURE:1cxx_extended_friend_declarations
    Feature record: CXX_FEATURE:1cxx_extern_templates
    Feature record: CXX_FEATURE:1cxx_final
    Feature record: CXX_FEATURE:1cxx_func_identifier
    Feature record: CXX_FEATURE:1cxx_generalized_initializers
    Feature record: CXX_FEATURE:1cxx_generic_lambdas
    Feature record: CXX_FEATURE:1cxx_inheriting_constructors
    Feature record: CXX_FEATURE:1cxx_inline_namespaces
    Feature record: CXX_FEATURE:1cxx_lambdas
    Feature record: CXX_FEATURE:1cxx_lambda_init_captures
    Feature record: CXX_FEATURE:1cxx_local_type_template_args
    Feature record: CXX_FEATURE:1cxx_long_long_type
    Feature record: CXX_FEATURE:1cxx_noexcept
    Feature record: CXX_FEATURE:1cxx_nonstatic_member_init
    Feature record: CXX_FEATURE:1cxx_nullptr
    Feature record: CXX_FEATURE:1cxx_override
    Feature record: CXX_FEATURE:1cxx_range_for
    Feature record: CXX_FEATURE:1cxx_raw_string_literals
    Feature record: CXX_FEATURE:1cxx_reference_qualified_functions
    Feature record: CXX_FEATURE:1cxx_relaxed_constexpr
    Feature record: CXX_FEATURE:1cxx_return_type_deduction
    Feature record: CXX_FEATURE:1cxx_right_angle_brackets
    Feature record: CXX_FEATURE:1cxx_rvalue_references
    Feature record: CXX_FEATURE:1cxx_sizeof_member
    Feature record: CXX_FEATURE:1cxx_static_assert
    Feature record: CXX_FEATURE:1cxx_strong_enums
    Feature record: CXX_FEATURE:1cxx_template_template_parameters
    Feature record: CXX_FEATURE:1cxx_thread_local
    Feature record: CXX_FEATURE:1cxx_trailing_return_types
    Feature record: CXX_FEATURE:1cxx_unicode_literals
    Feature record: CXX_FEATURE:1cxx_uniform_initialization
    Feature record: CXX_FEATURE:1cxx_unrestricted_unions
    Feature record: CXX_FEATURE:1cxx_user_literals
    Feature record: CXX_FEATURE:1cxx_variable_templates
    Feature record: CXX_FEATURE:1cxx_variadic_macros
    Feature record: CXX_FEATURE:1cxx_variadic_templates


Detecting CXX [-std=c++11] compiler features compiled with the following output:
Change Dir: /home/rhaye/63_MSLD_Couplings/1_T4L/1_3site/run_CouplingALF2/folded/template/dWHAMdV_mso/CMakeFiles/CMakeTmp

Run Build Command:"/usr/bin/gmake" "cmTC_8c8d7/fast"
/usr/bin/gmake -f CMakeFiles/cmTC_8c8d7.dir/build.make CMakeFiles/cmTC_8c8d7.dir/build
gmake[1]: Entering directory `/home/rhaye/63_MSLD_Couplings/1_T4L/1_3site/run_CouplingALF2/folded/template/dWHAMdV_mso/CMakeFiles/CMakeTmp'
Building CXX object CMakeFiles/cmTC_8c8d7.dir/feature_tests.cxx.o
/export/apps/CentOS7/gcc/6.4.0/bin/g++    -std=c++11 -o CMakeFiles/cmTC_8c8d7.dir/feature_tests.cxx.o -c /home/rhaye/63_MSLD_Couplings/1_T4L/1_3site/run_CouplingALF2/folded/template/dWHAMdV_mso/CMakeFiles/feature_tests.cxx
Linking CXX executable cmTC_8c8d7
/export/apps/CentOS7/cmake/3.13/bin/cmake -E cmake_link_script CMakeFiles/cmTC_8c8d7.dir/link.txt --verbose=1
/export/apps/CentOS7/gcc/6.4.0/bin/g++       -rdynamic CMakeFiles/cmTC_8c8d7.dir/feature_tests.cxx.o  -o cmTC_8c8d7 
gmake[1]: Leaving directory `/home/rhaye/63_MSLD_Couplings/1_T4L/1_3site/run_CouplingALF2/folded/template/dWHAMdV_mso/CMakeFiles/CMakeTmp'


    Feature record: CXX_FEATURE:0cxx_aggregate_default_initializers
    Feature record: CXX_FEATURE:1cxx_alias_templates
    Feature record: CXX_FEATURE:1cxx_alignas
    Feature record: CXX_FEATURE:1cxx_alignof
    Feature record: CXX_FEATURE:1cxx_attributes
    Feature record: CXX_FEATURE:0cxx_attribute_deprecated
    Feature record: CXX_FEATURE:1cxx_auto_type
    Feature record: CXX_FEATURE:0cxx_binary_literals
    Feature record: CXX_FEATURE:1cxx_constexpr
    Feature record: CXX_FEATURE:0cxx_contextual_conversions
    Feature record: CXX_FEATURE:1cxx_decltype
    Feature record: CXX_FEATURE:0cxx_decltype_auto
    Feature record: CXX_FEATURE:1cxx_decltype_incomplete_return_types
    Feature record: CXX_FEATURE:1cxx_default_function_template_args
    Feature record: CXX_FEATURE:1cxx_defaulted_functions
    Feature record: CXX_FEATURE:1cxx_defaulted_move_initializers
    Feature record: CXX_FEATURE:1cxx_delegating_constructors
    Feature record: CXX_FEATURE:1cxx_deleted_functions
    Feature record: CXX_FEATURE:0cxx_digit_separators
    Feature record: CXX_FEATURE:1cxx_enum_forward_declarations
    Feature record: CXX_FEATURE:1cxx_explicit_conversions
    Feature record: CXX_FEATURE:1cxx_extended_friend_declarations
    Feature record: CXX_FEATURE:1cxx_extern_templates
    Feature record: CXX_FEATURE:1cxx_final
    Feature record: CXX_FEATURE:1cxx_func_identifier
    Feature record: CXX_FEATURE:1cxx_generalized_initializers
    Feature record: CXX_FEATURE:0cxx_generic_lambdas
    Feature record: CXX_FEATURE:1cxx_inheriting_constructors
    Feature record: CXX_FEATURE:1cxx_inline_namespaces
    Feature record: CXX_FEATURE:1cxx_lambdas
    Feature record: CXX_FEATURE:0cxx_lambda_init_captures
    Feature record: CXX_FEATURE:1cxx_local_type_template_args
    Feature record: CXX_FEATURE:1cxx_long_long_type
    Feature record: CXX_FEATURE:1cxx_noexcept
    Feature record: CXX_FEATURE:1cxx_nonstatic_member_init
    Feature record: CXX_FEATURE:1cxx_nullptr
    Feature record: CXX_FEATURE:1cxx_override
    Feature record: CXX_FEATURE:1cxx_range_for
    Feature record: CXX_FEATURE:1cxx_raw_string_literals
    Feature record: CXX_FEATURE:1cxx_reference_qualified_functions
    Feature record: CXX_FEATURE:0cxx_relaxed_constexpr
    Feature record: CXX_FEATURE:0cxx_return_type_deduction
    Feature record: CXX_FEATURE:1cxx_right_angle_brackets
    Feature record: CXX_FEATURE:1cxx_rvalue_references
    Feature record: CXX_FEATURE:1cxx_sizeof_member
    Feature record: CXX_FEATURE:1cxx_static_assert
    Feature record: CXX_FEATURE:1cxx_strong_enums
    Feature record: CXX_FEATURE:1cxx_template_template_parameters
    Feature record: CXX_FEATURE:1cxx_thread_local
    Feature record: CXX_FEATURE:1cxx_trailing_return_types
    Feature record: CXX_FEATURE:1cxx_unicode_literals
    Feature record: CXX_FEATURE:1cxx_uniform_initialization
    Feature record: CXX_FEATURE:1cxx_unrestricted_unions
    Feature record: CXX_FEATURE:1cxx_user_literals
    Feature record: CXX_FEATURE:0cxx_variable_templates
    Feature record: CXX_FEATURE:1cxx_variadic_macros
    Feature record: CXX_FEATURE:1cxx_variadic_templates


Detecting CXX [-std=c++98] compiler features compiled with the following output:
Change Dir: /home/rhaye/63_MSLD_Couplings/1_T4L/1_3site/run_CouplingALF2/folded/template/dWHAMdV_mso/CMakeFiles/CMakeTmp

Run Build Command:"/usr/bin/gmake" "cmTC_7227c/fast"
/usr/bin/gmake -f CMakeFiles/cmTC_7227c.dir/build.make CMakeFiles/cmTC_7227c.dir/build
gmake[1]: Entering directory `/home/rhaye/63_MSLD_Couplings/1_T4L/1_3site/run_CouplingALF2/folded/template/dWHAMdV_mso/CMakeFiles/CMakeTmp'
Building CXX object CMakeFiles/cmTC_7227c.dir/feature_tests.cxx.o
/export/apps/CentOS7/gcc/6.4.0/bin/g++    -std=c++98 -o CMakeFiles/cmTC_7227c.dir/feature_tests.cxx.o -c /home/rhaye/63_MSLD_Couplings/1_T4L/1_3site/run_CouplingALF2/folded/template/dWHAMdV_mso/CMakeFiles/feature_tests.cxx
Linking CXX executable cmTC_7227c
/export/apps/CentOS7/cmake/3.13/bin/cmake -E cmake_link_script CMakeFiles/cmTC_7227c.dir/link.txt --verbose=1
/export/apps/CentOS7/gcc/6.4.0/bin/g++       -rdynamic CMakeFiles/cmTC_7227c.dir/feature_tests.cxx.o  -o cmTC_7227c 
gmake[1]: Leaving directory `/home/rhaye/63_MSLD_Couplings/1_T4L/1_3site/run_CouplingALF2/folded/template/dWHAMdV_mso/CMakeFiles/CMakeTmp'


    Feature record: CXX_FEATURE:0cxx_aggregate_default_initializers
    Feature record: CXX_FEATURE:0cxx_alias_templates
    Feature record: CXX_FEATURE:0cxx_alignas
    Feature record: CXX_FEATURE:0cxx_alignof
    Feature record: CXX_FEATURE:0cxx_attributes
    Feature record: CXX_FEATURE:0cxx_attribute_deprecated
    Feature record: CXX_FEATURE:0cxx_auto_type
    Feature record: CXX_FEATURE:0cxx_binary_literals
    Feature record: CXX_FEATURE:0cxx_constexpr
    Feature record: CXX_FEATURE:0cxx_contextual_conversions
    Feature record: CXX_FEATURE:0cxx_decltype
    Feature record: CXX_FEATURE:0cxx_decltype_auto
    Feature record: CXX_FEATURE:0cxx_decltype_incomplete_return_types
    Feature record: CXX_FEATURE:0cxx_default_function_template_args
    Feature record: CXX_FEATURE:0cxx_defaulted_functions
    Feature record: CXX_FEATURE:0cxx_defaulted_move_initializers
    Feature record: CXX_FEATURE:0cxx_delegating_constructors
    Feature record: CXX_FEATURE:0cxx_deleted_functions
    Feature record: CXX_FEATURE:0cxx_digit_separators
    Feature record: CXX_FEATURE:0cxx_enum_forward_declarations
    Feature record: CXX_FEATURE:0cxx_explicit_conversions
    Feature record: CXX_FEATURE:0cxx_extended_friend_declarations
    Feature record: CXX_FEATURE:0cxx_extern_templates
    Feature record: CXX_FEATURE:0cxx_final
    Feature record: CXX_FEATURE:0cxx_func_identifier
    Feature record: CXX_FEATURE:0cxx_generalized_initializers
    Feature record: CXX_FEATURE:0cxx_generic_lambdas
    Feature record: CXX_FEATURE:0cxx_inheriting_constructors
    Feature record: CXX_FEATURE:0cxx_inline_namespaces
    Feature record: CXX_FEATURE:0cxx_lambdas
    Feature record: CXX_FEATURE:0cxx_lambda_init_captures
    Feature record: CXX_FEATURE:0cxx_local_type_template_args
    Feature record: CXX_FEATURE:0cxx_long_long_type
    Feature record: CXX_FEATURE:0cxx_noexcept
    Feature record: CXX_FEATURE:0cxx_nonstatic_member_init
    Feature record: CXX_FEATURE:0cxx_nullptr
    Feature record: CXX_FEATURE:0cxx_override
    Feature record: CXX_FEATURE:0cxx_range_for
    Feature record: CXX_FEATURE:0cxx_raw_string_literals
    Feature record: CXX_FEATURE:0cxx_reference_qualified_functions
    Feature record: CXX_FEATURE:0cxx_relaxed_constexpr
    Feature record: CXX_FEATURE:0cxx_return_type_deduction
    Feature record: CXX_FEATURE:0cxx_right_angle_brackets
    Feature record: CXX_FEATURE:0cxx_rvalue_references
    Feature record: CXX_FEATURE:0cxx_sizeof_member
    Feature record: CXX_FEATURE:0cxx_static_assert
    Feature record: CXX_FEATURE:0cxx_strong_enums
    Feature record: CXX_FEATURE:1cxx_template_template_parameters
    Feature record: CXX_FEATURE:0cxx_thread_local
    Feature record: CXX_FEATURE:0cxx_trailing_return_types
    Feature record: CXX_FEATURE:0cxx_unicode_literals
    Feature record: CXX_FEATURE:0cxx_uniform_initialization
    Feature record: CXX_FEATURE:0cxx_unrestricted_unions
    Feature record: CXX_FEATURE:0cxx_user_literals
    Feature record: CXX_FEATURE:0cxx_variable_templates
    Feature record: CXX_FEATURE:0cxx_variadic_macros
    Feature record: CXX_FEATURE:0cxx_variadic_templates
Determining if the include file pthread.h exists passed with the following output:
Change Dir: /home/rhaye/63_MSLD_Couplings/1_T4L/1_3site/run_CouplingALF2/folded/template/dWHAMdV_mso/CMakeFiles/CMakeTmp

Run Build Command:"/usr/bin/gmake" "cmTC_05650/fast"
/usr/bin/gmake -f CMakeFiles/cmTC_05650.dir/build.make CMakeFiles/cmTC_05650.dir/build
gmake[1]: Entering directory `/home/rhaye/63_MSLD_Couplings/1_T4L/1_3site/run_CouplingALF2/folded/template/dWHAMdV_mso/CMakeFiles/CMakeTmp'
Building C object CMakeFiles/cmTC_05650.dir/CheckIncludeFile.c.o
/export/apps/CentOS7/gcc/6.4.0/bin/gcc   -fPIC    -o CMakeFiles/cmTC_05650.dir/CheckIncludeFile.c.o   -c /home/rhaye/63_MSLD_Couplings/1_T4L/1_3site/run_CouplingALF2/folded/template/dWHAMdV_mso/CMakeFiles/CMakeTmp/CheckIncludeFile.c
Linking C executable cmTC_05650
/export/apps/CentOS7/cmake/3.13/bin/cmake -E cmake_link_script CMakeFiles/cmTC_05650.dir/link.txt --verbose=1
/export/apps/CentOS7/gcc/6.4.0/bin/gcc -fPIC     -rdynamic CMakeFiles/cmTC_05650.dir/CheckIncludeFile.c.o  -o cmTC_05650 
gmake[1]: Leaving directory `/home/rhaye/63_MSLD_Couplings/1_T4L/1_3site/run_CouplingALF2/folded/template/dWHAMdV_mso/CMakeFiles/CMakeTmp'


Determining if the function pthread_create exists in the pthread passed with the following output:
Change Dir: /home/rhaye/63_MSLD_Couplings/1_T4L/1_3site/run_CouplingALF2/folded/template/dWHAMdV_mso/CMakeFiles/CMakeTmp

Run Build Command:"/usr/bin/gmake" "cmTC_bb988/fast"
/usr/bin/gmake -f CMakeFiles/cmTC_bb988.dir/build.make CMakeFiles/cmTC_bb988.dir/build
gmake[1]: Entering directory `/home/rhaye/63_MSLD_Couplings/1_T4L/1_3site/run_CouplingALF2/folded/template/dWHAMdV_mso/CMakeFiles/CMakeTmp'
Building C object CMakeFiles/cmTC_bb988.dir/CheckFunctionExists.c.o
/export/apps/CentOS7/gcc/6.4.0/bin/gcc   -fPIC -DCHECK_FUNCTION_EXISTS=pthread_create   -o CMakeFiles/cmTC_bb988.dir/CheckFunctionExists.c.o   -c /export/apps/CentOS7/cmake/3.13/share/cmake-3.13/Modules/CheckFunctionExists.c
Linking C executable cmTC_bb988
/export/apps/CentOS7/cmake/3.13/bin/cmake -E cmake_link_script CMakeFiles/cmTC_bb988.dir/link.txt --verbose=1
/export/apps/CentOS7/gcc/6.4.0/bin/gcc -fPIC -DCHECK_FUNCTION_EXISTS=pthread_create    -rdynamic CMakeFiles/cmTC_bb988.dir/CheckFunctionExists.c.o  -o cmTC_bb988 -lpthread 
gmake[1]: Leaving directory `/home/rhaye/63_MSLD_Couplings/1_T4L/1_3site/run_CouplingALF2/folded/template/dWHAMdV_mso/CMakeFiles/CMakeTmp'


